ERROR - 2023-04-29 07:33:37 --> Error connecting to the database: Connection timed out
CRITICAL - 2023-04-29 07:33:37 --> Unable to connect to the database.
Main connection [MySQLi]: Connection timed out
#0 /home/megadri2/public_html/system/Database/BaseConnection.php(577): CodeIgniter\Database\BaseConnection->initialize()
#1 /home/megadri2/public_html/app/Config/Settings.php(17): CodeIgniter\Database\BaseConnection->query('SELECT * FROM s...')
#2 /home/megadri2/public_html/system/Config/Factories.php(110): App\Config\Settings->__construct()
#3 /home/megadri2/public_html/system/Common.php(198): CodeIgniter\Config\Factories::__callStatic('config', Array)
#4 /home/megadri2/public_html/app/Helpers/config_helper.php(8): config('Settings')
#5 /home/megadri2/public_html/app/Helpers/config_helper.php(65): get_config('embed_slug')
#6 /home/megadri2/public_html/app/Config/Routes.php(115): embed_slug()
#7 /home/megadri2/public_html/system/CodeIgniter.php(711): require('/home/megadri2/...')
#8 /home/megadri2/public_html/system/CodeIgniter.php(361): CodeIgniter\CodeIgniter->tryToRouteIt(Object(CodeIgniter\Router\RouteCollection))
#9 /home/megadri2/public_html/system/CodeIgniter.php(320): CodeIgniter\CodeIgniter->handleRequest(NULL, Object(Config\Cache), false)
#10 /home/megadri2/public_html/public/index.php(45): CodeIgniter\CodeIgniter->run()
#11 {main}
CRITICAL - 2023-04-29 22:59:26 --> Your zlib.output_compression ini directive is turned on. This will not work well with output buffers.
#0 /home/megadri2/aoseugosto.eu.org/app/Config/Events.php(28): CodeIgniter\Exceptions\FrameworkException::forEnabledZlibOutputCompression()
#1 /home/megadri2/aoseugosto.eu.org/system/Events/Events.php(149): CodeIgniter\Events\Events::Config\{closure}()
#2 /home/megadri2/aoseugosto.eu.org/system/CodeIgniter.php(302): CodeIgniter\Events\Events::trigger('pre_system')
#3 /home/megadri2/aoseugosto.eu.org/public/index.php(45): CodeIgniter\CodeIgniter->run()
#4 {main}
ERROR - 2023-04-29 23:00:56 --> Table 'megadri2_video.settings' doesn't exist
CRITICAL - 2023-04-29 23:00:56 --> Call to a member function getResultArray() on bool
#0 /home/megadri2/aoseugosto.eu.org/system/Config/Factories.php(110): App\Config\Settings->__construct()
#1 /home/megadri2/aoseugosto.eu.org/system/Common.php(198): CodeIgniter\Config\Factories::__callStatic('config', Array)
#2 /home/megadri2/aoseugosto.eu.org/app/Helpers/config_helper.php(8): config('Settings')
#3 /home/megadri2/aoseugosto.eu.org/app/Helpers/config_helper.php(65): get_config('embed_slug')
#4 /home/megadri2/aoseugosto.eu.org/app/Config/Routes.php(115): embed_slug()
#5 /home/megadri2/aoseugosto.eu.org/system/CodeIgniter.php(711): require('/home/megadri2/...')
#6 /home/megadri2/aoseugosto.eu.org/system/CodeIgniter.php(361): CodeIgniter\CodeIgniter->tryToRouteIt(Object(CodeIgniter\Router\RouteCollection))
#7 /home/megadri2/aoseugosto.eu.org/system/CodeIgniter.php(320): CodeIgniter\CodeIgniter->handleRequest(NULL, Object(Config\Cache), false)
#8 /home/megadri2/aoseugosto.eu.org/public/index.php(45): CodeIgniter\CodeIgniter->run()
#9 {main}
ERROR - 2023-04-29 23:01:14 --> Table 'megadri2_video.settings' doesn't exist
CRITICAL - 2023-04-29 23:01:14 --> Call to a member function getResultArray() on bool
#0 /home/megadri2/aoseugosto.eu.org/system/Config/Factories.php(110): App\Config\Settings->__construct()
#1 /home/megadri2/aoseugosto.eu.org/system/Common.php(198): CodeIgniter\Config\Factories::__callStatic('config', Array)
#2 /home/megadri2/aoseugosto.eu.org/app/Helpers/config_helper.php(8): config('Settings')
#3 /home/megadri2/aoseugosto.eu.org/app/Helpers/config_helper.php(65): get_config('embed_slug')
#4 /home/megadri2/aoseugosto.eu.org/app/Config/Routes.php(115): embed_slug()
#5 /home/megadri2/aoseugosto.eu.org/system/CodeIgniter.php(711): require('/home/megadri2/...')
#6 /home/megadri2/aoseugosto.eu.org/system/CodeIgniter.php(361): CodeIgniter\CodeIgniter->tryToRouteIt(Object(CodeIgniter\Router\RouteCollection))
#7 /home/megadri2/aoseugosto.eu.org/system/CodeIgniter.php(320): CodeIgniter\CodeIgniter->handleRequest(NULL, Object(Config\Cache), false)
#8 /home/megadri2/aoseugosto.eu.org/public/index.php(45): CodeIgniter\CodeIgniter->run()
#9 {main}
ERROR - 2023-04-29 23:01:16 --> Table 'megadri2_video.settings' doesn't exist
CRITICAL - 2023-04-29 23:01:16 --> Call to a member function getResultArray() on bool
#0 /home/megadri2/aoseugosto.eu.org/system/Config/Factories.php(110): App\Config\Settings->__construct()
#1 /home/megadri2/aoseugosto.eu.org/system/Common.php(198): CodeIgniter\Config\Factories::__callStatic('config', Array)
#2 /home/megadri2/aoseugosto.eu.org/app/Helpers/config_helper.php(8): config('Settings')
#3 /home/megadri2/aoseugosto.eu.org/app/Helpers/config_helper.php(65): get_config('embed_slug')
#4 /home/megadri2/aoseugosto.eu.org/app/Config/Routes.php(115): embed_slug()
#5 /home/megadri2/aoseugosto.eu.org/system/CodeIgniter.php(711): require('/home/megadri2/...')
#6 /home/megadri2/aoseugosto.eu.org/system/CodeIgniter.php(361): CodeIgniter\CodeIgniter->tryToRouteIt(Object(CodeIgniter\Router\RouteCollection))
#7 /home/megadri2/aoseugosto.eu.org/system/CodeIgniter.php(320): CodeIgniter\CodeIgniter->handleRequest(NULL, Object(Config\Cache), false)
#8 /home/megadri2/aoseugosto.eu.org/public/index.php(45): CodeIgniter\CodeIgniter->run()
#9 {main}
CRITICAL - 2023-04-29 23:01:51 --> Your zlib.output_compression ini directive is turned on. This will not work well with output buffers.
#0 /home/megadri2/aoseugosto.eu.org/app/Config/Events.php(28): CodeIgniter\Exceptions\FrameworkException::forEnabledZlibOutputCompression()
#1 /home/megadri2/aoseugosto.eu.org/system/Events/Events.php(149): CodeIgniter\Events\Events::Config\{closure}()
#2 /home/megadri2/aoseugosto.eu.org/system/CodeIgniter.php(302): CodeIgniter\Events\Events::trigger('pre_system')
#3 /home/megadri2/aoseugosto.eu.org/public/index.php(45): CodeIgniter\CodeIgniter->run()
#4 {main}
CRITICAL - 2023-04-29 23:01:51 --> Your zlib.output_compression ini directive is turned on. This will not work well with output buffers.
#0 /home/megadri2/aoseugosto.eu.org/app/Config/Events.php(28): CodeIgniter\Exceptions\FrameworkException::forEnabledZlibOutputCompression()
#1 /home/megadri2/aoseugosto.eu.org/system/Events/Events.php(149): CodeIgniter\Events\Events::Config\{closure}()
#2 /home/megadri2/aoseugosto.eu.org/system/CodeIgniter.php(302): CodeIgniter\Events\Events::trigger('pre_system')
#3 /home/megadri2/aoseugosto.eu.org/public/index.php(45): CodeIgniter\CodeIgniter->run()
#4 {main}
CRITICAL - 2023-04-29 23:01:52 --> Your zlib.output_compression ini directive is turned on. This will not work well with output buffers.
#0 /home/megadri2/aoseugosto.eu.org/app/Config/Events.php(28): CodeIgniter\Exceptions\FrameworkException::forEnabledZlibOutputCompression()
#1 /home/megadri2/aoseugosto.eu.org/system/Events/Events.php(149): CodeIgniter\Events\Events::Config\{closure}()
#2 /home/megadri2/aoseugosto.eu.org/system/CodeIgniter.php(302): CodeIgniter\Events\Events::trigger('pre_system')
#3 /home/megadri2/aoseugosto.eu.org/public/index.php(45): CodeIgniter\CodeIgniter->run()
#4 {main}
CRITICAL - 2023-04-29 23:02:55 --> Your zlib.output_compression ini directive is turned on. This will not work well with output buffers.
#0 /home/megadri2/aoseugosto.eu.org/app/Config/Events.php(28): CodeIgniter\Exceptions\FrameworkException::forEnabledZlibOutputCompression()
#1 /home/megadri2/aoseugosto.eu.org/system/Events/Events.php(149): CodeIgniter\Events\Events::Config\{closure}()
#2 /home/megadri2/aoseugosto.eu.org/system/CodeIgniter.php(302): CodeIgniter\Events\Events::trigger('pre_system')
#3 /home/megadri2/aoseugosto.eu.org/public/index.php(45): CodeIgniter\CodeIgniter->run()
#4 {main}
CRITICAL - 2023-04-29 23:02:57 --> Your zlib.output_compression ini directive is turned on. This will not work well with output buffers.
#0 /home/megadri2/aoseugosto.eu.org/app/Config/Events.php(28): CodeIgniter\Exceptions\FrameworkException::forEnabledZlibOutputCompression()
#1 /home/megadri2/aoseugosto.eu.org/system/Events/Events.php(149): CodeIgniter\Events\Events::Config\{closure}()
#2 /home/megadri2/aoseugosto.eu.org/system/CodeIgniter.php(302): CodeIgniter\Events\Events::trigger('pre_system')
#3 /home/megadri2/aoseugosto.eu.org/public/index.php(45): CodeIgniter\CodeIgniter->run()
#4 {main}
CRITICAL - 2023-04-29 23:03:29 --> Your zlib.output_compression ini directive is turned on. This will not work well with output buffers.
#0 /home/megadri2/aoseugosto.eu.org/app/Config/Events.php(28): CodeIgniter\Exceptions\FrameworkException::forEnabledZlibOutputCompression()
#1 /home/megadri2/aoseugosto.eu.org/system/Events/Events.php(149): CodeIgniter\Events\Events::Config\{closure}()
#2 /home/megadri2/aoseugosto.eu.org/system/CodeIgniter.php(302): CodeIgniter\Events\Events::trigger('pre_system')
#3 /home/megadri2/aoseugosto.eu.org/public/index.php(45): CodeIgniter\CodeIgniter->run()
#4 {main}
CRITICAL - 2023-04-29 23:03:30 --> Your zlib.output_compression ini directive is turned on. This will not work well with output buffers.
#0 /home/megadri2/aoseugosto.eu.org/app/Config/Events.php(28): CodeIgniter\Exceptions\FrameworkException::forEnabledZlibOutputCompression()
#1 /home/megadri2/aoseugosto.eu.org/system/Events/Events.php(149): CodeIgniter\Events\Events::Config\{closure}()
#2 /home/megadri2/aoseugosto.eu.org/system/CodeIgniter.php(302): CodeIgniter\Events\Events::trigger('pre_system')
#3 /home/megadri2/aoseugosto.eu.org/public/index.php(45): CodeIgniter\CodeIgniter->run()
#4 {main}
CRITICAL - 2023-04-29 23:04:24 --> Your zlib.output_compression ini directive is turned on. This will not work well with output buffers.
#0 /home/megadri2/aoseugosto.eu.org/app/Config/Events.php(28): CodeIgniter\Exceptions\FrameworkException::forEnabledZlibOutputCompression()
#1 /home/megadri2/aoseugosto.eu.org/system/Events/Events.php(149): CodeIgniter\Events\Events::Config\{closure}()
#2 /home/megadri2/aoseugosto.eu.org/system/CodeIgniter.php(302): CodeIgniter\Events\Events::trigger('pre_system')
#3 /home/megadri2/aoseugosto.eu.org/public/index.php(45): CodeIgniter\CodeIgniter->run()
#4 {main}
CRITICAL - 2023-04-29 23:04:25 --> Your zlib.output_compression ini directive is turned on. This will not work well with output buffers.
#0 /home/megadri2/aoseugosto.eu.org/app/Config/Events.php(28): CodeIgniter\Exceptions\FrameworkException::forEnabledZlibOutputCompression()
#1 /home/megadri2/aoseugosto.eu.org/system/Events/Events.php(149): CodeIgniter\Events\Events::Config\{closure}()
#2 /home/megadri2/aoseugosto.eu.org/system/CodeIgniter.php(302): CodeIgniter\Events\Events::trigger('pre_system')
#3 /home/megadri2/aoseugosto.eu.org/public/index.php(45): CodeIgniter\CodeIgniter->run()
#4 {main}
CRITICAL - 2023-04-29 23:07:15 --> Your zlib.output_compression ini directive is turned on. This will not work well with output buffers.
#0 /home/megadri2/aoseugosto.eu.org/app/Config/Events.php(28): CodeIgniter\Exceptions\FrameworkException::forEnabledZlibOutputCompression()
#1 /home/megadri2/aoseugosto.eu.org/system/Events/Events.php(149): CodeIgniter\Events\Events::Config\{closure}()
#2 /home/megadri2/aoseugosto.eu.org/system/CodeIgniter.php(302): CodeIgniter\Events\Events::trigger('pre_system')
#3 /home/megadri2/aoseugosto.eu.org/public/index.php(45): CodeIgniter\CodeIgniter->run()
#4 {main}
CRITICAL - 2023-04-29 23:07:15 --> Your zlib.output_compression ini directive is turned on. This will not work well with output buffers.
#0 /home/megadri2/aoseugosto.eu.org/app/Config/Events.php(28): CodeIgniter\Exceptions\FrameworkException::forEnabledZlibOutputCompression()
#1 /home/megadri2/aoseugosto.eu.org/system/Events/Events.php(149): CodeIgniter\Events\Events::Config\{closure}()
#2 /home/megadri2/aoseugosto.eu.org/system/CodeIgniter.php(302): CodeIgniter\Events\Events::trigger('pre_system')
#3 /home/megadri2/aoseugosto.eu.org/public/index.php(45): CodeIgniter\CodeIgniter->run()
#4 {main}
CRITICAL - 2023-04-29 23:07:16 --> Your zlib.output_compression ini directive is turned on. This will not work well with output buffers.
#0 /home/megadri2/aoseugosto.eu.org/app/Config/Events.php(28): CodeIgniter\Exceptions\FrameworkException::forEnabledZlibOutputCompression()
#1 /home/megadri2/aoseugosto.eu.org/system/Events/Events.php(149): CodeIgniter\Events\Events::Config\{closure}()
#2 /home/megadri2/aoseugosto.eu.org/system/CodeIgniter.php(302): CodeIgniter\Events\Events::trigger('pre_system')
#3 /home/megadri2/aoseugosto.eu.org/public/index.php(45): CodeIgniter\CodeIgniter->run()
#4 {main}
CRITICAL - 2023-04-29 23:07:19 --> Your zlib.output_compression ini directive is turned on. This will not work well with output buffers.
#0 /home/megadri2/aoseugosto.eu.org/app/Config/Events.php(28): CodeIgniter\Exceptions\FrameworkException::forEnabledZlibOutputCompression()
#1 /home/megadri2/aoseugosto.eu.org/system/Events/Events.php(149): CodeIgniter\Events\Events::Config\{closure}()
#2 /home/megadri2/aoseugosto.eu.org/system/CodeIgniter.php(302): CodeIgniter\Events\Events::trigger('pre_system')
#3 /home/megadri2/aoseugosto.eu.org/public/index.php(45): CodeIgniter\CodeIgniter->run()
#4 {main}
CRITICAL - 2023-04-29 23:07:54 --> Your zlib.output_compression ini directive is turned on. This will not work well with output buffers.
#0 /home/megadri2/aoseugosto.eu.org/app/Config/Events.php(28): CodeIgniter\Exceptions\FrameworkException::forEnabledZlibOutputCompression()
#1 /home/megadri2/aoseugosto.eu.org/system/Events/Events.php(149): CodeIgniter\Events\Events::Config\{closure}()
#2 /home/megadri2/aoseugosto.eu.org/system/CodeIgniter.php(302): CodeIgniter\Events\Events::trigger('pre_system')
#3 /home/megadri2/aoseugosto.eu.org/public/index.php(45): CodeIgniter\CodeIgniter->run()
#4 {main}
ERROR - 2023-04-29 23:09:22 --> Table 'megadri2_video.settings' doesn't exist
CRITICAL - 2023-04-29 23:09:22 --> Call to a member function getResultArray() on bool
#0 /home/megadri2/aoseugosto.eu.org/system/Config/Factories.php(110): App\Config\Settings->__construct()
#1 /home/megadri2/aoseugosto.eu.org/system/Common.php(198): CodeIgniter\Config\Factories::__callStatic('config', Array)
#2 /home/megadri2/aoseugosto.eu.org/app/Helpers/config_helper.php(8): config('Settings')
#3 /home/megadri2/aoseugosto.eu.org/app/Helpers/config_helper.php(65): get_config('embed_slug')
#4 /home/megadri2/aoseugosto.eu.org/app/Config/Routes.php(115): embed_slug()
#5 /home/megadri2/aoseugosto.eu.org/system/CodeIgniter.php(711): require('/home/megadri2/...')
#6 /home/megadri2/aoseugosto.eu.org/system/CodeIgniter.php(361): CodeIgniter\CodeIgniter->tryToRouteIt(Object(CodeIgniter\Router\RouteCollection))
#7 /home/megadri2/aoseugosto.eu.org/system/CodeIgniter.php(320): CodeIgniter\CodeIgniter->handleRequest(NULL, Object(Config\Cache), false)
#8 /home/megadri2/aoseugosto.eu.org/public/index.php(45): CodeIgniter\CodeIgniter->run()
#9 {main}
