ERROR - 2023-08-23 08:08:19 --> Table 'nobrefli_vipembed.settings' doesn't exist
CRITICAL - 2023-08-23 08:08:19 --> Call to a member function getResultArray() on bool
#0 /home/nobrefli/aoseugosto.eu.org/system/Config/Factories.php(110): App\Config\Settings->__construct()
#1 /home/nobrefli/aoseugosto.eu.org/system/Common.php(198): CodeIgniter\Config\Factories::__callStatic('config', Array)
#2 /home/nobrefli/aoseugosto.eu.org/app/Helpers/config_helper.php(8): config('Settings')
#3 /home/nobrefli/aoseugosto.eu.org/app/Helpers/config_helper.php(65): get_config('embed_slug')
#4 /home/nobrefli/aoseugosto.eu.org/app/Config/Routes.php(115): embed_slug()
#5 /home/nobrefli/aoseugosto.eu.org/system/CodeIgniter.php(711): require('/home/nobrefli/...')
#6 /home/nobrefli/aoseugosto.eu.org/system/CodeIgniter.php(361): CodeIgniter\CodeIgniter->tryToRouteIt(Object(CodeIgniter\Router\RouteCollection))
#7 /home/nobrefli/aoseugosto.eu.org/system/CodeIgniter.php(320): CodeIgniter\CodeIgniter->handleRequest(NULL, Object(Config\Cache), false)
#8 /home/nobrefli/aoseugosto.eu.org/public/index.php(45): CodeIgniter\CodeIgniter->run()
#9 {main}
ERROR - 2023-08-23 08:08:20 --> Table 'nobrefli_vipembed.settings' doesn't exist
CRITICAL - 2023-08-23 08:08:20 --> Call to a member function getResultArray() on bool
#0 /home/nobrefli/aoseugosto.eu.org/system/Config/Factories.php(110): App\Config\Settings->__construct()
#1 /home/nobrefli/aoseugosto.eu.org/system/Common.php(198): CodeIgniter\Config\Factories::__callStatic('config', Array)
#2 /home/nobrefli/aoseugosto.eu.org/app/Helpers/config_helper.php(8): config('Settings')
#3 /home/nobrefli/aoseugosto.eu.org/app/Helpers/config_helper.php(65): get_config('embed_slug')
#4 /home/nobrefli/aoseugosto.eu.org/app/Config/Routes.php(115): embed_slug()
#5 /home/nobrefli/aoseugosto.eu.org/system/CodeIgniter.php(711): require('/home/nobrefli/...')
#6 /home/nobrefli/aoseugosto.eu.org/system/CodeIgniter.php(361): CodeIgniter\CodeIgniter->tryToRouteIt(Object(CodeIgniter\Router\RouteCollection))
#7 /home/nobrefli/aoseugosto.eu.org/system/CodeIgniter.php(320): CodeIgniter\CodeIgniter->handleRequest(NULL, Object(Config\Cache), false)
#8 /home/nobrefli/aoseugosto.eu.org/public/index.php(45): CodeIgniter\CodeIgniter->run()
#9 {main}
ERROR - 2023-08-23 08:08:36 --> Table 'nobrefli_vipembed.settings' doesn't exist
CRITICAL - 2023-08-23 08:08:36 --> Call to a member function getResultArray() on bool
#0 /home/nobrefli/aoseugosto.eu.org/system/Config/Factories.php(110): App\Config\Settings->__construct()
#1 /home/nobrefli/aoseugosto.eu.org/system/Common.php(198): CodeIgniter\Config\Factories::__callStatic('config', Array)
#2 /home/nobrefli/aoseugosto.eu.org/app/Helpers/config_helper.php(8): config('Settings')
#3 /home/nobrefli/aoseugosto.eu.org/app/Helpers/config_helper.php(65): get_config('embed_slug')
#4 /home/nobrefli/aoseugosto.eu.org/app/Config/Routes.php(115): embed_slug()
#5 /home/nobrefli/aoseugosto.eu.org/system/CodeIgniter.php(711): require('/home/nobrefli/...')
#6 /home/nobrefli/aoseugosto.eu.org/system/CodeIgniter.php(361): CodeIgniter\CodeIgniter->tryToRouteIt(Object(CodeIgniter\Router\RouteCollection))
#7 /home/nobrefli/aoseugosto.eu.org/system/CodeIgniter.php(320): CodeIgniter\CodeIgniter->handleRequest(NULL, Object(Config\Cache), false)
#8 /home/nobrefli/aoseugosto.eu.org/public/index.php(45): CodeIgniter\CodeIgniter->run()
#9 {main}
ERROR - 2023-08-23 08:11:47 --> Table 'nobrefli_vipembed.settings' doesn't exist
CRITICAL - 2023-08-23 08:11:47 --> Call to a member function getResultArray() on bool
#0 /home/nobrefli/aoseugosto.eu.org/system/Config/Factories.php(110): App\Config\Settings->__construct()
#1 /home/nobrefli/aoseugosto.eu.org/system/Common.php(198): CodeIgniter\Config\Factories::__callStatic('config', Array)
#2 /home/nobrefli/aoseugosto.eu.org/app/Helpers/config_helper.php(8): config('Settings')
#3 /home/nobrefli/aoseugosto.eu.org/app/Helpers/config_helper.php(65): get_config('embed_slug')
#4 /home/nobrefli/aoseugosto.eu.org/app/Config/Routes.php(115): embed_slug()
#5 /home/nobrefli/aoseugosto.eu.org/system/CodeIgniter.php(711): require('/home/nobrefli/...')
#6 /home/nobrefli/aoseugosto.eu.org/system/CodeIgniter.php(361): CodeIgniter\CodeIgniter->tryToRouteIt(Object(CodeIgniter\Router\RouteCollection))
#7 /home/nobrefli/aoseugosto.eu.org/system/CodeIgniter.php(320): CodeIgniter\CodeIgniter->handleRequest(NULL, Object(Config\Cache), false)
#8 /home/nobrefli/aoseugosto.eu.org/public/index.php(45): CodeIgniter\CodeIgniter->run()
#9 {main}
ERROR - 2023-08-23 08:11:48 --> Table 'nobrefli_vipembed.settings' doesn't exist
CRITICAL - 2023-08-23 08:11:48 --> Call to a member function getResultArray() on bool
#0 /home/nobrefli/aoseugosto.eu.org/system/Config/Factories.php(110): App\Config\Settings->__construct()
#1 /home/nobrefli/aoseugosto.eu.org/system/Common.php(198): CodeIgniter\Config\Factories::__callStatic('config', Array)
#2 /home/nobrefli/aoseugosto.eu.org/app/Helpers/config_helper.php(8): config('Settings')
#3 /home/nobrefli/aoseugosto.eu.org/app/Helpers/config_helper.php(65): get_config('embed_slug')
#4 /home/nobrefli/aoseugosto.eu.org/app/Config/Routes.php(115): embed_slug()
#5 /home/nobrefli/aoseugosto.eu.org/system/CodeIgniter.php(711): require('/home/nobrefli/...')
#6 /home/nobrefli/aoseugosto.eu.org/system/CodeIgniter.php(361): CodeIgniter\CodeIgniter->tryToRouteIt(Object(CodeIgniter\Router\RouteCollection))
#7 /home/nobrefli/aoseugosto.eu.org/system/CodeIgniter.php(320): CodeIgniter\CodeIgniter->handleRequest(NULL, Object(Config\Cache), false)
#8 /home/nobrefli/aoseugosto.eu.org/public/index.php(45): CodeIgniter\CodeIgniter->run()
#9 {main}
ERROR - 2023-08-23 08:20:28 --> Table 'nobrefli_vipembed.settings' doesn't exist
CRITICAL - 2023-08-23 08:20:28 --> Call to a member function getResultArray() on bool
#0 /home/nobrefli/aoseugosto.eu.org/system/Config/Factories.php(110): App\Config\Settings->__construct()
#1 /home/nobrefli/aoseugosto.eu.org/system/Common.php(198): CodeIgniter\Config\Factories::__callStatic('config', Array)
#2 /home/nobrefli/aoseugosto.eu.org/app/Helpers/config_helper.php(8): config('Settings')
#3 /home/nobrefli/aoseugosto.eu.org/app/Helpers/config_helper.php(65): get_config('embed_slug')
#4 /home/nobrefli/aoseugosto.eu.org/app/Config/Routes.php(115): embed_slug()
#5 /home/nobrefli/aoseugosto.eu.org/system/CodeIgniter.php(711): require('/home/nobrefli/...')
#6 /home/nobrefli/aoseugosto.eu.org/system/CodeIgniter.php(361): CodeIgniter\CodeIgniter->tryToRouteIt(Object(CodeIgniter\Router\RouteCollection))
#7 /home/nobrefli/aoseugosto.eu.org/system/CodeIgniter.php(320): CodeIgniter\CodeIgniter->handleRequest(NULL, Object(Config\Cache), false)
#8 /home/nobrefli/aoseugosto.eu.org/public/index.php(45): CodeIgniter\CodeIgniter->run()
#9 {main}
ERROR - 2023-08-23 08:20:29 --> Table 'nobrefli_vipembed.settings' doesn't exist
CRITICAL - 2023-08-23 08:20:29 --> Call to a member function getResultArray() on bool
#0 /home/nobrefli/aoseugosto.eu.org/system/Config/Factories.php(110): App\Config\Settings->__construct()
#1 /home/nobrefli/aoseugosto.eu.org/system/Common.php(198): CodeIgniter\Config\Factories::__callStatic('config', Array)
#2 /home/nobrefli/aoseugosto.eu.org/app/Helpers/config_helper.php(8): config('Settings')
#3 /home/nobrefli/aoseugosto.eu.org/app/Helpers/config_helper.php(65): get_config('embed_slug')
#4 /home/nobrefli/aoseugosto.eu.org/app/Config/Routes.php(115): embed_slug()
#5 /home/nobrefli/aoseugosto.eu.org/system/CodeIgniter.php(711): require('/home/nobrefli/...')
#6 /home/nobrefli/aoseugosto.eu.org/system/CodeIgniter.php(361): CodeIgniter\CodeIgniter->tryToRouteIt(Object(CodeIgniter\Router\RouteCollection))
#7 /home/nobrefli/aoseugosto.eu.org/system/CodeIgniter.php(320): CodeIgniter\CodeIgniter->handleRequest(NULL, Object(Config\Cache), false)
#8 /home/nobrefli/aoseugosto.eu.org/public/index.php(45): CodeIgniter\CodeIgniter->run()
#9 {main}
ERROR - 2023-08-23 08:27:29 --> Table 'nobrefli_vipembed.settings' doesn't exist
CRITICAL - 2023-08-23 08:27:29 --> Call to a member function getResultArray() on bool
#0 /home/nobrefli/aoseugosto.eu.org/system/Config/Factories.php(110): App\Config\Settings->__construct()
#1 /home/nobrefli/aoseugosto.eu.org/system/Common.php(198): CodeIgniter\Config\Factories::__callStatic('config', Array)
#2 /home/nobrefli/aoseugosto.eu.org/app/Helpers/config_helper.php(8): config('Settings')
#3 /home/nobrefli/aoseugosto.eu.org/app/Helpers/config_helper.php(65): get_config('embed_slug')
#4 /home/nobrefli/aoseugosto.eu.org/app/Config/Routes.php(115): embed_slug()
#5 /home/nobrefli/aoseugosto.eu.org/system/CodeIgniter.php(711): require('/home/nobrefli/...')
#6 /home/nobrefli/aoseugosto.eu.org/system/CodeIgniter.php(361): CodeIgniter\CodeIgniter->tryToRouteIt(Object(CodeIgniter\Router\RouteCollection))
#7 /home/nobrefli/aoseugosto.eu.org/system/CodeIgniter.php(320): CodeIgniter\CodeIgniter->handleRequest(NULL, Object(Config\Cache), false)
#8 /home/nobrefli/aoseugosto.eu.org/public/index.php(45): CodeIgniter\CodeIgniter->run()
#9 {main}
ERROR - 2023-08-23 08:27:30 --> Table 'nobrefli_vipembed.settings' doesn't exist
CRITICAL - 2023-08-23 08:27:30 --> Call to a member function getResultArray() on bool
#0 /home/nobrefli/aoseugosto.eu.org/system/Config/Factories.php(110): App\Config\Settings->__construct()
#1 /home/nobrefli/aoseugosto.eu.org/system/Common.php(198): CodeIgniter\Config\Factories::__callStatic('config', Array)
#2 /home/nobrefli/aoseugosto.eu.org/app/Helpers/config_helper.php(8): config('Settings')
#3 /home/nobrefli/aoseugosto.eu.org/app/Helpers/config_helper.php(65): get_config('embed_slug')
#4 /home/nobrefli/aoseugosto.eu.org/app/Config/Routes.php(115): embed_slug()
#5 /home/nobrefli/aoseugosto.eu.org/system/CodeIgniter.php(711): require('/home/nobrefli/...')
#6 /home/nobrefli/aoseugosto.eu.org/system/CodeIgniter.php(361): CodeIgniter\CodeIgniter->tryToRouteIt(Object(CodeIgniter\Router\RouteCollection))
#7 /home/nobrefli/aoseugosto.eu.org/system/CodeIgniter.php(320): CodeIgniter\CodeIgniter->handleRequest(NULL, Object(Config\Cache), false)
#8 /home/nobrefli/aoseugosto.eu.org/public/index.php(45): CodeIgniter\CodeIgniter->run()
#9 {main}
ERROR - 2023-08-23 08:29:17 --> Table 'nobrefli_vipembed.settings' doesn't exist
CRITICAL - 2023-08-23 08:29:17 --> Call to a member function getResultArray() on bool
#0 /home/nobrefli/aoseugosto.eu.org/system/Config/Factories.php(110): App\Config\Settings->__construct()
#1 /home/nobrefli/aoseugosto.eu.org/system/Common.php(198): CodeIgniter\Config\Factories::__callStatic('config', Array)
#2 /home/nobrefli/aoseugosto.eu.org/app/Helpers/config_helper.php(8): config('Settings')
#3 /home/nobrefli/aoseugosto.eu.org/app/Helpers/config_helper.php(65): get_config('embed_slug')
#4 /home/nobrefli/aoseugosto.eu.org/app/Config/Routes.php(115): embed_slug()
#5 /home/nobrefli/aoseugosto.eu.org/system/CodeIgniter.php(711): require('/home/nobrefli/...')
#6 /home/nobrefli/aoseugosto.eu.org/system/CodeIgniter.php(361): CodeIgniter\CodeIgniter->tryToRouteIt(Object(CodeIgniter\Router\RouteCollection))
#7 /home/nobrefli/aoseugosto.eu.org/system/CodeIgniter.php(320): CodeIgniter\CodeIgniter->handleRequest(NULL, Object(Config\Cache), false)
#8 /home/nobrefli/aoseugosto.eu.org/public/index.php(45): CodeIgniter\CodeIgniter->run()
#9 {main}
ERROR - 2023-08-23 08:31:01 --> Table 'nobrefli_vipembed.settings' doesn't exist
CRITICAL - 2023-08-23 08:31:01 --> Call to a member function getResultArray() on bool
#0 /home/nobrefli/aoseugosto.eu.org/system/Config/Factories.php(110): App\Config\Settings->__construct()
#1 /home/nobrefli/aoseugosto.eu.org/system/Common.php(198): CodeIgniter\Config\Factories::__callStatic('config', Array)
#2 /home/nobrefli/aoseugosto.eu.org/app/Helpers/config_helper.php(8): config('Settings')
#3 /home/nobrefli/aoseugosto.eu.org/app/Helpers/config_helper.php(65): get_config('embed_slug')
#4 /home/nobrefli/aoseugosto.eu.org/app/Config/Routes.php(115): embed_slug()
#5 /home/nobrefli/aoseugosto.eu.org/system/CodeIgniter.php(711): require('/home/nobrefli/...')
#6 /home/nobrefli/aoseugosto.eu.org/system/CodeIgniter.php(361): CodeIgniter\CodeIgniter->tryToRouteIt(Object(CodeIgniter\Router\RouteCollection))
#7 /home/nobrefli/aoseugosto.eu.org/system/CodeIgniter.php(320): CodeIgniter\CodeIgniter->handleRequest(NULL, Object(Config\Cache), false)
#8 /home/nobrefli/aoseugosto.eu.org/public/index.php(45): CodeIgniter\CodeIgniter->run()
#9 {main}
ERROR - 2023-08-23 08:31:47 --> Table 'nobrefli_vipembed.settings' doesn't exist
CRITICAL - 2023-08-23 08:31:47 --> Call to a member function getResultArray() on bool
#0 /home/nobrefli/aoseugosto.eu.org/system/Config/Factories.php(110): App\Config\Settings->__construct()
#1 /home/nobrefli/aoseugosto.eu.org/system/Common.php(198): CodeIgniter\Config\Factories::__callStatic('config', Array)
#2 /home/nobrefli/aoseugosto.eu.org/app/Helpers/config_helper.php(8): config('Settings')
#3 /home/nobrefli/aoseugosto.eu.org/app/Helpers/config_helper.php(65): get_config('embed_slug')
#4 /home/nobrefli/aoseugosto.eu.org/app/Config/Routes.php(115): embed_slug()
#5 /home/nobrefli/aoseugosto.eu.org/system/CodeIgniter.php(711): require('/home/nobrefli/...')
#6 /home/nobrefli/aoseugosto.eu.org/system/CodeIgniter.php(361): CodeIgniter\CodeIgniter->tryToRouteIt(Object(CodeIgniter\Router\RouteCollection))
#7 /home/nobrefli/aoseugosto.eu.org/system/CodeIgniter.php(320): CodeIgniter\CodeIgniter->handleRequest(NULL, Object(Config\Cache), false)
#8 /home/nobrefli/aoseugosto.eu.org/public/index.php(45): CodeIgniter\CodeIgniter->run()
#9 {main}
ERROR - 2023-08-23 00:20:26 --> Table 'nobrefli_vipembed.series' doesn't exist
CRITICAL - 2023-08-23 00:20:26 --> Call to a member function getResult() on bool
#0 /home/nobrefli/aoseugosto.eu.org/system/BaseModel.php(523): CodeIgniter\Model->doFind(false, NULL)
#1 /home/nobrefli/aoseugosto.eu.org/app/Controllers/Home.php(59): CodeIgniter\BaseModel->find()
#2 /home/nobrefli/aoseugosto.eu.org/system/CodeIgniter.php(830): App\Controllers\Home->index()
#3 /home/nobrefli/aoseugosto.eu.org/system/CodeIgniter.php(412): CodeIgniter\CodeIgniter->runController(Object(App\Controllers\Home))
#4 /home/nobrefli/aoseugosto.eu.org/system/CodeIgniter.php(320): CodeIgniter\CodeIgniter->handleRequest(NULL, Object(Config\Cache), false)
#5 /home/nobrefli/aoseugosto.eu.org/public/index.php(45): CodeIgniter\CodeIgniter->run()
#6 {main}
ERROR - 2023-08-23 08:52:57 --> Table 'nobrefli_vipembed.settings' doesn't exist
CRITICAL - 2023-08-23 08:52:57 --> Call to a member function getResultArray() on bool
#0 /home/nobrefli/aoseugosto.eu.org/system/Config/Factories.php(110): App\Config\Settings->__construct()
#1 /home/nobrefli/aoseugosto.eu.org/system/Common.php(198): CodeIgniter\Config\Factories::__callStatic('config', Array)
#2 /home/nobrefli/aoseugosto.eu.org/app/Helpers/config_helper.php(8): config('Settings')
#3 /home/nobrefli/aoseugosto.eu.org/app/Helpers/config_helper.php(65): get_config('embed_slug')
#4 /home/nobrefli/aoseugosto.eu.org/app/Config/Routes.php(115): embed_slug()
#5 /home/nobrefli/aoseugosto.eu.org/system/CodeIgniter.php(711): require('/home/nobrefli/...')
#6 /home/nobrefli/aoseugosto.eu.org/system/CodeIgniter.php(361): CodeIgniter\CodeIgniter->tryToRouteIt(Object(CodeIgniter\Router\RouteCollection))
#7 /home/nobrefli/aoseugosto.eu.org/system/CodeIgniter.php(320): CodeIgniter\CodeIgniter->handleRequest(NULL, Object(Config\Cache), false)
#8 /home/nobrefli/aoseugosto.eu.org/public/index.php(45): CodeIgniter\CodeIgniter->run()
#9 {main}
ERROR - 2023-08-23 08:52:58 --> Table 'nobrefli_vipembed.settings' doesn't exist
CRITICAL - 2023-08-23 08:52:58 --> Call to a member function getResultArray() on bool
#0 /home/nobrefli/aoseugosto.eu.org/system/Config/Factories.php(110): App\Config\Settings->__construct()
#1 /home/nobrefli/aoseugosto.eu.org/system/Common.php(198): CodeIgniter\Config\Factories::__callStatic('config', Array)
#2 /home/nobrefli/aoseugosto.eu.org/app/Helpers/config_helper.php(8): config('Settings')
#3 /home/nobrefli/aoseugosto.eu.org/app/Helpers/config_helper.php(65): get_config('embed_slug')
#4 /home/nobrefli/aoseugosto.eu.org/app/Config/Routes.php(115): embed_slug()
#5 /home/nobrefli/aoseugosto.eu.org/system/CodeIgniter.php(711): require('/home/nobrefli/...')
#6 /home/nobrefli/aoseugosto.eu.org/system/CodeIgniter.php(361): CodeIgniter\CodeIgniter->tryToRouteIt(Object(CodeIgniter\Router\RouteCollection))
#7 /home/nobrefli/aoseugosto.eu.org/system/CodeIgniter.php(320): CodeIgniter\CodeIgniter->handleRequest(NULL, Object(Config\Cache), false)
#8 /home/nobrefli/aoseugosto.eu.org/public/index.php(45): CodeIgniter\CodeIgniter->run()
#9 {main}
ERROR - 2023-08-23 18:01:37 --> Table 'nobrefli_vipembed.settings' doesn't exist
CRITICAL - 2023-08-23 18:01:37 --> Call to a member function getResultArray() on bool
#0 /home/nobrefli/aoseugosto.eu.org/system/Config/Factories.php(110): App\Config\Settings->__construct()
#1 /home/nobrefli/aoseugosto.eu.org/system/Common.php(198): CodeIgniter\Config\Factories::__callStatic('config', Array)
#2 /home/nobrefli/aoseugosto.eu.org/app/Helpers/config_helper.php(8): config('Settings')
#3 /home/nobrefli/aoseugosto.eu.org/app/Helpers/config_helper.php(65): get_config('embed_slug')
#4 /home/nobrefli/aoseugosto.eu.org/app/Config/Routes.php(115): embed_slug()
#5 /home/nobrefli/aoseugosto.eu.org/system/CodeIgniter.php(711): require('/home/nobrefli/...')
#6 /home/nobrefli/aoseugosto.eu.org/system/CodeIgniter.php(361): CodeIgniter\CodeIgniter->tryToRouteIt(Object(CodeIgniter\Router\RouteCollection))
#7 /home/nobrefli/aoseugosto.eu.org/system/CodeIgniter.php(320): CodeIgniter\CodeIgniter->handleRequest(NULL, Object(Config\Cache), false)
#8 /home/nobrefli/aoseugosto.eu.org/public/index.php(45): CodeIgniter\CodeIgniter->run()
#9 {main}
ERROR - 2023-08-23 18:01:47 --> Table 'nobrefli_vipembed.settings' doesn't exist
CRITICAL - 2023-08-23 18:01:47 --> Call to a member function getResultArray() on bool
#0 /home/nobrefli/aoseugosto.eu.org/system/Config/Factories.php(110): App\Config\Settings->__construct()
#1 /home/nobrefli/aoseugosto.eu.org/system/Common.php(198): CodeIgniter\Config\Factories::__callStatic('config', Array)
#2 /home/nobrefli/aoseugosto.eu.org/app/Helpers/config_helper.php(8): config('Settings')
#3 /home/nobrefli/aoseugosto.eu.org/app/Helpers/config_helper.php(65): get_config('embed_slug')
#4 /home/nobrefli/aoseugosto.eu.org/app/Config/Routes.php(115): embed_slug()
#5 /home/nobrefli/aoseugosto.eu.org/system/CodeIgniter.php(711): require('/home/nobrefli/...')
#6 /home/nobrefli/aoseugosto.eu.org/system/CodeIgniter.php(361): CodeIgniter\CodeIgniter->tryToRouteIt(Object(CodeIgniter\Router\RouteCollection))
#7 /home/nobrefli/aoseugosto.eu.org/system/CodeIgniter.php(320): CodeIgniter\CodeIgniter->handleRequest(NULL, Object(Config\Cache), false)
#8 /home/nobrefli/aoseugosto.eu.org/public/index.php(45): CodeIgniter\CodeIgniter->run()
#9 {main}
ERROR - 2023-08-23 18:05:45 --> Table 'nobrefli_vipembed.settings' doesn't exist
CRITICAL - 2023-08-23 18:05:45 --> Call to a member function getResultArray() on bool
#0 /home/nobrefli/aoseugosto.eu.org/system/Config/Factories.php(110): App\Config\Settings->__construct()
#1 /home/nobrefli/aoseugosto.eu.org/system/Common.php(198): CodeIgniter\Config\Factories::__callStatic('config', Array)
#2 /home/nobrefli/aoseugosto.eu.org/app/Helpers/config_helper.php(8): config('Settings')
#3 /home/nobrefli/aoseugosto.eu.org/app/Helpers/config_helper.php(65): get_config('embed_slug')
#4 /home/nobrefli/aoseugosto.eu.org/app/Config/Routes.php(115): embed_slug()
#5 /home/nobrefli/aoseugosto.eu.org/system/CodeIgniter.php(711): require('/home/nobrefli/...')
#6 /home/nobrefli/aoseugosto.eu.org/system/CodeIgniter.php(361): CodeIgniter\CodeIgniter->tryToRouteIt(Object(CodeIgniter\Router\RouteCollection))
#7 /home/nobrefli/aoseugosto.eu.org/system/CodeIgniter.php(320): CodeIgniter\CodeIgniter->handleRequest(NULL, Object(Config\Cache), false)
#8 /home/nobrefli/aoseugosto.eu.org/public/index.php(45): CodeIgniter\CodeIgniter->run()
#9 {main}
ERROR - 2023-08-23 18:09:49 --> Table 'nobrefli_vipembed.settings' doesn't exist
CRITICAL - 2023-08-23 18:09:49 --> Call to a member function getResultArray() on bool
#0 /home/nobrefli/aoseugosto.eu.org/system/Config/Factories.php(110): App\Config\Settings->__construct()
#1 /home/nobrefli/aoseugosto.eu.org/system/Common.php(198): CodeIgniter\Config\Factories::__callStatic('config', Array)
#2 /home/nobrefli/aoseugosto.eu.org/app/Helpers/config_helper.php(8): config('Settings')
#3 /home/nobrefli/aoseugosto.eu.org/app/Helpers/config_helper.php(65): get_config('embed_slug')
#4 /home/nobrefli/aoseugosto.eu.org/app/Config/Routes.php(115): embed_slug()
#5 /home/nobrefli/aoseugosto.eu.org/system/CodeIgniter.php(711): require('/home/nobrefli/...')
#6 /home/nobrefli/aoseugosto.eu.org/system/CodeIgniter.php(361): CodeIgniter\CodeIgniter->tryToRouteIt(Object(CodeIgniter\Router\RouteCollection))
#7 /home/nobrefli/aoseugosto.eu.org/system/CodeIgniter.php(320): CodeIgniter\CodeIgniter->handleRequest(NULL, Object(Config\Cache), false)
#8 /home/nobrefli/aoseugosto.eu.org/public/index.php(45): CodeIgniter\CodeIgniter->run()
#9 {main}
ERROR - 2023-08-23 18:09:51 --> Table 'nobrefli_vipembed.settings' doesn't exist
CRITICAL - 2023-08-23 18:09:51 --> Call to a member function getResultArray() on bool
#0 /home/nobrefli/aoseugosto.eu.org/system/Config/Factories.php(110): App\Config\Settings->__construct()
#1 /home/nobrefli/aoseugosto.eu.org/system/Common.php(198): CodeIgniter\Config\Factories::__callStatic('config', Array)
#2 /home/nobrefli/aoseugosto.eu.org/app/Helpers/config_helper.php(8): config('Settings')
#3 /home/nobrefli/aoseugosto.eu.org/app/Helpers/config_helper.php(65): get_config('embed_slug')
#4 /home/nobrefli/aoseugosto.eu.org/app/Config/Routes.php(115): embed_slug()
#5 /home/nobrefli/aoseugosto.eu.org/system/CodeIgniter.php(711): require('/home/nobrefli/...')
#6 /home/nobrefli/aoseugosto.eu.org/system/CodeIgniter.php(361): CodeIgniter\CodeIgniter->tryToRouteIt(Object(CodeIgniter\Router\RouteCollection))
#7 /home/nobrefli/aoseugosto.eu.org/system/CodeIgniter.php(320): CodeIgniter\CodeIgniter->handleRequest(NULL, Object(Config\Cache), false)
#8 /home/nobrefli/aoseugosto.eu.org/public/index.php(45): CodeIgniter\CodeIgniter->run()
#9 {main}
ERROR - 2023-08-23 18:22:07 --> Table 'nobrefli_vipembed.settings' doesn't exist
CRITICAL - 2023-08-23 18:22:07 --> Call to a member function getResultArray() on bool
#0 /home/nobrefli/aoseugosto.eu.org/system/Config/Factories.php(110): App\Config\Settings->__construct()
#1 /home/nobrefli/aoseugosto.eu.org/system/Common.php(198): CodeIgniter\Config\Factories::__callStatic('config', Array)
#2 /home/nobrefli/aoseugosto.eu.org/app/Helpers/config_helper.php(8): config('Settings')
#3 /home/nobrefli/aoseugosto.eu.org/app/Helpers/config_helper.php(65): get_config('embed_slug')
#4 /home/nobrefli/aoseugosto.eu.org/app/Config/Routes.php(115): embed_slug()
#5 /home/nobrefli/aoseugosto.eu.org/system/CodeIgniter.php(711): require('/home/nobrefli/...')
#6 /home/nobrefli/aoseugosto.eu.org/system/CodeIgniter.php(361): CodeIgniter\CodeIgniter->tryToRouteIt(Object(CodeIgniter\Router\RouteCollection))
#7 /home/nobrefli/aoseugosto.eu.org/system/CodeIgniter.php(320): CodeIgniter\CodeIgniter->handleRequest(NULL, Object(Config\Cache), false)
#8 /home/nobrefli/aoseugosto.eu.org/public/index.php(45): CodeIgniter\CodeIgniter->run()
#9 {main}
ERROR - 2023-08-23 18:22:09 --> Table 'nobrefli_vipembed.settings' doesn't exist
CRITICAL - 2023-08-23 18:22:09 --> Call to a member function getResultArray() on bool
#0 /home/nobrefli/aoseugosto.eu.org/system/Config/Factories.php(110): App\Config\Settings->__construct()
#1 /home/nobrefli/aoseugosto.eu.org/system/Common.php(198): CodeIgniter\Config\Factories::__callStatic('config', Array)
#2 /home/nobrefli/aoseugosto.eu.org/app/Helpers/config_helper.php(8): config('Settings')
#3 /home/nobrefli/aoseugosto.eu.org/app/Helpers/config_helper.php(65): get_config('embed_slug')
#4 /home/nobrefli/aoseugosto.eu.org/app/Config/Routes.php(115): embed_slug()
#5 /home/nobrefli/aoseugosto.eu.org/system/CodeIgniter.php(711): require('/home/nobrefli/...')
#6 /home/nobrefli/aoseugosto.eu.org/system/CodeIgniter.php(361): CodeIgniter\CodeIgniter->tryToRouteIt(Object(CodeIgniter\Router\RouteCollection))
#7 /home/nobrefli/aoseugosto.eu.org/system/CodeIgniter.php(320): CodeIgniter\CodeIgniter->handleRequest(NULL, Object(Config\Cache), false)
#8 /home/nobrefli/aoseugosto.eu.org/public/index.php(45): CodeIgniter\CodeIgniter->run()
#9 {main}
ERROR - 2023-08-23 18:23:32 --> Table 'nobrefli_vipembed.settings' doesn't exist
CRITICAL - 2023-08-23 18:23:32 --> Call to a member function getResultArray() on bool
#0 /home/nobrefli/aoseugosto.eu.org/system/Config/Factories.php(110): App\Config\Settings->__construct()
#1 /home/nobrefli/aoseugosto.eu.org/system/Common.php(198): CodeIgniter\Config\Factories::__callStatic('config', Array)
#2 /home/nobrefli/aoseugosto.eu.org/app/Helpers/config_helper.php(8): config('Settings')
#3 /home/nobrefli/aoseugosto.eu.org/app/Helpers/config_helper.php(65): get_config('embed_slug')
#4 /home/nobrefli/aoseugosto.eu.org/app/Config/Routes.php(115): embed_slug()
#5 /home/nobrefli/aoseugosto.eu.org/system/CodeIgniter.php(711): require('/home/nobrefli/...')
#6 /home/nobrefli/aoseugosto.eu.org/system/CodeIgniter.php(361): CodeIgniter\CodeIgniter->tryToRouteIt(Object(CodeIgniter\Router\RouteCollection))
#7 /home/nobrefli/aoseugosto.eu.org/system/CodeIgniter.php(320): CodeIgniter\CodeIgniter->handleRequest(NULL, Object(Config\Cache), false)
#8 /home/nobrefli/aoseugosto.eu.org/public/index.php(45): CodeIgniter\CodeIgniter->run()
#9 {main}
ERROR - 2023-08-23 18:23:33 --> Table 'nobrefli_vipembed.settings' doesn't exist
CRITICAL - 2023-08-23 18:23:33 --> Call to a member function getResultArray() on bool
#0 /home/nobrefli/aoseugosto.eu.org/system/Config/Factories.php(110): App\Config\Settings->__construct()
#1 /home/nobrefli/aoseugosto.eu.org/system/Common.php(198): CodeIgniter\Config\Factories::__callStatic('config', Array)
#2 /home/nobrefli/aoseugosto.eu.org/app/Helpers/config_helper.php(8): config('Settings')
#3 /home/nobrefli/aoseugosto.eu.org/app/Helpers/config_helper.php(65): get_config('embed_slug')
#4 /home/nobrefli/aoseugosto.eu.org/app/Config/Routes.php(115): embed_slug()
#5 /home/nobrefli/aoseugosto.eu.org/system/CodeIgniter.php(711): require('/home/nobrefli/...')
#6 /home/nobrefli/aoseugosto.eu.org/system/CodeIgniter.php(361): CodeIgniter\CodeIgniter->tryToRouteIt(Object(CodeIgniter\Router\RouteCollection))
#7 /home/nobrefli/aoseugosto.eu.org/system/CodeIgniter.php(320): CodeIgniter\CodeIgniter->handleRequest(NULL, Object(Config\Cache), false)
#8 /home/nobrefli/aoseugosto.eu.org/public/index.php(45): CodeIgniter\CodeIgniter->run()
#9 {main}
ERROR - 2023-08-23 18:24:37 --> Table 'nobrefli_vipembed.settings' doesn't exist
CRITICAL - 2023-08-23 18:24:37 --> Call to a member function getResultArray() on bool
#0 /home/nobrefli/aoseugosto.eu.org/system/Config/Factories.php(110): App\Config\Settings->__construct()
#1 /home/nobrefli/aoseugosto.eu.org/system/Common.php(198): CodeIgniter\Config\Factories::__callStatic('config', Array)
#2 /home/nobrefli/aoseugosto.eu.org/app/Helpers/config_helper.php(8): config('Settings')
#3 /home/nobrefli/aoseugosto.eu.org/app/Helpers/config_helper.php(65): get_config('embed_slug')
#4 /home/nobrefli/aoseugosto.eu.org/app/Config/Routes.php(115): embed_slug()
#5 /home/nobrefli/aoseugosto.eu.org/system/CodeIgniter.php(711): require('/home/nobrefli/...')
#6 /home/nobrefli/aoseugosto.eu.org/system/CodeIgniter.php(361): CodeIgniter\CodeIgniter->tryToRouteIt(Object(CodeIgniter\Router\RouteCollection))
#7 /home/nobrefli/aoseugosto.eu.org/system/CodeIgniter.php(320): CodeIgniter\CodeIgniter->handleRequest(NULL, Object(Config\Cache), false)
#8 /home/nobrefli/aoseugosto.eu.org/public/index.php(45): CodeIgniter\CodeIgniter->run()
#9 {main}
ERROR - 2023-08-23 18:35:19 --> Table 'nobrefli_vipembed.settings' doesn't exist
CRITICAL - 2023-08-23 18:35:19 --> Call to a member function getResultArray() on bool
#0 /home/nobrefli/aoseugosto.eu.org/system/Config/Factories.php(110): App\Config\Settings->__construct()
#1 /home/nobrefli/aoseugosto.eu.org/system/Common.php(198): CodeIgniter\Config\Factories::__callStatic('config', Array)
#2 /home/nobrefli/aoseugosto.eu.org/app/Helpers/config_helper.php(8): config('Settings')
#3 /home/nobrefli/aoseugosto.eu.org/app/Helpers/config_helper.php(65): get_config('embed_slug')
#4 /home/nobrefli/aoseugosto.eu.org/app/Config/Routes.php(115): embed_slug()
#5 /home/nobrefli/aoseugosto.eu.org/system/CodeIgniter.php(711): require('/home/nobrefli/...')
#6 /home/nobrefli/aoseugosto.eu.org/system/CodeIgniter.php(361): CodeIgniter\CodeIgniter->tryToRouteIt(Object(CodeIgniter\Router\RouteCollection))
#7 /home/nobrefli/aoseugosto.eu.org/system/CodeIgniter.php(320): CodeIgniter\CodeIgniter->handleRequest(NULL, Object(Config\Cache), false)
#8 /home/nobrefli/aoseugosto.eu.org/public/index.php(45): CodeIgniter\CodeIgniter->run()
#9 {main}
ERROR - 2023-08-23 18:35:20 --> Table 'nobrefli_vipembed.settings' doesn't exist
CRITICAL - 2023-08-23 18:35:20 --> Call to a member function getResultArray() on bool
#0 /home/nobrefli/aoseugosto.eu.org/system/Config/Factories.php(110): App\Config\Settings->__construct()
#1 /home/nobrefli/aoseugosto.eu.org/system/Common.php(198): CodeIgniter\Config\Factories::__callStatic('config', Array)
#2 /home/nobrefli/aoseugosto.eu.org/app/Helpers/config_helper.php(8): config('Settings')
#3 /home/nobrefli/aoseugosto.eu.org/app/Helpers/config_helper.php(65): get_config('embed_slug')
#4 /home/nobrefli/aoseugosto.eu.org/app/Config/Routes.php(115): embed_slug()
#5 /home/nobrefli/aoseugosto.eu.org/system/CodeIgniter.php(711): require('/home/nobrefli/...')
#6 /home/nobrefli/aoseugosto.eu.org/system/CodeIgniter.php(361): CodeIgniter\CodeIgniter->tryToRouteIt(Object(CodeIgniter\Router\RouteCollection))
#7 /home/nobrefli/aoseugosto.eu.org/system/CodeIgniter.php(320): CodeIgniter\CodeIgniter->handleRequest(NULL, Object(Config\Cache), false)
#8 /home/nobrefli/aoseugosto.eu.org/public/index.php(45): CodeIgniter\CodeIgniter->run()
#9 {main}
ERROR - 2023-08-23 18:40:07 --> Table 'nobrefli_vipembed.settings' doesn't exist
CRITICAL - 2023-08-23 18:40:07 --> Call to a member function getResultArray() on bool
#0 /home/nobrefli/aoseugosto.eu.org/system/Config/Factories.php(110): App\Config\Settings->__construct()
#1 /home/nobrefli/aoseugosto.eu.org/system/Common.php(198): CodeIgniter\Config\Factories::__callStatic('config', Array)
#2 /home/nobrefli/aoseugosto.eu.org/app/Helpers/config_helper.php(8): config('Settings')
#3 /home/nobrefli/aoseugosto.eu.org/app/Helpers/config_helper.php(65): get_config('embed_slug')
#4 /home/nobrefli/aoseugosto.eu.org/app/Config/Routes.php(115): embed_slug()
#5 /home/nobrefli/aoseugosto.eu.org/system/CodeIgniter.php(711): require('/home/nobrefli/...')
#6 /home/nobrefli/aoseugosto.eu.org/system/CodeIgniter.php(361): CodeIgniter\CodeIgniter->tryToRouteIt(Object(CodeIgniter\Router\RouteCollection))
#7 /home/nobrefli/aoseugosto.eu.org/system/CodeIgniter.php(320): CodeIgniter\CodeIgniter->handleRequest(NULL, Object(Config\Cache), false)
#8 /home/nobrefli/aoseugosto.eu.org/public/index.php(45): CodeIgniter\CodeIgniter->run()
#9 {main}
ERROR - 2023-08-23 18:40:07 --> Table 'nobrefli_vipembed.settings' doesn't exist
CRITICAL - 2023-08-23 18:40:07 --> Call to a member function getResultArray() on bool
#0 /home/nobrefli/aoseugosto.eu.org/system/Config/Factories.php(110): App\Config\Settings->__construct()
#1 /home/nobrefli/aoseugosto.eu.org/system/Common.php(198): CodeIgniter\Config\Factories::__callStatic('config', Array)
#2 /home/nobrefli/aoseugosto.eu.org/app/Helpers/config_helper.php(8): config('Settings')
#3 /home/nobrefli/aoseugosto.eu.org/app/Helpers/config_helper.php(65): get_config('embed_slug')
#4 /home/nobrefli/aoseugosto.eu.org/app/Config/Routes.php(115): embed_slug()
#5 /home/nobrefli/aoseugosto.eu.org/system/CodeIgniter.php(711): require('/home/nobrefli/...')
#6 /home/nobrefli/aoseugosto.eu.org/system/CodeIgniter.php(361): CodeIgniter\CodeIgniter->tryToRouteIt(Object(CodeIgniter\Router\RouteCollection))
#7 /home/nobrefli/aoseugosto.eu.org/system/CodeIgniter.php(320): CodeIgniter\CodeIgniter->handleRequest(NULL, Object(Config\Cache), false)
#8 /home/nobrefli/aoseugosto.eu.org/public/index.php(45): CodeIgniter\CodeIgniter->run()
#9 {main}
ERROR - 2023-08-23 18:40:07 --> Table 'nobrefli_vipembed.settings' doesn't exist
CRITICAL - 2023-08-23 18:40:07 --> Call to a member function getResultArray() on bool
#0 /home/nobrefli/aoseugosto.eu.org/system/Config/Factories.php(110): App\Config\Settings->__construct()
#1 /home/nobrefli/aoseugosto.eu.org/system/Common.php(198): CodeIgniter\Config\Factories::__callStatic('config', Array)
#2 /home/nobrefli/aoseugosto.eu.org/app/Helpers/config_helper.php(8): config('Settings')
#3 /home/nobrefli/aoseugosto.eu.org/app/Helpers/config_helper.php(65): get_config('embed_slug')
#4 /home/nobrefli/aoseugosto.eu.org/app/Config/Routes.php(115): embed_slug()
#5 /home/nobrefli/aoseugosto.eu.org/system/CodeIgniter.php(711): require('/home/nobrefli/...')
#6 /home/nobrefli/aoseugosto.eu.org/system/CodeIgniter.php(361): CodeIgniter\CodeIgniter->tryToRouteIt(Object(CodeIgniter\Router\RouteCollection))
#7 /home/nobrefli/aoseugosto.eu.org/system/CodeIgniter.php(320): CodeIgniter\CodeIgniter->handleRequest(NULL, Object(Config\Cache), false)
#8 /home/nobrefli/aoseugosto.eu.org/public/index.php(45): CodeIgniter\CodeIgniter->run()
#9 {main}
ERROR - 2023-08-23 18:40:07 --> Table 'nobrefli_vipembed.settings' doesn't exist
CRITICAL - 2023-08-23 18:40:07 --> Call to a member function getResultArray() on bool
#0 /home/nobrefli/aoseugosto.eu.org/system/Config/Factories.php(110): App\Config\Settings->__construct()
#1 /home/nobrefli/aoseugosto.eu.org/system/Common.php(198): CodeIgniter\Config\Factories::__callStatic('config', Array)
#2 /home/nobrefli/aoseugosto.eu.org/app/Helpers/config_helper.php(8): config('Settings')
#3 /home/nobrefli/aoseugosto.eu.org/app/Helpers/config_helper.php(65): get_config('embed_slug')
#4 /home/nobrefli/aoseugosto.eu.org/app/Config/Routes.php(115): embed_slug()
#5 /home/nobrefli/aoseugosto.eu.org/system/CodeIgniter.php(711): require('/home/nobrefli/...')
#6 /home/nobrefli/aoseugosto.eu.org/system/CodeIgniter.php(361): CodeIgniter\CodeIgniter->tryToRouteIt(Object(CodeIgniter\Router\RouteCollection))
#7 /home/nobrefli/aoseugosto.eu.org/system/CodeIgniter.php(320): CodeIgniter\CodeIgniter->handleRequest(NULL, Object(Config\Cache), false)
#8 /home/nobrefli/aoseugosto.eu.org/public/index.php(45): CodeIgniter\CodeIgniter->run()
#9 {main}
ERROR - 2023-08-23 18:40:08 --> Table 'nobrefli_vipembed.settings' doesn't exist
CRITICAL - 2023-08-23 18:40:08 --> Call to a member function getResultArray() on bool
#0 /home/nobrefli/aoseugosto.eu.org/system/Config/Factories.php(110): App\Config\Settings->__construct()
#1 /home/nobrefli/aoseugosto.eu.org/system/Common.php(198): CodeIgniter\Config\Factories::__callStatic('config', Array)
#2 /home/nobrefli/aoseugosto.eu.org/app/Helpers/config_helper.php(8): config('Settings')
#3 /home/nobrefli/aoseugosto.eu.org/app/Helpers/config_helper.php(65): get_config('embed_slug')
#4 /home/nobrefli/aoseugosto.eu.org/app/Config/Routes.php(115): embed_slug()
#5 /home/nobrefli/aoseugosto.eu.org/system/CodeIgniter.php(711): require('/home/nobrefli/...')
#6 /home/nobrefli/aoseugosto.eu.org/system/CodeIgniter.php(361): CodeIgniter\CodeIgniter->tryToRouteIt(Object(CodeIgniter\Router\RouteCollection))
#7 /home/nobrefli/aoseugosto.eu.org/system/CodeIgniter.php(320): CodeIgniter\CodeIgniter->handleRequest(NULL, Object(Config\Cache), false)
#8 /home/nobrefli/aoseugosto.eu.org/public/index.php(45): CodeIgniter\CodeIgniter->run()
#9 {main}
ERROR - 2023-08-23 18:40:08 --> Table 'nobrefli_vipembed.settings' doesn't exist
CRITICAL - 2023-08-23 18:40:08 --> Call to a member function getResultArray() on bool
#0 /home/nobrefli/aoseugosto.eu.org/system/Config/Factories.php(110): App\Config\Settings->__construct()
#1 /home/nobrefli/aoseugosto.eu.org/system/Common.php(198): CodeIgniter\Config\Factories::__callStatic('config', Array)
#2 /home/nobrefli/aoseugosto.eu.org/app/Helpers/config_helper.php(8): config('Settings')
#3 /home/nobrefli/aoseugosto.eu.org/app/Helpers/config_helper.php(65): get_config('embed_slug')
#4 /home/nobrefli/aoseugosto.eu.org/app/Config/Routes.php(115): embed_slug()
#5 /home/nobrefli/aoseugosto.eu.org/system/CodeIgniter.php(711): require('/home/nobrefli/...')
#6 /home/nobrefli/aoseugosto.eu.org/system/CodeIgniter.php(361): CodeIgniter\CodeIgniter->tryToRouteIt(Object(CodeIgniter\Router\RouteCollection))
#7 /home/nobrefli/aoseugosto.eu.org/system/CodeIgniter.php(320): CodeIgniter\CodeIgniter->handleRequest(NULL, Object(Config\Cache), false)
#8 /home/nobrefli/aoseugosto.eu.org/public/index.php(45): CodeIgniter\CodeIgniter->run()
#9 {main}
ERROR - 2023-08-23 18:40:08 --> Table 'nobrefli_vipembed.settings' doesn't exist
CRITICAL - 2023-08-23 18:40:08 --> Call to a member function getResultArray() on bool
#0 /home/nobrefli/aoseugosto.eu.org/system/Config/Factories.php(110): App\Config\Settings->__construct()
#1 /home/nobrefli/aoseugosto.eu.org/system/Common.php(198): CodeIgniter\Config\Factories::__callStatic('config', Array)
#2 /home/nobrefli/aoseugosto.eu.org/app/Helpers/config_helper.php(8): config('Settings')
#3 /home/nobrefli/aoseugosto.eu.org/app/Helpers/config_helper.php(65): get_config('embed_slug')
#4 /home/nobrefli/aoseugosto.eu.org/app/Config/Routes.php(115): embed_slug()
#5 /home/nobrefli/aoseugosto.eu.org/system/CodeIgniter.php(711): require('/home/nobrefli/...')
#6 /home/nobrefli/aoseugosto.eu.org/system/CodeIgniter.php(361): CodeIgniter\CodeIgniter->tryToRouteIt(Object(CodeIgniter\Router\RouteCollection))
#7 /home/nobrefli/aoseugosto.eu.org/system/CodeIgniter.php(320): CodeIgniter\CodeIgniter->handleRequest(NULL, Object(Config\Cache), false)
#8 /home/nobrefli/aoseugosto.eu.org/public/index.php(45): CodeIgniter\CodeIgniter->run()
#9 {main}
ERROR - 2023-08-23 18:40:08 --> Table 'nobrefli_vipembed.settings' doesn't exist
CRITICAL - 2023-08-23 18:40:08 --> Call to a member function getResultArray() on bool
#0 /home/nobrefli/aoseugosto.eu.org/system/Config/Factories.php(110): App\Config\Settings->__construct()
#1 /home/nobrefli/aoseugosto.eu.org/system/Common.php(198): CodeIgniter\Config\Factories::__callStatic('config', Array)
#2 /home/nobrefli/aoseugosto.eu.org/app/Helpers/config_helper.php(8): config('Settings')
#3 /home/nobrefli/aoseugosto.eu.org/app/Helpers/config_helper.php(65): get_config('embed_slug')
#4 /home/nobrefli/aoseugosto.eu.org/app/Config/Routes.php(115): embed_slug()
#5 /home/nobrefli/aoseugosto.eu.org/system/CodeIgniter.php(711): require('/home/nobrefli/...')
#6 /home/nobrefli/aoseugosto.eu.org/system/CodeIgniter.php(361): CodeIgniter\CodeIgniter->tryToRouteIt(Object(CodeIgniter\Router\RouteCollection))
#7 /home/nobrefli/aoseugosto.eu.org/system/CodeIgniter.php(320): CodeIgniter\CodeIgniter->handleRequest(NULL, Object(Config\Cache), false)
#8 /home/nobrefli/aoseugosto.eu.org/public/index.php(45): CodeIgniter\CodeIgniter->run()
#9 {main}
ERROR - 2023-08-23 18:40:09 --> Table 'nobrefli_vipembed.settings' doesn't exist
CRITICAL - 2023-08-23 18:40:09 --> Call to a member function getResultArray() on bool
#0 /home/nobrefli/aoseugosto.eu.org/system/Config/Factories.php(110): App\Config\Settings->__construct()
#1 /home/nobrefli/aoseugosto.eu.org/system/Common.php(198): CodeIgniter\Config\Factories::__callStatic('config', Array)
#2 /home/nobrefli/aoseugosto.eu.org/app/Helpers/config_helper.php(8): config('Settings')
#3 /home/nobrefli/aoseugosto.eu.org/app/Helpers/config_helper.php(65): get_config('embed_slug')
#4 /home/nobrefli/aoseugosto.eu.org/app/Config/Routes.php(115): embed_slug()
#5 /home/nobrefli/aoseugosto.eu.org/system/CodeIgniter.php(711): require('/home/nobrefli/...')
#6 /home/nobrefli/aoseugosto.eu.org/system/CodeIgniter.php(361): CodeIgniter\CodeIgniter->tryToRouteIt(Object(CodeIgniter\Router\RouteCollection))
#7 /home/nobrefli/aoseugosto.eu.org/system/CodeIgniter.php(320): CodeIgniter\CodeIgniter->handleRequest(NULL, Object(Config\Cache), false)
#8 /home/nobrefli/aoseugosto.eu.org/public/index.php(45): CodeIgniter\CodeIgniter->run()
#9 {main}
ERROR - 2023-08-23 18:40:10 --> Table 'nobrefli_vipembed.settings' doesn't exist
CRITICAL - 2023-08-23 18:40:10 --> Call to a member function getResultArray() on bool
#0 /home/nobrefli/aoseugosto.eu.org/system/Config/Factories.php(110): App\Config\Settings->__construct()
#1 /home/nobrefli/aoseugosto.eu.org/system/Common.php(198): CodeIgniter\Config\Factories::__callStatic('config', Array)
#2 /home/nobrefli/aoseugosto.eu.org/app/Helpers/config_helper.php(8): config('Settings')
#3 /home/nobrefli/aoseugosto.eu.org/app/Helpers/config_helper.php(65): get_config('embed_slug')
#4 /home/nobrefli/aoseugosto.eu.org/app/Config/Routes.php(115): embed_slug()
#5 /home/nobrefli/aoseugosto.eu.org/system/CodeIgniter.php(711): require('/home/nobrefli/...')
#6 /home/nobrefli/aoseugosto.eu.org/system/CodeIgniter.php(361): CodeIgniter\CodeIgniter->tryToRouteIt(Object(CodeIgniter\Router\RouteCollection))
#7 /home/nobrefli/aoseugosto.eu.org/system/CodeIgniter.php(320): CodeIgniter\CodeIgniter->handleRequest(NULL, Object(Config\Cache), false)
#8 /home/nobrefli/aoseugosto.eu.org/public/index.php(45): CodeIgniter\CodeIgniter->run()
#9 {main}
ERROR - 2023-08-23 18:40:11 --> Table 'nobrefli_vipembed.settings' doesn't exist
CRITICAL - 2023-08-23 18:40:11 --> Call to a member function getResultArray() on bool
#0 /home/nobrefli/aoseugosto.eu.org/system/Config/Factories.php(110): App\Config\Settings->__construct()
#1 /home/nobrefli/aoseugosto.eu.org/system/Common.php(198): CodeIgniter\Config\Factories::__callStatic('config', Array)
#2 /home/nobrefli/aoseugosto.eu.org/app/Helpers/config_helper.php(8): config('Settings')
#3 /home/nobrefli/aoseugosto.eu.org/app/Helpers/config_helper.php(65): get_config('embed_slug')
#4 /home/nobrefli/aoseugosto.eu.org/app/Config/Routes.php(115): embed_slug()
#5 /home/nobrefli/aoseugosto.eu.org/system/CodeIgniter.php(711): require('/home/nobrefli/...')
#6 /home/nobrefli/aoseugosto.eu.org/system/CodeIgniter.php(361): CodeIgniter\CodeIgniter->tryToRouteIt(Object(CodeIgniter\Router\RouteCollection))
#7 /home/nobrefli/aoseugosto.eu.org/system/CodeIgniter.php(320): CodeIgniter\CodeIgniter->handleRequest(NULL, Object(Config\Cache), false)
#8 /home/nobrefli/aoseugosto.eu.org/public/index.php(45): CodeIgniter\CodeIgniter->run()
#9 {main}
ERROR - 2023-08-23 18:40:13 --> Table 'nobrefli_vipembed.settings' doesn't exist
CRITICAL - 2023-08-23 18:40:13 --> Call to a member function getResultArray() on bool
#0 /home/nobrefli/aoseugosto.eu.org/system/Config/Factories.php(110): App\Config\Settings->__construct()
#1 /home/nobrefli/aoseugosto.eu.org/system/Common.php(198): CodeIgniter\Config\Factories::__callStatic('config', Array)
#2 /home/nobrefli/aoseugosto.eu.org/app/Helpers/config_helper.php(8): config('Settings')
#3 /home/nobrefli/aoseugosto.eu.org/app/Helpers/config_helper.php(65): get_config('embed_slug')
#4 /home/nobrefli/aoseugosto.eu.org/app/Config/Routes.php(115): embed_slug()
#5 /home/nobrefli/aoseugosto.eu.org/system/CodeIgniter.php(711): require('/home/nobrefli/...')
#6 /home/nobrefli/aoseugosto.eu.org/system/CodeIgniter.php(361): CodeIgniter\CodeIgniter->tryToRouteIt(Object(CodeIgniter\Router\RouteCollection))
#7 /home/nobrefli/aoseugosto.eu.org/system/CodeIgniter.php(320): CodeIgniter\CodeIgniter->handleRequest(NULL, Object(Config\Cache), false)
#8 /home/nobrefli/aoseugosto.eu.org/public/index.php(45): CodeIgniter\CodeIgniter->run()
#9 {main}
ERROR - 2023-08-23 18:40:13 --> Table 'nobrefli_vipembed.settings' doesn't exist
CRITICAL - 2023-08-23 18:40:13 --> Call to a member function getResultArray() on bool
#0 /home/nobrefli/aoseugosto.eu.org/system/Config/Factories.php(110): App\Config\Settings->__construct()
#1 /home/nobrefli/aoseugosto.eu.org/system/Common.php(198): CodeIgniter\Config\Factories::__callStatic('config', Array)
#2 /home/nobrefli/aoseugosto.eu.org/app/Helpers/config_helper.php(8): config('Settings')
#3 /home/nobrefli/aoseugosto.eu.org/app/Helpers/config_helper.php(65): get_config('embed_slug')
#4 /home/nobrefli/aoseugosto.eu.org/app/Config/Routes.php(115): embed_slug()
#5 /home/nobrefli/aoseugosto.eu.org/system/CodeIgniter.php(711): require('/home/nobrefli/...')
#6 /home/nobrefli/aoseugosto.eu.org/system/CodeIgniter.php(361): CodeIgniter\CodeIgniter->tryToRouteIt(Object(CodeIgniter\Router\RouteCollection))
#7 /home/nobrefli/aoseugosto.eu.org/system/CodeIgniter.php(320): CodeIgniter\CodeIgniter->handleRequest(NULL, Object(Config\Cache), false)
#8 /home/nobrefli/aoseugosto.eu.org/public/index.php(45): CodeIgniter\CodeIgniter->run()
#9 {main}
ERROR - 2023-08-23 18:40:13 --> Table 'nobrefli_vipembed.settings' doesn't exist
CRITICAL - 2023-08-23 18:40:13 --> Call to a member function getResultArray() on bool
#0 /home/nobrefli/aoseugosto.eu.org/system/Config/Factories.php(110): App\Config\Settings->__construct()
#1 /home/nobrefli/aoseugosto.eu.org/system/Common.php(198): CodeIgniter\Config\Factories::__callStatic('config', Array)
#2 /home/nobrefli/aoseugosto.eu.org/app/Helpers/config_helper.php(8): config('Settings')
#3 /home/nobrefli/aoseugosto.eu.org/app/Helpers/config_helper.php(65): get_config('embed_slug')
#4 /home/nobrefli/aoseugosto.eu.org/app/Config/Routes.php(115): embed_slug()
#5 /home/nobrefli/aoseugosto.eu.org/system/CodeIgniter.php(711): require('/home/nobrefli/...')
#6 /home/nobrefli/aoseugosto.eu.org/system/CodeIgniter.php(361): CodeIgniter\CodeIgniter->tryToRouteIt(Object(CodeIgniter\Router\RouteCollection))
#7 /home/nobrefli/aoseugosto.eu.org/system/CodeIgniter.php(320): CodeIgniter\CodeIgniter->handleRequest(NULL, Object(Config\Cache), false)
#8 /home/nobrefli/aoseugosto.eu.org/public/index.php(45): CodeIgniter\CodeIgniter->run()
#9 {main}
ERROR - 2023-08-23 18:40:13 --> Table 'nobrefli_vipembed.settings' doesn't exist
CRITICAL - 2023-08-23 18:40:13 --> Call to a member function getResultArray() on bool
#0 /home/nobrefli/aoseugosto.eu.org/system/Config/Factories.php(110): App\Config\Settings->__construct()
#1 /home/nobrefli/aoseugosto.eu.org/system/Common.php(198): CodeIgniter\Config\Factories::__callStatic('config', Array)
#2 /home/nobrefli/aoseugosto.eu.org/app/Helpers/config_helper.php(8): config('Settings')
#3 /home/nobrefli/aoseugosto.eu.org/app/Helpers/config_helper.php(65): get_config('embed_slug')
#4 /home/nobrefli/aoseugosto.eu.org/app/Config/Routes.php(115): embed_slug()
#5 /home/nobrefli/aoseugosto.eu.org/system/CodeIgniter.php(711): require('/home/nobrefli/...')
#6 /home/nobrefli/aoseugosto.eu.org/system/CodeIgniter.php(361): CodeIgniter\CodeIgniter->tryToRouteIt(Object(CodeIgniter\Router\RouteCollection))
#7 /home/nobrefli/aoseugosto.eu.org/system/CodeIgniter.php(320): CodeIgniter\CodeIgniter->handleRequest(NULL, Object(Config\Cache), false)
#8 /home/nobrefli/aoseugosto.eu.org/public/index.php(45): CodeIgniter\CodeIgniter->run()
#9 {main}
ERROR - 2023-08-23 18:40:14 --> Table 'nobrefli_vipembed.settings' doesn't exist
CRITICAL - 2023-08-23 18:40:14 --> Call to a member function getResultArray() on bool
#0 /home/nobrefli/aoseugosto.eu.org/system/Config/Factories.php(110): App\Config\Settings->__construct()
#1 /home/nobrefli/aoseugosto.eu.org/system/Common.php(198): CodeIgniter\Config\Factories::__callStatic('config', Array)
#2 /home/nobrefli/aoseugosto.eu.org/app/Helpers/config_helper.php(8): config('Settings')
#3 /home/nobrefli/aoseugosto.eu.org/app/Helpers/config_helper.php(65): get_config('embed_slug')
#4 /home/nobrefli/aoseugosto.eu.org/app/Config/Routes.php(115): embed_slug()
#5 /home/nobrefli/aoseugosto.eu.org/system/CodeIgniter.php(711): require('/home/nobrefli/...')
#6 /home/nobrefli/aoseugosto.eu.org/system/CodeIgniter.php(361): CodeIgniter\CodeIgniter->tryToRouteIt(Object(CodeIgniter\Router\RouteCollection))
#7 /home/nobrefli/aoseugosto.eu.org/system/CodeIgniter.php(320): CodeIgniter\CodeIgniter->handleRequest(NULL, Object(Config\Cache), false)
#8 /home/nobrefli/aoseugosto.eu.org/public/index.php(45): CodeIgniter\CodeIgniter->run()
#9 {main}
ERROR - 2023-08-23 18:40:14 --> Table 'nobrefli_vipembed.settings' doesn't exist
CRITICAL - 2023-08-23 18:40:14 --> Call to a member function getResultArray() on bool
#0 /home/nobrefli/aoseugosto.eu.org/system/Config/Factories.php(110): App\Config\Settings->__construct()
#1 /home/nobrefli/aoseugosto.eu.org/system/Common.php(198): CodeIgniter\Config\Factories::__callStatic('config', Array)
#2 /home/nobrefli/aoseugosto.eu.org/app/Helpers/config_helper.php(8): config('Settings')
#3 /home/nobrefli/aoseugosto.eu.org/app/Helpers/config_helper.php(65): get_config('embed_slug')
#4 /home/nobrefli/aoseugosto.eu.org/app/Config/Routes.php(115): embed_slug()
#5 /home/nobrefli/aoseugosto.eu.org/system/CodeIgniter.php(711): require('/home/nobrefli/...')
#6 /home/nobrefli/aoseugosto.eu.org/system/CodeIgniter.php(361): CodeIgniter\CodeIgniter->tryToRouteIt(Object(CodeIgniter\Router\RouteCollection))
#7 /home/nobrefli/aoseugosto.eu.org/system/CodeIgniter.php(320): CodeIgniter\CodeIgniter->handleRequest(NULL, Object(Config\Cache), false)
#8 /home/nobrefli/aoseugosto.eu.org/public/index.php(45): CodeIgniter\CodeIgniter->run()
#9 {main}
ERROR - 2023-08-23 18:40:14 --> Table 'nobrefli_vipembed.settings' doesn't exist
CRITICAL - 2023-08-23 18:40:14 --> Call to a member function getResultArray() on bool
#0 /home/nobrefli/aoseugosto.eu.org/system/Config/Factories.php(110): App\Config\Settings->__construct()
#1 /home/nobrefli/aoseugosto.eu.org/system/Common.php(198): CodeIgniter\Config\Factories::__callStatic('config', Array)
#2 /home/nobrefli/aoseugosto.eu.org/app/Helpers/config_helper.php(8): config('Settings')
#3 /home/nobrefli/aoseugosto.eu.org/app/Helpers/config_helper.php(65): get_config('embed_slug')
#4 /home/nobrefli/aoseugosto.eu.org/app/Config/Routes.php(115): embed_slug()
#5 /home/nobrefli/aoseugosto.eu.org/system/CodeIgniter.php(711): require('/home/nobrefli/...')
#6 /home/nobrefli/aoseugosto.eu.org/system/CodeIgniter.php(361): CodeIgniter\CodeIgniter->tryToRouteIt(Object(CodeIgniter\Router\RouteCollection))
#7 /home/nobrefli/aoseugosto.eu.org/system/CodeIgniter.php(320): CodeIgniter\CodeIgniter->handleRequest(NULL, Object(Config\Cache), false)
#8 /home/nobrefli/aoseugosto.eu.org/public/index.php(45): CodeIgniter\CodeIgniter->run()
#9 {main}
ERROR - 2023-08-23 18:40:14 --> Table 'nobrefli_vipembed.settings' doesn't exist
CRITICAL - 2023-08-23 18:40:14 --> Call to a member function getResultArray() on bool
#0 /home/nobrefli/aoseugosto.eu.org/system/Config/Factories.php(110): App\Config\Settings->__construct()
#1 /home/nobrefli/aoseugosto.eu.org/system/Common.php(198): CodeIgniter\Config\Factories::__callStatic('config', Array)
#2 /home/nobrefli/aoseugosto.eu.org/app/Helpers/config_helper.php(8): config('Settings')
#3 /home/nobrefli/aoseugosto.eu.org/app/Helpers/config_helper.php(65): get_config('embed_slug')
#4 /home/nobrefli/aoseugosto.eu.org/app/Config/Routes.php(115): embed_slug()
#5 /home/nobrefli/aoseugosto.eu.org/system/CodeIgniter.php(711): require('/home/nobrefli/...')
#6 /home/nobrefli/aoseugosto.eu.org/system/CodeIgniter.php(361): CodeIgniter\CodeIgniter->tryToRouteIt(Object(CodeIgniter\Router\RouteCollection))
#7 /home/nobrefli/aoseugosto.eu.org/system/CodeIgniter.php(320): CodeIgniter\CodeIgniter->handleRequest(NULL, Object(Config\Cache), false)
#8 /home/nobrefli/aoseugosto.eu.org/public/index.php(45): CodeIgniter\CodeIgniter->run()
#9 {main}
ERROR - 2023-08-23 18:40:15 --> Table 'nobrefli_vipembed.settings' doesn't exist
CRITICAL - 2023-08-23 18:40:15 --> Call to a member function getResultArray() on bool
#0 /home/nobrefli/aoseugosto.eu.org/system/Config/Factories.php(110): App\Config\Settings->__construct()
#1 /home/nobrefli/aoseugosto.eu.org/system/Common.php(198): CodeIgniter\Config\Factories::__callStatic('config', Array)
#2 /home/nobrefli/aoseugosto.eu.org/app/Helpers/config_helper.php(8): config('Settings')
#3 /home/nobrefli/aoseugosto.eu.org/app/Helpers/config_helper.php(65): get_config('embed_slug')
#4 /home/nobrefli/aoseugosto.eu.org/app/Config/Routes.php(115): embed_slug()
#5 /home/nobrefli/aoseugosto.eu.org/system/CodeIgniter.php(711): require('/home/nobrefli/...')
#6 /home/nobrefli/aoseugosto.eu.org/system/CodeIgniter.php(361): CodeIgniter\CodeIgniter->tryToRouteIt(Object(CodeIgniter\Router\RouteCollection))
#7 /home/nobrefli/aoseugosto.eu.org/system/CodeIgniter.php(320): CodeIgniter\CodeIgniter->handleRequest(NULL, Object(Config\Cache), false)
#8 /home/nobrefli/aoseugosto.eu.org/public/index.php(45): CodeIgniter\CodeIgniter->run()
#9 {main}
ERROR - 2023-08-23 18:40:17 --> Table 'nobrefli_vipembed.settings' doesn't exist
CRITICAL - 2023-08-23 18:40:17 --> Call to a member function getResultArray() on bool
#0 /home/nobrefli/aoseugosto.eu.org/system/Config/Factories.php(110): App\Config\Settings->__construct()
#1 /home/nobrefli/aoseugosto.eu.org/system/Common.php(198): CodeIgniter\Config\Factories::__callStatic('config', Array)
#2 /home/nobrefli/aoseugosto.eu.org/app/Helpers/config_helper.php(8): config('Settings')
#3 /home/nobrefli/aoseugosto.eu.org/app/Helpers/config_helper.php(65): get_config('embed_slug')
#4 /home/nobrefli/aoseugosto.eu.org/app/Config/Routes.php(115): embed_slug()
#5 /home/nobrefli/aoseugosto.eu.org/system/CodeIgniter.php(711): require('/home/nobrefli/...')
#6 /home/nobrefli/aoseugosto.eu.org/system/CodeIgniter.php(361): CodeIgniter\CodeIgniter->tryToRouteIt(Object(CodeIgniter\Router\RouteCollection))
#7 /home/nobrefli/aoseugosto.eu.org/system/CodeIgniter.php(320): CodeIgniter\CodeIgniter->handleRequest(NULL, Object(Config\Cache), false)
#8 /home/nobrefli/aoseugosto.eu.org/public/index.php(45): CodeIgniter\CodeIgniter->run()
#9 {main}
ERROR - 2023-08-23 18:40:19 --> Table 'nobrefli_vipembed.settings' doesn't exist
CRITICAL - 2023-08-23 18:40:19 --> Call to a member function getResultArray() on bool
#0 /home/nobrefli/aoseugosto.eu.org/system/Config/Factories.php(110): App\Config\Settings->__construct()
#1 /home/nobrefli/aoseugosto.eu.org/system/Common.php(198): CodeIgniter\Config\Factories::__callStatic('config', Array)
#2 /home/nobrefli/aoseugosto.eu.org/app/Helpers/config_helper.php(8): config('Settings')
#3 /home/nobrefli/aoseugosto.eu.org/app/Helpers/config_helper.php(65): get_config('embed_slug')
#4 /home/nobrefli/aoseugosto.eu.org/app/Config/Routes.php(115): embed_slug()
#5 /home/nobrefli/aoseugosto.eu.org/system/CodeIgniter.php(711): require('/home/nobrefli/...')
#6 /home/nobrefli/aoseugosto.eu.org/system/CodeIgniter.php(361): CodeIgniter\CodeIgniter->tryToRouteIt(Object(CodeIgniter\Router\RouteCollection))
#7 /home/nobrefli/aoseugosto.eu.org/system/CodeIgniter.php(320): CodeIgniter\CodeIgniter->handleRequest(NULL, Object(Config\Cache), false)
#8 /home/nobrefli/aoseugosto.eu.org/public/index.php(45): CodeIgniter\CodeIgniter->run()
#9 {main}
ERROR - 2023-08-23 18:40:22 --> Table 'nobrefli_vipembed.settings' doesn't exist
CRITICAL - 2023-08-23 18:40:22 --> Call to a member function getResultArray() on bool
#0 /home/nobrefli/aoseugosto.eu.org/system/Config/Factories.php(110): App\Config\Settings->__construct()
#1 /home/nobrefli/aoseugosto.eu.org/system/Common.php(198): CodeIgniter\Config\Factories::__callStatic('config', Array)
#2 /home/nobrefli/aoseugosto.eu.org/app/Helpers/config_helper.php(8): config('Settings')
#3 /home/nobrefli/aoseugosto.eu.org/app/Helpers/config_helper.php(65): get_config('embed_slug')
#4 /home/nobrefli/aoseugosto.eu.org/app/Config/Routes.php(115): embed_slug()
#5 /home/nobrefli/aoseugosto.eu.org/system/CodeIgniter.php(711): require('/home/nobrefli/...')
#6 /home/nobrefli/aoseugosto.eu.org/system/CodeIgniter.php(361): CodeIgniter\CodeIgniter->tryToRouteIt(Object(CodeIgniter\Router\RouteCollection))
#7 /home/nobrefli/aoseugosto.eu.org/system/CodeIgniter.php(320): CodeIgniter\CodeIgniter->handleRequest(NULL, Object(Config\Cache), false)
#8 /home/nobrefli/aoseugosto.eu.org/public/index.php(45): CodeIgniter\CodeIgniter->run()
#9 {main}
ERROR - 2023-08-23 18:40:22 --> Table 'nobrefli_vipembed.settings' doesn't exist
CRITICAL - 2023-08-23 18:40:22 --> Call to a member function getResultArray() on bool
#0 /home/nobrefli/aoseugosto.eu.org/system/Config/Factories.php(110): App\Config\Settings->__construct()
#1 /home/nobrefli/aoseugosto.eu.org/system/Common.php(198): CodeIgniter\Config\Factories::__callStatic('config', Array)
#2 /home/nobrefli/aoseugosto.eu.org/app/Helpers/config_helper.php(8): config('Settings')
#3 /home/nobrefli/aoseugosto.eu.org/app/Helpers/config_helper.php(65): get_config('embed_slug')
#4 /home/nobrefli/aoseugosto.eu.org/app/Config/Routes.php(115): embed_slug()
#5 /home/nobrefli/aoseugosto.eu.org/system/CodeIgniter.php(711): require('/home/nobrefli/...')
#6 /home/nobrefli/aoseugosto.eu.org/system/CodeIgniter.php(361): CodeIgniter\CodeIgniter->tryToRouteIt(Object(CodeIgniter\Router\RouteCollection))
#7 /home/nobrefli/aoseugosto.eu.org/system/CodeIgniter.php(320): CodeIgniter\CodeIgniter->handleRequest(NULL, Object(Config\Cache), false)
#8 /home/nobrefli/aoseugosto.eu.org/public/index.php(45): CodeIgniter\CodeIgniter->run()
#9 {main}
ERROR - 2023-08-23 18:40:22 --> Table 'nobrefli_vipembed.settings' doesn't exist
CRITICAL - 2023-08-23 18:40:22 --> Call to a member function getResultArray() on bool
#0 /home/nobrefli/aoseugosto.eu.org/system/Config/Factories.php(110): App\Config\Settings->__construct()
#1 /home/nobrefli/aoseugosto.eu.org/system/Common.php(198): CodeIgniter\Config\Factories::__callStatic('config', Array)
#2 /home/nobrefli/aoseugosto.eu.org/app/Helpers/config_helper.php(8): config('Settings')
#3 /home/nobrefli/aoseugosto.eu.org/app/Helpers/config_helper.php(65): get_config('embed_slug')
#4 /home/nobrefli/aoseugosto.eu.org/app/Config/Routes.php(115): embed_slug()
#5 /home/nobrefli/aoseugosto.eu.org/system/CodeIgniter.php(711): require('/home/nobrefli/...')
#6 /home/nobrefli/aoseugosto.eu.org/system/CodeIgniter.php(361): CodeIgniter\CodeIgniter->tryToRouteIt(Object(CodeIgniter\Router\RouteCollection))
#7 /home/nobrefli/aoseugosto.eu.org/system/CodeIgniter.php(320): CodeIgniter\CodeIgniter->handleRequest(NULL, Object(Config\Cache), false)
#8 /home/nobrefli/aoseugosto.eu.org/public/index.php(45): CodeIgniter\CodeIgniter->run()
#9 {main}
ERROR - 2023-08-23 18:40:23 --> Table 'nobrefli_vipembed.settings' doesn't exist
CRITICAL - 2023-08-23 18:40:23 --> Call to a member function getResultArray() on bool
#0 /home/nobrefli/aoseugosto.eu.org/system/Config/Factories.php(110): App\Config\Settings->__construct()
#1 /home/nobrefli/aoseugosto.eu.org/system/Common.php(198): CodeIgniter\Config\Factories::__callStatic('config', Array)
#2 /home/nobrefli/aoseugosto.eu.org/app/Helpers/config_helper.php(8): config('Settings')
#3 /home/nobrefli/aoseugosto.eu.org/app/Helpers/config_helper.php(65): get_config('embed_slug')
#4 /home/nobrefli/aoseugosto.eu.org/app/Config/Routes.php(115): embed_slug()
#5 /home/nobrefli/aoseugosto.eu.org/system/CodeIgniter.php(711): require('/home/nobrefli/...')
#6 /home/nobrefli/aoseugosto.eu.org/system/CodeIgniter.php(361): CodeIgniter\CodeIgniter->tryToRouteIt(Object(CodeIgniter\Router\RouteCollection))
#7 /home/nobrefli/aoseugosto.eu.org/system/CodeIgniter.php(320): CodeIgniter\CodeIgniter->handleRequest(NULL, Object(Config\Cache), false)
#8 /home/nobrefli/aoseugosto.eu.org/public/index.php(45): CodeIgniter\CodeIgniter->run()
#9 {main}
ERROR - 2023-08-23 18:40:23 --> Table 'nobrefli_vipembed.settings' doesn't exist
CRITICAL - 2023-08-23 18:40:23 --> Call to a member function getResultArray() on bool
#0 /home/nobrefli/aoseugosto.eu.org/system/Config/Factories.php(110): App\Config\Settings->__construct()
#1 /home/nobrefli/aoseugosto.eu.org/system/Common.php(198): CodeIgniter\Config\Factories::__callStatic('config', Array)
#2 /home/nobrefli/aoseugosto.eu.org/app/Helpers/config_helper.php(8): config('Settings')
#3 /home/nobrefli/aoseugosto.eu.org/app/Helpers/config_helper.php(65): get_config('embed_slug')
#4 /home/nobrefli/aoseugosto.eu.org/app/Config/Routes.php(115): embed_slug()
#5 /home/nobrefli/aoseugosto.eu.org/system/CodeIgniter.php(711): require('/home/nobrefli/...')
#6 /home/nobrefli/aoseugosto.eu.org/system/CodeIgniter.php(361): CodeIgniter\CodeIgniter->tryToRouteIt(Object(CodeIgniter\Router\RouteCollection))
#7 /home/nobrefli/aoseugosto.eu.org/system/CodeIgniter.php(320): CodeIgniter\CodeIgniter->handleRequest(NULL, Object(Config\Cache), false)
#8 /home/nobrefli/aoseugosto.eu.org/public/index.php(45): CodeIgniter\CodeIgniter->run()
#9 {main}
ERROR - 2023-08-23 18:40:24 --> Table 'nobrefli_vipembed.settings' doesn't exist
CRITICAL - 2023-08-23 18:40:24 --> Call to a member function getResultArray() on bool
#0 /home/nobrefli/aoseugosto.eu.org/system/Config/Factories.php(110): App\Config\Settings->__construct()
#1 /home/nobrefli/aoseugosto.eu.org/system/Common.php(198): CodeIgniter\Config\Factories::__callStatic('config', Array)
#2 /home/nobrefli/aoseugosto.eu.org/app/Helpers/config_helper.php(8): config('Settings')
#3 /home/nobrefli/aoseugosto.eu.org/app/Helpers/config_helper.php(65): get_config('embed_slug')
#4 /home/nobrefli/aoseugosto.eu.org/app/Config/Routes.php(115): embed_slug()
#5 /home/nobrefli/aoseugosto.eu.org/system/CodeIgniter.php(711): require('/home/nobrefli/...')
#6 /home/nobrefli/aoseugosto.eu.org/system/CodeIgniter.php(361): CodeIgniter\CodeIgniter->tryToRouteIt(Object(CodeIgniter\Router\RouteCollection))
#7 /home/nobrefli/aoseugosto.eu.org/system/CodeIgniter.php(320): CodeIgniter\CodeIgniter->handleRequest(NULL, Object(Config\Cache), false)
#8 /home/nobrefli/aoseugosto.eu.org/public/index.php(45): CodeIgniter\CodeIgniter->run()
#9 {main}
ERROR - 2023-08-23 18:49:19 --> Table 'nobrefli_vipembed.settings' doesn't exist
CRITICAL - 2023-08-23 18:49:19 --> Call to a member function getResultArray() on bool
#0 /home/nobrefli/aoseugosto.eu.org/system/Config/Factories.php(110): App\Config\Settings->__construct()
#1 /home/nobrefli/aoseugosto.eu.org/system/Common.php(198): CodeIgniter\Config\Factories::__callStatic('config', Array)
#2 /home/nobrefli/aoseugosto.eu.org/app/Helpers/config_helper.php(8): config('Settings')
#3 /home/nobrefli/aoseugosto.eu.org/app/Helpers/config_helper.php(65): get_config('embed_slug')
#4 /home/nobrefli/aoseugosto.eu.org/app/Config/Routes.php(115): embed_slug()
#5 /home/nobrefli/aoseugosto.eu.org/system/CodeIgniter.php(711): require('/home/nobrefli/...')
#6 /home/nobrefli/aoseugosto.eu.org/system/CodeIgniter.php(361): CodeIgniter\CodeIgniter->tryToRouteIt(Object(CodeIgniter\Router\RouteCollection))
#7 /home/nobrefli/aoseugosto.eu.org/system/CodeIgniter.php(320): CodeIgniter\CodeIgniter->handleRequest(NULL, Object(Config\Cache), false)
#8 /home/nobrefli/aoseugosto.eu.org/public/index.php(45): CodeIgniter\CodeIgniter->run()
#9 {main}
ERROR - 2023-08-23 18:49:21 --> Table 'nobrefli_vipembed.settings' doesn't exist
CRITICAL - 2023-08-23 18:49:21 --> Call to a member function getResultArray() on bool
#0 /home/nobrefli/aoseugosto.eu.org/system/Config/Factories.php(110): App\Config\Settings->__construct()
#1 /home/nobrefli/aoseugosto.eu.org/system/Common.php(198): CodeIgniter\Config\Factories::__callStatic('config', Array)
#2 /home/nobrefli/aoseugosto.eu.org/app/Helpers/config_helper.php(8): config('Settings')
#3 /home/nobrefli/aoseugosto.eu.org/app/Helpers/config_helper.php(65): get_config('embed_slug')
#4 /home/nobrefli/aoseugosto.eu.org/app/Config/Routes.php(115): embed_slug()
#5 /home/nobrefli/aoseugosto.eu.org/system/CodeIgniter.php(711): require('/home/nobrefli/...')
#6 /home/nobrefli/aoseugosto.eu.org/system/CodeIgniter.php(361): CodeIgniter\CodeIgniter->tryToRouteIt(Object(CodeIgniter\Router\RouteCollection))
#7 /home/nobrefli/aoseugosto.eu.org/system/CodeIgniter.php(320): CodeIgniter\CodeIgniter->handleRequest(NULL, Object(Config\Cache), false)
#8 /home/nobrefli/aoseugosto.eu.org/public/index.php(45): CodeIgniter\CodeIgniter->run()
#9 {main}
ERROR - 2023-08-23 10:20:58 --> Table 'nobrefli_vipembed.visitors' doesn't exist
CRITICAL - 2023-08-23 10:20:58 --> Call to a member function getResult() on bool
#0 /home/nobrefli/aoseugosto.eu.org/system/BaseModel.php(523): CodeIgniter\Model->doFind(false, NULL)
#1 /home/nobrefli/aoseugosto.eu.org/app/Models/MovieModel.php(1199): CodeIgniter\BaseModel->find()
#2 /home/nobrefli/aoseugosto.eu.org/app/Controllers/Home.php(69): App\Models\MovieModel->getTrendingList()
#3 /home/nobrefli/aoseugosto.eu.org/system/CodeIgniter.php(830): App\Controllers\Home->index()
#4 /home/nobrefli/aoseugosto.eu.org/system/CodeIgniter.php(412): CodeIgniter\CodeIgniter->runController(Object(App\Controllers\Home))
#5 /home/nobrefli/aoseugosto.eu.org/system/CodeIgniter.php(320): CodeIgniter\CodeIgniter->handleRequest(NULL, Object(Config\Cache), false)
#6 /home/nobrefli/aoseugosto.eu.org/public/index.php(45): CodeIgniter\CodeIgniter->run()
#7 {main}
ERROR - 2023-08-23 10:23:02 --> The SELECT would examine more than MAX_JOIN_SIZE rows; check your WHERE and use SET SQL_BIG_SELECTS=1 or SET MAX_JOIN_SIZE=# if the SELECT is okay
CRITICAL - 2023-08-23 10:23:02 --> Call to a member function getResult() on bool
#0 /home/nobrefli/aoseugosto.eu.org/system/BaseModel.php(523): CodeIgniter\Model->doFind(false, NULL)
#1 /home/nobrefli/aoseugosto.eu.org/app/Models/MovieModel.php(1199): CodeIgniter\BaseModel->find()
#2 /home/nobrefli/aoseugosto.eu.org/app/Controllers/Home.php(69): App\Models\MovieModel->getTrendingList()
#3 /home/nobrefli/aoseugosto.eu.org/system/CodeIgniter.php(830): App\Controllers\Home->index()
#4 /home/nobrefli/aoseugosto.eu.org/system/CodeIgniter.php(412): CodeIgniter\CodeIgniter->runController(Object(App\Controllers\Home))
#5 /home/nobrefli/aoseugosto.eu.org/system/CodeIgniter.php(320): CodeIgniter\CodeIgniter->handleRequest(NULL, Object(Config\Cache), false)
#6 /home/nobrefli/aoseugosto.eu.org/public/index.php(45): CodeIgniter\CodeIgniter->run()
#7 {main}
ERROR - 2023-08-23 10:23:21 --> The SELECT would examine more than MAX_JOIN_SIZE rows; check your WHERE and use SET SQL_BIG_SELECTS=1 or SET MAX_JOIN_SIZE=# if the SELECT is okay
CRITICAL - 2023-08-23 10:23:21 --> Call to a member function getResult() on bool
#0 /home/nobrefli/aoseugosto.eu.org/system/BaseModel.php(523): CodeIgniter\Model->doFind(false, NULL)
#1 /home/nobrefli/aoseugosto.eu.org/app/Models/MovieModel.php(1199): CodeIgniter\BaseModel->find()
#2 /home/nobrefli/aoseugosto.eu.org/app/Controllers/Home.php(69): App\Models\MovieModel->getTrendingList()
#3 /home/nobrefli/aoseugosto.eu.org/system/CodeIgniter.php(830): App\Controllers\Home->index()
#4 /home/nobrefli/aoseugosto.eu.org/system/CodeIgniter.php(412): CodeIgniter\CodeIgniter->runController(Object(App\Controllers\Home))
#5 /home/nobrefli/aoseugosto.eu.org/system/CodeIgniter.php(320): CodeIgniter\CodeIgniter->handleRequest(NULL, Object(Config\Cache), false)
#6 /home/nobrefli/aoseugosto.eu.org/public/index.php(45): CodeIgniter\CodeIgniter->run()
#7 {main}
ERROR - 2023-08-23 10:25:02 --> The SELECT would examine more than MAX_JOIN_SIZE rows; check your WHERE and use SET SQL_BIG_SELECTS=1 or SET MAX_JOIN_SIZE=# if the SELECT is okay
CRITICAL - 2023-08-23 10:25:02 --> Call to a member function getResult() on bool
#0 /home/nobrefli/aoseugosto.eu.org/system/BaseModel.php(523): CodeIgniter\Model->doFind(false, NULL)
#1 /home/nobrefli/aoseugosto.eu.org/app/Models/MovieModel.php(1199): CodeIgniter\BaseModel->find()
#2 /home/nobrefli/aoseugosto.eu.org/app/Controllers/Home.php(69): App\Models\MovieModel->getTrendingList()
#3 /home/nobrefli/aoseugosto.eu.org/system/CodeIgniter.php(830): App\Controllers\Home->index()
#4 /home/nobrefli/aoseugosto.eu.org/system/CodeIgniter.php(412): CodeIgniter\CodeIgniter->runController(Object(App\Controllers\Home))
#5 /home/nobrefli/aoseugosto.eu.org/system/CodeIgniter.php(320): CodeIgniter\CodeIgniter->handleRequest(NULL, Object(Config\Cache), false)
#6 /home/nobrefli/aoseugosto.eu.org/public/index.php(45): CodeIgniter\CodeIgniter->run()
#7 {main}
ERROR - 2023-08-23 10:26:33 --> The SELECT would examine more than MAX_JOIN_SIZE rows; check your WHERE and use SET SQL_BIG_SELECTS=1 or SET MAX_JOIN_SIZE=# if the SELECT is okay
CRITICAL - 2023-08-23 10:26:33 --> Call to a member function getResult() on bool
#0 /home/nobrefli/aoseugosto.eu.org/system/BaseModel.php(523): CodeIgniter\Model->doFind(false, NULL)
#1 /home/nobrefli/aoseugosto.eu.org/app/Models/MovieModel.php(1199): CodeIgniter\BaseModel->find()
#2 /home/nobrefli/aoseugosto.eu.org/app/Controllers/Home.php(69): App\Models\MovieModel->getTrendingList()
#3 /home/nobrefli/aoseugosto.eu.org/system/CodeIgniter.php(830): App\Controllers\Home->index()
#4 /home/nobrefli/aoseugosto.eu.org/system/CodeIgniter.php(412): CodeIgniter\CodeIgniter->runController(Object(App\Controllers\Home))
#5 /home/nobrefli/aoseugosto.eu.org/system/CodeIgniter.php(320): CodeIgniter\CodeIgniter->handleRequest(NULL, Object(Config\Cache), false)
#6 /home/nobrefli/aoseugosto.eu.org/public/index.php(45): CodeIgniter\CodeIgniter->run()
#7 {main}
ERROR - 2023-08-23 10:26:43 --> The SELECT would examine more than MAX_JOIN_SIZE rows; check your WHERE and use SET SQL_BIG_SELECTS=1 or SET MAX_JOIN_SIZE=# if the SELECT is okay
CRITICAL - 2023-08-23 10:26:43 --> Call to a member function getResult() on bool
#0 /home/nobrefli/aoseugosto.eu.org/system/BaseModel.php(523): CodeIgniter\Model->doFind(false, NULL)
#1 /home/nobrefli/aoseugosto.eu.org/app/Models/MovieModel.php(1199): CodeIgniter\BaseModel->find()
#2 /home/nobrefli/aoseugosto.eu.org/app/Controllers/Home.php(69): App\Models\MovieModel->getTrendingList()
#3 /home/nobrefli/aoseugosto.eu.org/system/CodeIgniter.php(830): App\Controllers\Home->index()
#4 /home/nobrefli/aoseugosto.eu.org/system/CodeIgniter.php(412): CodeIgniter\CodeIgniter->runController(Object(App\Controllers\Home))
#5 /home/nobrefli/aoseugosto.eu.org/system/CodeIgniter.php(320): CodeIgniter\CodeIgniter->handleRequest(NULL, Object(Config\Cache), false)
#6 /home/nobrefli/aoseugosto.eu.org/public/index.php(45): CodeIgniter\CodeIgniter->run()
#7 {main}
ERROR - 2023-08-23 10:26:53 --> The SELECT would examine more than MAX_JOIN_SIZE rows; check your WHERE and use SET SQL_BIG_SELECTS=1 or SET MAX_JOIN_SIZE=# if the SELECT is okay
CRITICAL - 2023-08-23 10:26:53 --> Call to a member function getResult() on bool
#0 /home/nobrefli/aoseugosto.eu.org/system/BaseModel.php(523): CodeIgniter\Model->doFind(false, NULL)
#1 /home/nobrefli/aoseugosto.eu.org/app/Models/MovieModel.php(1199): CodeIgniter\BaseModel->find()
#2 /home/nobrefli/aoseugosto.eu.org/app/Controllers/Home.php(69): App\Models\MovieModel->getTrendingList()
#3 /home/nobrefli/aoseugosto.eu.org/system/CodeIgniter.php(830): App\Controllers\Home->index()
#4 /home/nobrefli/aoseugosto.eu.org/system/CodeIgniter.php(412): CodeIgniter\CodeIgniter->runController(Object(App\Controllers\Home))
#5 /home/nobrefli/aoseugosto.eu.org/system/CodeIgniter.php(320): CodeIgniter\CodeIgniter->handleRequest(NULL, Object(Config\Cache), false)
#6 /home/nobrefli/aoseugosto.eu.org/public/index.php(45): CodeIgniter\CodeIgniter->run()
#7 {main}
ERROR - 2023-08-23 10:27:39 --> The SELECT would examine more than MAX_JOIN_SIZE rows; check your WHERE and use SET SQL_BIG_SELECTS=1 or SET MAX_JOIN_SIZE=# if the SELECT is okay
CRITICAL - 2023-08-23 10:27:39 --> Call to a member function getResult() on bool
#0 /home/nobrefli/aoseugosto.eu.org/system/BaseModel.php(523): CodeIgniter\Model->doFind(false, NULL)
#1 /home/nobrefli/aoseugosto.eu.org/app/Models/MovieModel.php(1199): CodeIgniter\BaseModel->find()
#2 /home/nobrefli/aoseugosto.eu.org/app/Controllers/Home.php(69): App\Models\MovieModel->getTrendingList()
#3 /home/nobrefli/aoseugosto.eu.org/system/CodeIgniter.php(830): App\Controllers\Home->index()
#4 /home/nobrefli/aoseugosto.eu.org/system/CodeIgniter.php(412): CodeIgniter\CodeIgniter->runController(Object(App\Controllers\Home))
#5 /home/nobrefli/aoseugosto.eu.org/system/CodeIgniter.php(320): CodeIgniter\CodeIgniter->handleRequest(NULL, Object(Config\Cache), false)
#6 /home/nobrefli/aoseugosto.eu.org/public/index.php(45): CodeIgniter\CodeIgniter->run()
#7 {main}
ERROR - 2023-08-23 18:58:32 --> Table 'nobrefli_vipembed.settings' doesn't exist
CRITICAL - 2023-08-23 18:58:32 --> Call to a member function getResultArray() on bool
#0 /home/nobrefli/aoseugosto.eu.org/system/Config/Factories.php(110): App\Config\Settings->__construct()
#1 /home/nobrefli/aoseugosto.eu.org/system/Common.php(198): CodeIgniter\Config\Factories::__callStatic('config', Array)
#2 /home/nobrefli/aoseugosto.eu.org/app/Helpers/config_helper.php(8): config('Settings')
#3 /home/nobrefli/aoseugosto.eu.org/app/Helpers/config_helper.php(65): get_config('embed_slug')
#4 /home/nobrefli/aoseugosto.eu.org/app/Config/Routes.php(115): embed_slug()
#5 /home/nobrefli/aoseugosto.eu.org/system/CodeIgniter.php(711): require('/home/nobrefli/...')
#6 /home/nobrefli/aoseugosto.eu.org/system/CodeIgniter.php(361): CodeIgniter\CodeIgniter->tryToRouteIt(Object(CodeIgniter\Router\RouteCollection))
#7 /home/nobrefli/aoseugosto.eu.org/system/CodeIgniter.php(320): CodeIgniter\CodeIgniter->handleRequest(NULL, Object(Config\Cache), false)
#8 /home/nobrefli/aoseugosto.eu.org/public/index.php(45): CodeIgniter\CodeIgniter->run()
#9 {main}
ERROR - 2023-08-23 18:58:32 --> Table 'nobrefli_vipembed.settings' doesn't exist
CRITICAL - 2023-08-23 18:58:32 --> Call to a member function getResultArray() on bool
#0 /home/nobrefli/aoseugosto.eu.org/system/Config/Factories.php(110): App\Config\Settings->__construct()
#1 /home/nobrefli/aoseugosto.eu.org/system/Common.php(198): CodeIgniter\Config\Factories::__callStatic('config', Array)
#2 /home/nobrefli/aoseugosto.eu.org/app/Helpers/config_helper.php(8): config('Settings')
#3 /home/nobrefli/aoseugosto.eu.org/app/Helpers/config_helper.php(65): get_config('embed_slug')
#4 /home/nobrefli/aoseugosto.eu.org/app/Config/Routes.php(115): embed_slug()
#5 /home/nobrefli/aoseugosto.eu.org/system/CodeIgniter.php(711): require('/home/nobrefli/...')
#6 /home/nobrefli/aoseugosto.eu.org/system/CodeIgniter.php(361): CodeIgniter\CodeIgniter->tryToRouteIt(Object(CodeIgniter\Router\RouteCollection))
#7 /home/nobrefli/aoseugosto.eu.org/system/CodeIgniter.php(320): CodeIgniter\CodeIgniter->handleRequest(NULL, Object(Config\Cache), false)
#8 /home/nobrefli/aoseugosto.eu.org/public/index.php(45): CodeIgniter\CodeIgniter->run()
#9 {main}
ERROR - 2023-08-23 19:00:12 --> Table 'nobrefli_vipembed.settings' doesn't exist
CRITICAL - 2023-08-23 19:00:12 --> Call to a member function getResultArray() on bool
#0 /home/nobrefli/aoseugosto.eu.org/system/Config/Factories.php(110): App\Config\Settings->__construct()
#1 /home/nobrefli/aoseugosto.eu.org/system/Common.php(198): CodeIgniter\Config\Factories::__callStatic('config', Array)
#2 /home/nobrefli/aoseugosto.eu.org/app/Helpers/config_helper.php(8): config('Settings')
#3 /home/nobrefli/aoseugosto.eu.org/app/Helpers/config_helper.php(65): get_config('embed_slug')
#4 /home/nobrefli/aoseugosto.eu.org/app/Config/Routes.php(115): embed_slug()
#5 /home/nobrefli/aoseugosto.eu.org/system/CodeIgniter.php(711): require('/home/nobrefli/...')
#6 /home/nobrefli/aoseugosto.eu.org/system/CodeIgniter.php(361): CodeIgniter\CodeIgniter->tryToRouteIt(Object(CodeIgniter\Router\RouteCollection))
#7 /home/nobrefli/aoseugosto.eu.org/system/CodeIgniter.php(320): CodeIgniter\CodeIgniter->handleRequest(NULL, Object(Config\Cache), false)
#8 /home/nobrefli/aoseugosto.eu.org/public/index.php(45): CodeIgniter\CodeIgniter->run()
#9 {main}
ERROR - 2023-08-23 19:00:13 --> Table 'nobrefli_vipembed.settings' doesn't exist
CRITICAL - 2023-08-23 19:00:13 --> Call to a member function getResultArray() on bool
#0 /home/nobrefli/aoseugosto.eu.org/system/Config/Factories.php(110): App\Config\Settings->__construct()
#1 /home/nobrefli/aoseugosto.eu.org/system/Common.php(198): CodeIgniter\Config\Factories::__callStatic('config', Array)
#2 /home/nobrefli/aoseugosto.eu.org/app/Helpers/config_helper.php(8): config('Settings')
#3 /home/nobrefli/aoseugosto.eu.org/app/Helpers/config_helper.php(65): get_config('embed_slug')
#4 /home/nobrefli/aoseugosto.eu.org/app/Config/Routes.php(115): embed_slug()
#5 /home/nobrefli/aoseugosto.eu.org/system/CodeIgniter.php(711): require('/home/nobrefli/...')
#6 /home/nobrefli/aoseugosto.eu.org/system/CodeIgniter.php(361): CodeIgniter\CodeIgniter->tryToRouteIt(Object(CodeIgniter\Router\RouteCollection))
#7 /home/nobrefli/aoseugosto.eu.org/system/CodeIgniter.php(320): CodeIgniter\CodeIgniter->handleRequest(NULL, Object(Config\Cache), false)
#8 /home/nobrefli/aoseugosto.eu.org/public/index.php(45): CodeIgniter\CodeIgniter->run()
#9 {main}
ERROR - 2023-08-23 19:02:48 --> Table 'nobrefli_vipembed.settings' doesn't exist
CRITICAL - 2023-08-23 19:02:48 --> Call to a member function getResultArray() on bool
#0 /home/nobrefli/aoseugosto.eu.org/system/Config/Factories.php(110): App\Config\Settings->__construct()
#1 /home/nobrefli/aoseugosto.eu.org/system/Common.php(198): CodeIgniter\Config\Factories::__callStatic('config', Array)
#2 /home/nobrefli/aoseugosto.eu.org/app/Helpers/config_helper.php(8): config('Settings')
#3 /home/nobrefli/aoseugosto.eu.org/app/Helpers/config_helper.php(65): get_config('embed_slug')
#4 /home/nobrefli/aoseugosto.eu.org/app/Config/Routes.php(115): embed_slug()
#5 /home/nobrefli/aoseugosto.eu.org/system/CodeIgniter.php(711): require('/home/nobrefli/...')
#6 /home/nobrefli/aoseugosto.eu.org/system/CodeIgniter.php(361): CodeIgniter\CodeIgniter->tryToRouteIt(Object(CodeIgniter\Router\RouteCollection))
#7 /home/nobrefli/aoseugosto.eu.org/system/CodeIgniter.php(320): CodeIgniter\CodeIgniter->handleRequest(NULL, Object(Config\Cache), false)
#8 /home/nobrefli/aoseugosto.eu.org/public/index.php(45): CodeIgniter\CodeIgniter->run()
#9 {main}
ERROR - 2023-08-23 19:02:50 --> Table 'nobrefli_vipembed.settings' doesn't exist
CRITICAL - 2023-08-23 19:02:50 --> Call to a member function getResultArray() on bool
#0 /home/nobrefli/aoseugosto.eu.org/system/Config/Factories.php(110): App\Config\Settings->__construct()
#1 /home/nobrefli/aoseugosto.eu.org/system/Common.php(198): CodeIgniter\Config\Factories::__callStatic('config', Array)
#2 /home/nobrefli/aoseugosto.eu.org/app/Helpers/config_helper.php(8): config('Settings')
#3 /home/nobrefli/aoseugosto.eu.org/app/Helpers/config_helper.php(65): get_config('embed_slug')
#4 /home/nobrefli/aoseugosto.eu.org/app/Config/Routes.php(115): embed_slug()
#5 /home/nobrefli/aoseugosto.eu.org/system/CodeIgniter.php(711): require('/home/nobrefli/...')
#6 /home/nobrefli/aoseugosto.eu.org/system/CodeIgniter.php(361): CodeIgniter\CodeIgniter->tryToRouteIt(Object(CodeIgniter\Router\RouteCollection))
#7 /home/nobrefli/aoseugosto.eu.org/system/CodeIgniter.php(320): CodeIgniter\CodeIgniter->handleRequest(NULL, Object(Config\Cache), false)
#8 /home/nobrefli/aoseugosto.eu.org/public/index.php(45): CodeIgniter\CodeIgniter->run()
#9 {main}
ERROR - 2023-08-23 19:05:43 --> Table 'nobrefli_vipembed.settings' doesn't exist
CRITICAL - 2023-08-23 19:05:43 --> Call to a member function getResultArray() on bool
#0 /home/nobrefli/aoseugosto.eu.org/system/Config/Factories.php(110): App\Config\Settings->__construct()
#1 /home/nobrefli/aoseugosto.eu.org/system/Common.php(198): CodeIgniter\Config\Factories::__callStatic('config', Array)
#2 /home/nobrefli/aoseugosto.eu.org/app/Helpers/config_helper.php(8): config('Settings')
#3 /home/nobrefli/aoseugosto.eu.org/app/Helpers/config_helper.php(65): get_config('embed_slug')
#4 /home/nobrefli/aoseugosto.eu.org/app/Config/Routes.php(115): embed_slug()
#5 /home/nobrefli/aoseugosto.eu.org/system/CodeIgniter.php(711): require('/home/nobrefli/...')
#6 /home/nobrefli/aoseugosto.eu.org/system/CodeIgniter.php(361): CodeIgniter\CodeIgniter->tryToRouteIt(Object(CodeIgniter\Router\RouteCollection))
#7 /home/nobrefli/aoseugosto.eu.org/system/CodeIgniter.php(320): CodeIgniter\CodeIgniter->handleRequest(NULL, Object(Config\Cache), false)
#8 /home/nobrefli/aoseugosto.eu.org/public/index.php(45): CodeIgniter\CodeIgniter->run()
#9 {main}
ERROR - 2023-08-23 19:06:12 --> Table 'nobrefli_vipembed.settings' doesn't exist
CRITICAL - 2023-08-23 19:06:12 --> Call to a member function getResultArray() on bool
#0 /home/nobrefli/aoseugosto.eu.org/system/Config/Factories.php(110): App\Config\Settings->__construct()
#1 /home/nobrefli/aoseugosto.eu.org/system/Common.php(198): CodeIgniter\Config\Factories::__callStatic('config', Array)
#2 /home/nobrefli/aoseugosto.eu.org/app/Helpers/config_helper.php(8): config('Settings')
#3 /home/nobrefli/aoseugosto.eu.org/app/Helpers/config_helper.php(65): get_config('embed_slug')
#4 /home/nobrefli/aoseugosto.eu.org/app/Config/Routes.php(115): embed_slug()
#5 /home/nobrefli/aoseugosto.eu.org/system/CodeIgniter.php(711): require('/home/nobrefli/...')
#6 /home/nobrefli/aoseugosto.eu.org/system/CodeIgniter.php(361): CodeIgniter\CodeIgniter->tryToRouteIt(Object(CodeIgniter\Router\RouteCollection))
#7 /home/nobrefli/aoseugosto.eu.org/system/CodeIgniter.php(320): CodeIgniter\CodeIgniter->handleRequest(NULL, Object(Config\Cache), false)
#8 /home/nobrefli/aoseugosto.eu.org/public/index.php(45): CodeIgniter\CodeIgniter->run()
#9 {main}
ERROR - 2023-08-23 19:06:20 --> Table 'nobrefli_vipembed.settings' doesn't exist
CRITICAL - 2023-08-23 19:06:20 --> Call to a member function getResultArray() on bool
#0 /home/nobrefli/aoseugosto.eu.org/system/Config/Factories.php(110): App\Config\Settings->__construct()
#1 /home/nobrefli/aoseugosto.eu.org/system/Common.php(198): CodeIgniter\Config\Factories::__callStatic('config', Array)
#2 /home/nobrefli/aoseugosto.eu.org/app/Helpers/config_helper.php(8): config('Settings')
#3 /home/nobrefli/aoseugosto.eu.org/app/Helpers/config_helper.php(65): get_config('embed_slug')
#4 /home/nobrefli/aoseugosto.eu.org/app/Config/Routes.php(115): embed_slug()
#5 /home/nobrefli/aoseugosto.eu.org/system/CodeIgniter.php(711): require('/home/nobrefli/...')
#6 /home/nobrefli/aoseugosto.eu.org/system/CodeIgniter.php(361): CodeIgniter\CodeIgniter->tryToRouteIt(Object(CodeIgniter\Router\RouteCollection))
#7 /home/nobrefli/aoseugosto.eu.org/system/CodeIgniter.php(320): CodeIgniter\CodeIgniter->handleRequest(NULL, Object(Config\Cache), false)
#8 /home/nobrefli/aoseugosto.eu.org/public/index.php(45): CodeIgniter\CodeIgniter->run()
#9 {main}
ERROR - 2023-08-23 19:06:45 --> Table 'nobrefli_vipembed.settings' doesn't exist
CRITICAL - 2023-08-23 19:06:45 --> Call to a member function getResultArray() on bool
#0 /home/nobrefli/aoseugosto.eu.org/system/Config/Factories.php(110): App\Config\Settings->__construct()
#1 /home/nobrefli/aoseugosto.eu.org/system/Common.php(198): CodeIgniter\Config\Factories::__callStatic('config', Array)
#2 /home/nobrefli/aoseugosto.eu.org/app/Helpers/config_helper.php(8): config('Settings')
#3 /home/nobrefli/aoseugosto.eu.org/app/Helpers/config_helper.php(65): get_config('embed_slug')
#4 /home/nobrefli/aoseugosto.eu.org/app/Config/Routes.php(115): embed_slug()
#5 /home/nobrefli/aoseugosto.eu.org/system/CodeIgniter.php(711): require('/home/nobrefli/...')
#6 /home/nobrefli/aoseugosto.eu.org/system/CodeIgniter.php(361): CodeIgniter\CodeIgniter->tryToRouteIt(Object(CodeIgniter\Router\RouteCollection))
#7 /home/nobrefli/aoseugosto.eu.org/system/CodeIgniter.php(320): CodeIgniter\CodeIgniter->handleRequest(NULL, Object(Config\Cache), false)
#8 /home/nobrefli/aoseugosto.eu.org/public/index.php(45): CodeIgniter\CodeIgniter->run()
#9 {main}
ERROR - 2023-08-23 19:11:56 --> Table 'nobrefli_vipembed.settings' doesn't exist
CRITICAL - 2023-08-23 19:11:56 --> Call to a member function getResultArray() on bool
#0 /home/nobrefli/aoseugosto.eu.org/system/Config/Factories.php(110): App\Config\Settings->__construct()
#1 /home/nobrefli/aoseugosto.eu.org/system/Common.php(198): CodeIgniter\Config\Factories::__callStatic('config', Array)
#2 /home/nobrefli/aoseugosto.eu.org/app/Helpers/config_helper.php(8): config('Settings')
#3 /home/nobrefli/aoseugosto.eu.org/app/Helpers/config_helper.php(65): get_config('embed_slug')
#4 /home/nobrefli/aoseugosto.eu.org/app/Config/Routes.php(115): embed_slug()
#5 /home/nobrefli/aoseugosto.eu.org/system/CodeIgniter.php(711): require('/home/nobrefli/...')
#6 /home/nobrefli/aoseugosto.eu.org/system/CodeIgniter.php(361): CodeIgniter\CodeIgniter->tryToRouteIt(Object(CodeIgniter\Router\RouteCollection))
#7 /home/nobrefli/aoseugosto.eu.org/system/CodeIgniter.php(320): CodeIgniter\CodeIgniter->handleRequest(NULL, Object(Config\Cache), false)
#8 /home/nobrefli/aoseugosto.eu.org/public/index.php(45): CodeIgniter\CodeIgniter->run()
#9 {main}
ERROR - 2023-08-23 19:11:57 --> Table 'nobrefli_vipembed.settings' doesn't exist
CRITICAL - 2023-08-23 19:11:57 --> Call to a member function getResultArray() on bool
#0 /home/nobrefli/aoseugosto.eu.org/system/Config/Factories.php(110): App\Config\Settings->__construct()
#1 /home/nobrefli/aoseugosto.eu.org/system/Common.php(198): CodeIgniter\Config\Factories::__callStatic('config', Array)
#2 /home/nobrefli/aoseugosto.eu.org/app/Helpers/config_helper.php(8): config('Settings')
#3 /home/nobrefli/aoseugosto.eu.org/app/Helpers/config_helper.php(65): get_config('embed_slug')
#4 /home/nobrefli/aoseugosto.eu.org/app/Config/Routes.php(115): embed_slug()
#5 /home/nobrefli/aoseugosto.eu.org/system/CodeIgniter.php(711): require('/home/nobrefli/...')
#6 /home/nobrefli/aoseugosto.eu.org/system/CodeIgniter.php(361): CodeIgniter\CodeIgniter->tryToRouteIt(Object(CodeIgniter\Router\RouteCollection))
#7 /home/nobrefli/aoseugosto.eu.org/system/CodeIgniter.php(320): CodeIgniter\CodeIgniter->handleRequest(NULL, Object(Config\Cache), false)
#8 /home/nobrefli/aoseugosto.eu.org/public/index.php(45): CodeIgniter\CodeIgniter->run()
#9 {main}
CRITICAL - 2023-08-23 19:13:47 --> Return value of is_multi_languages_enabled() must be of the type bool, null returned
#0 /home/nobrefli/aoseugosto.eu.org/app/Controllers/BaseController.php(59): is_multi_languages_enabled()
#1 /home/nobrefli/aoseugosto.eu.org/system/CodeIgniter.php(808): App\Controllers\BaseController->initController(Object(CodeIgniter\HTTP\IncomingRequest), Object(CodeIgniter\HTTP\Response), Object(CodeIgniter\Log\Logger))
#2 /home/nobrefli/aoseugosto.eu.org/system/CodeIgniter.php(403): CodeIgniter\CodeIgniter->createController()
#3 /home/nobrefli/aoseugosto.eu.org/system/CodeIgniter.php(320): CodeIgniter\CodeIgniter->handleRequest(NULL, Object(Config\Cache), false)
#4 /home/nobrefli/aoseugosto.eu.org/public/index.php(45): CodeIgniter\CodeIgniter->run()
#5 {main}
CRITICAL - 2023-08-23 19:13:48 --> Invalid file: themes/default/errors/404.php
#0 /home/nobrefli/aoseugosto.eu.org/system/View/View.php(198): CodeIgniter\Exceptions\FrameworkException::forInvalidFile('themes/default/...')
#1 /home/nobrefli/aoseugosto.eu.org/system/Common.php(1128): CodeIgniter\View\View->render('themes/default/...', Array, true)
#2 /home/nobrefli/aoseugosto.eu.org/app/Config/Routes.php(29): view('themes/default/...')
#3 /home/nobrefli/aoseugosto.eu.org/system/CodeIgniter.php(847): CodeIgniter\CodeIgniter->Config\{closure}('Favicon.ico is ...')
#4 /home/nobrefli/aoseugosto.eu.org/system/CodeIgniter.php(334): CodeIgniter\CodeIgniter->display404errors(Object(CodeIgniter\Exceptions\PageNotFoundException))
#5 /home/nobrefli/aoseugosto.eu.org/public/index.php(45): CodeIgniter\CodeIgniter->run()
#6 {main}
ERROR - 2023-08-23 19:15:01 --> Table 'nobrefli_vipembed.settings' doesn't exist
CRITICAL - 2023-08-23 19:15:01 --> Call to a member function getResultArray() on bool
#0 /home/nobrefli/aoseugosto.eu.org/system/Config/Factories.php(110): App\Config\Settings->__construct()
#1 /home/nobrefli/aoseugosto.eu.org/system/Common.php(198): CodeIgniter\Config\Factories::__callStatic('config', Array)
#2 /home/nobrefli/aoseugosto.eu.org/app/Helpers/config_helper.php(8): config('Settings')
#3 /home/nobrefli/aoseugosto.eu.org/app/Helpers/config_helper.php(65): get_config('embed_slug')
#4 /home/nobrefli/aoseugosto.eu.org/app/Config/Routes.php(115): embed_slug()
#5 /home/nobrefli/aoseugosto.eu.org/system/CodeIgniter.php(711): require('/home/nobrefli/...')
#6 /home/nobrefli/aoseugosto.eu.org/system/CodeIgniter.php(361): CodeIgniter\CodeIgniter->tryToRouteIt(Object(CodeIgniter\Router\RouteCollection))
#7 /home/nobrefli/aoseugosto.eu.org/system/CodeIgniter.php(320): CodeIgniter\CodeIgniter->handleRequest(NULL, Object(Config\Cache), false)
#8 /home/nobrefli/aoseugosto.eu.org/public/index.php(45): CodeIgniter\CodeIgniter->run()
#9 {main}
ERROR - 2023-08-23 19:15:04 --> Table 'nobrefli_vipembed.settings' doesn't exist
CRITICAL - 2023-08-23 19:15:04 --> Call to a member function getResultArray() on bool
#0 /home/nobrefli/aoseugosto.eu.org/system/Config/Factories.php(110): App\Config\Settings->__construct()
#1 /home/nobrefli/aoseugosto.eu.org/system/Common.php(198): CodeIgniter\Config\Factories::__callStatic('config', Array)
#2 /home/nobrefli/aoseugosto.eu.org/app/Helpers/config_helper.php(8): config('Settings')
#3 /home/nobrefli/aoseugosto.eu.org/app/Helpers/config_helper.php(65): get_config('embed_slug')
#4 /home/nobrefli/aoseugosto.eu.org/app/Config/Routes.php(115): embed_slug()
#5 /home/nobrefli/aoseugosto.eu.org/system/CodeIgniter.php(711): require('/home/nobrefli/...')
#6 /home/nobrefli/aoseugosto.eu.org/system/CodeIgniter.php(361): CodeIgniter\CodeIgniter->tryToRouteIt(Object(CodeIgniter\Router\RouteCollection))
#7 /home/nobrefli/aoseugosto.eu.org/system/CodeIgniter.php(320): CodeIgniter\CodeIgniter->handleRequest(NULL, Object(Config\Cache), false)
#8 /home/nobrefli/aoseugosto.eu.org/public/index.php(45): CodeIgniter\CodeIgniter->run()
#9 {main}
ERROR - 2023-08-23 19:15:19 --> Table 'nobrefli_vipembed.settings' doesn't exist
CRITICAL - 2023-08-23 19:15:19 --> Call to a member function getResultArray() on bool
#0 /home/nobrefli/aoseugosto.eu.org/system/Config/Factories.php(110): App\Config\Settings->__construct()
#1 /home/nobrefli/aoseugosto.eu.org/system/Common.php(198): CodeIgniter\Config\Factories::__callStatic('config', Array)
#2 /home/nobrefli/aoseugosto.eu.org/app/Helpers/config_helper.php(8): config('Settings')
#3 /home/nobrefli/aoseugosto.eu.org/app/Helpers/config_helper.php(65): get_config('embed_slug')
#4 /home/nobrefli/aoseugosto.eu.org/app/Config/Routes.php(115): embed_slug()
#5 /home/nobrefli/aoseugosto.eu.org/system/CodeIgniter.php(711): require('/home/nobrefli/...')
#6 /home/nobrefli/aoseugosto.eu.org/system/CodeIgniter.php(361): CodeIgniter\CodeIgniter->tryToRouteIt(Object(CodeIgniter\Router\RouteCollection))
#7 /home/nobrefli/aoseugosto.eu.org/system/CodeIgniter.php(320): CodeIgniter\CodeIgniter->handleRequest(NULL, Object(Config\Cache), false)
#8 /home/nobrefli/aoseugosto.eu.org/public/index.php(45): CodeIgniter\CodeIgniter->run()
#9 {main}
ERROR - 2023-08-23 19:15:21 --> Table 'nobrefli_vipembed.settings' doesn't exist
CRITICAL - 2023-08-23 19:15:21 --> Call to a member function getResultArray() on bool
#0 /home/nobrefli/aoseugosto.eu.org/system/Config/Factories.php(110): App\Config\Settings->__construct()
#1 /home/nobrefli/aoseugosto.eu.org/system/Common.php(198): CodeIgniter\Config\Factories::__callStatic('config', Array)
#2 /home/nobrefli/aoseugosto.eu.org/app/Helpers/config_helper.php(8): config('Settings')
#3 /home/nobrefli/aoseugosto.eu.org/app/Helpers/config_helper.php(65): get_config('embed_slug')
#4 /home/nobrefli/aoseugosto.eu.org/app/Config/Routes.php(115): embed_slug()
#5 /home/nobrefli/aoseugosto.eu.org/system/CodeIgniter.php(711): require('/home/nobrefli/...')
#6 /home/nobrefli/aoseugosto.eu.org/system/CodeIgniter.php(361): CodeIgniter\CodeIgniter->tryToRouteIt(Object(CodeIgniter\Router\RouteCollection))
#7 /home/nobrefli/aoseugosto.eu.org/system/CodeIgniter.php(320): CodeIgniter\CodeIgniter->handleRequest(NULL, Object(Config\Cache), false)
#8 /home/nobrefli/aoseugosto.eu.org/public/index.php(45): CodeIgniter\CodeIgniter->run()
#9 {main}
ERROR - 2023-08-23 19:16:52 --> Table 'nobrefli_vipembed.settings' doesn't exist
CRITICAL - 2023-08-23 19:16:52 --> Call to a member function getResultArray() on bool
#0 /home/nobrefli/aoseugosto.eu.org/system/Config/Factories.php(110): App\Config\Settings->__construct()
#1 /home/nobrefli/aoseugosto.eu.org/system/Common.php(198): CodeIgniter\Config\Factories::__callStatic('config', Array)
#2 /home/nobrefli/aoseugosto.eu.org/app/Helpers/config_helper.php(8): config('Settings')
#3 /home/nobrefli/aoseugosto.eu.org/app/Helpers/config_helper.php(65): get_config('embed_slug')
#4 /home/nobrefli/aoseugosto.eu.org/app/Config/Routes.php(115): embed_slug()
#5 /home/nobrefli/aoseugosto.eu.org/system/CodeIgniter.php(711): require('/home/nobrefli/...')
#6 /home/nobrefli/aoseugosto.eu.org/system/CodeIgniter.php(361): CodeIgniter\CodeIgniter->tryToRouteIt(Object(CodeIgniter\Router\RouteCollection))
#7 /home/nobrefli/aoseugosto.eu.org/system/CodeIgniter.php(320): CodeIgniter\CodeIgniter->handleRequest(NULL, Object(Config\Cache), false)
#8 /home/nobrefli/aoseugosto.eu.org/public/index.php(45): CodeIgniter\CodeIgniter->run()
#9 {main}
