CRITICAL - 2023-10-01 00:54:46 --> Call to a member function getViewLink() on null
#0 /home/nobrefli/aoseugosto.eu.org/system/View/View.php(210): include()
#1 /home/nobrefli/aoseugosto.eu.org/system/View/View.php(213): CodeIgniter\View\View->CodeIgniter\View\{closure}()
#2 /home/nobrefli/aoseugosto.eu.org/system/Common.php(1128): CodeIgniter\View\View->render('themes/pirate/d...', Array, true)
#3 /home/nobrefli/aoseugosto.eu.org/app/Controllers/Download.php(125): view('themes/pirate/d...', Array)
#4 /home/nobrefli/aoseugosto.eu.org/system/CodeIgniter.php(830): App\Controllers\Download->view('1255-red-white-...')
#5 /home/nobrefli/aoseugosto.eu.org/system/CodeIgniter.php(412): CodeIgniter\CodeIgniter->runController(Object(App\Controllers\Download))
#6 /home/nobrefli/aoseugosto.eu.org/system/CodeIgniter.php(320): CodeIgniter\CodeIgniter->handleRequest(NULL, Object(Config\Cache), false)
#7 /home/nobrefli/aoseugosto.eu.org/public/index.php(45): CodeIgniter\CodeIgniter->run()
#8 {main}
CRITICAL - 2023-10-01 06:41:59 --> Call to a member function getViewLink() on null
#0 /home/nobrefli/aoseugosto.eu.org/system/View/View.php(210): include()
#1 /home/nobrefli/aoseugosto.eu.org/system/View/View.php(213): CodeIgniter\View\View->CodeIgniter\View\{closure}()
#2 /home/nobrefli/aoseugosto.eu.org/system/Common.php(1128): CodeIgniter\View\View->render('themes/pirate/d...', Array, true)
#3 /home/nobrefli/aoseugosto.eu.org/app/Controllers/Download.php(125): view('themes/pirate/d...', Array)
#4 /home/nobrefli/aoseugosto.eu.org/system/CodeIgniter.php(830): App\Controllers\Download->view('51--xuxa-o-docu...')
#5 /home/nobrefli/aoseugosto.eu.org/system/CodeIgniter.php(412): CodeIgniter\CodeIgniter->runController(Object(App\Controllers\Download))
#6 /home/nobrefli/aoseugosto.eu.org/system/CodeIgniter.php(320): CodeIgniter\CodeIgniter->handleRequest(NULL, Object(Config\Cache), false)
#7 /home/nobrefli/aoseugosto.eu.org/public/index.php(45): CodeIgniter\CodeIgniter->run()
#8 {main}
CRITICAL - 2023-10-01 06:42:02 --> Call to a member function getViewLink() on null
#0 /home/nobrefli/aoseugosto.eu.org/system/View/View.php(210): include()
#1 /home/nobrefli/aoseugosto.eu.org/system/View/View.php(213): CodeIgniter\View\View->CodeIgniter\View\{closure}()
#2 /home/nobrefli/aoseugosto.eu.org/system/Common.php(1128): CodeIgniter\View\View->render('themes/pirate/d...', Array, true)
#3 /home/nobrefli/aoseugosto.eu.org/app/Controllers/Download.php(125): view('themes/pirate/d...', Array)
#4 /home/nobrefli/aoseugosto.eu.org/system/CodeIgniter.php(830): App\Controllers\Download->view('51--xuxa-o-docu...')
#5 /home/nobrefli/aoseugosto.eu.org/system/CodeIgniter.php(412): CodeIgniter\CodeIgniter->runController(Object(App\Controllers\Download))
#6 /home/nobrefli/aoseugosto.eu.org/system/CodeIgniter.php(320): CodeIgniter\CodeIgniter->handleRequest(NULL, Object(Config\Cache), false)
#7 /home/nobrefli/aoseugosto.eu.org/public/index.php(45): CodeIgniter\CodeIgniter->run()
#8 {main}
CRITICAL - 2023-10-01 13:48:46 --> Call to a member function getViewLink() on null
#0 /home/nobrefli/aoseugosto.eu.org/system/View/View.php(210): include()
#1 /home/nobrefli/aoseugosto.eu.org/system/View/View.php(213): CodeIgniter\View\View->CodeIgniter\View\{closure}()
#2 /home/nobrefli/aoseugosto.eu.org/system/Common.php(1128): CodeIgniter\View\View->render('themes/pirate/d...', Array, true)
#3 /home/nobrefli/aoseugosto.eu.org/app/Controllers/Download.php(125): view('themes/pirate/d...', Array)
#4 /home/nobrefli/aoseugosto.eu.org/app/Controllers/Embed.php(245): App\Controllers\Download->view(4450)
#5 /home/nobrefli/aoseugosto.eu.org/system/CodeIgniter.php(830): App\Controllers\Embed->movie()
#6 /home/nobrefli/aoseugosto.eu.org/system/CodeIgniter.php(412): CodeIgniter\CodeIgniter->runController(Object(App\Controllers\Download))
#7 /home/nobrefli/aoseugosto.eu.org/system/CodeIgniter.php(320): CodeIgniter\CodeIgniter->handleRequest(NULL, Object(Config\Cache), false)
#8 /home/nobrefli/aoseugosto.eu.org/public/index.php(45): CodeIgniter\CodeIgniter->run()
#9 {main}
CRITICAL - 2023-10-01 13:48:47 --> Call to a member function getViewLink() on null
#0 /home/nobrefli/aoseugosto.eu.org/system/View/View.php(210): include()
#1 /home/nobrefli/aoseugosto.eu.org/system/View/View.php(213): CodeIgniter\View\View->CodeIgniter\View\{closure}()
#2 /home/nobrefli/aoseugosto.eu.org/system/Common.php(1128): CodeIgniter\View\View->render('themes/pirate/d...', Array, true)
#3 /home/nobrefli/aoseugosto.eu.org/app/Controllers/Download.php(125): view('themes/pirate/d...', Array)
#4 /home/nobrefli/aoseugosto.eu.org/app/Controllers/Embed.php(245): App\Controllers\Download->view(4445)
#5 /home/nobrefli/aoseugosto.eu.org/system/CodeIgniter.php(830): App\Controllers\Embed->movie()
#6 /home/nobrefli/aoseugosto.eu.org/system/CodeIgniter.php(412): CodeIgniter\CodeIgniter->runController(Object(App\Controllers\Download))
#7 /home/nobrefli/aoseugosto.eu.org/system/CodeIgniter.php(320): CodeIgniter\CodeIgniter->handleRequest(NULL, Object(Config\Cache), false)
#8 /home/nobrefli/aoseugosto.eu.org/public/index.php(45): CodeIgniter\CodeIgniter->run()
#9 {main}
CRITICAL - 2023-10-01 13:48:47 --> Call to a member function getViewLink() on null
#0 /home/nobrefli/aoseugosto.eu.org/system/View/View.php(210): include()
#1 /home/nobrefli/aoseugosto.eu.org/system/View/View.php(213): CodeIgniter\View\View->CodeIgniter\View\{closure}()
#2 /home/nobrefli/aoseugosto.eu.org/system/Common.php(1128): CodeIgniter\View\View->render('themes/pirate/d...', Array, true)
#3 /home/nobrefli/aoseugosto.eu.org/app/Controllers/Download.php(125): view('themes/pirate/d...', Array)
#4 /home/nobrefli/aoseugosto.eu.org/app/Controllers/Embed.php(245): App\Controllers\Download->view(4446)
#5 /home/nobrefli/aoseugosto.eu.org/system/CodeIgniter.php(830): App\Controllers\Embed->movie()
#6 /home/nobrefli/aoseugosto.eu.org/system/CodeIgniter.php(412): CodeIgniter\CodeIgniter->runController(Object(App\Controllers\Download))
#7 /home/nobrefli/aoseugosto.eu.org/system/CodeIgniter.php(320): CodeIgniter\CodeIgniter->handleRequest(NULL, Object(Config\Cache), false)
#8 /home/nobrefli/aoseugosto.eu.org/public/index.php(45): CodeIgniter\CodeIgniter->run()
#9 {main}
CRITICAL - 2023-10-01 13:48:47 --> Call to a member function getViewLink() on null
#0 /home/nobrefli/aoseugosto.eu.org/system/View/View.php(210): include()
#1 /home/nobrefli/aoseugosto.eu.org/system/View/View.php(213): CodeIgniter\View\View->CodeIgniter\View\{closure}()
#2 /home/nobrefli/aoseugosto.eu.org/system/Common.php(1128): CodeIgniter\View\View->render('themes/pirate/d...', Array, true)
#3 /home/nobrefli/aoseugosto.eu.org/app/Controllers/Download.php(125): view('themes/pirate/d...', Array)
#4 /home/nobrefli/aoseugosto.eu.org/app/Controllers/Embed.php(245): App\Controllers\Download->view(4451)
#5 /home/nobrefli/aoseugosto.eu.org/system/CodeIgniter.php(830): App\Controllers\Embed->movie()
#6 /home/nobrefli/aoseugosto.eu.org/system/CodeIgniter.php(412): CodeIgniter\CodeIgniter->runController(Object(App\Controllers\Download))
#7 /home/nobrefli/aoseugosto.eu.org/system/CodeIgniter.php(320): CodeIgniter\CodeIgniter->handleRequest(NULL, Object(Config\Cache), false)
#8 /home/nobrefli/aoseugosto.eu.org/public/index.php(45): CodeIgniter\CodeIgniter->run()
#9 {main}
CRITICAL - 2023-10-01 13:48:48 --> Call to a member function getViewLink() on null
#0 /home/nobrefli/aoseugosto.eu.org/system/View/View.php(210): include()
#1 /home/nobrefli/aoseugosto.eu.org/system/View/View.php(213): CodeIgniter\View\View->CodeIgniter\View\{closure}()
#2 /home/nobrefli/aoseugosto.eu.org/system/Common.php(1128): CodeIgniter\View\View->render('themes/pirate/d...', Array, true)
#3 /home/nobrefli/aoseugosto.eu.org/app/Controllers/Download.php(125): view('themes/pirate/d...', Array)
#4 /home/nobrefli/aoseugosto.eu.org/app/Controllers/Embed.php(245): App\Controllers\Download->view(4447)
#5 /home/nobrefli/aoseugosto.eu.org/system/CodeIgniter.php(830): App\Controllers\Embed->movie()
#6 /home/nobrefli/aoseugosto.eu.org/system/CodeIgniter.php(412): CodeIgniter\CodeIgniter->runController(Object(App\Controllers\Download))
#7 /home/nobrefli/aoseugosto.eu.org/system/CodeIgniter.php(320): CodeIgniter\CodeIgniter->handleRequest(NULL, Object(Config\Cache), false)
#8 /home/nobrefli/aoseugosto.eu.org/public/index.php(45): CodeIgniter\CodeIgniter->run()
#9 {main}
CRITICAL - 2023-10-01 13:48:48 --> Call to a member function getViewLink() on null
#0 /home/nobrefli/aoseugosto.eu.org/system/View/View.php(210): include()
#1 /home/nobrefli/aoseugosto.eu.org/system/View/View.php(213): CodeIgniter\View\View->CodeIgniter\View\{closure}()
#2 /home/nobrefli/aoseugosto.eu.org/system/Common.php(1128): CodeIgniter\View\View->render('themes/pirate/d...', Array, true)
#3 /home/nobrefli/aoseugosto.eu.org/app/Controllers/Download.php(125): view('themes/pirate/d...', Array)
#4 /home/nobrefli/aoseugosto.eu.org/app/Controllers/Embed.php(245): App\Controllers\Download->view(4445)
#5 /home/nobrefli/aoseugosto.eu.org/system/CodeIgniter.php(830): App\Controllers\Embed->movie()
#6 /home/nobrefli/aoseugosto.eu.org/system/CodeIgniter.php(412): CodeIgniter\CodeIgniter->runController(Object(App\Controllers\Download))
#7 /home/nobrefli/aoseugosto.eu.org/system/CodeIgniter.php(320): CodeIgniter\CodeIgniter->handleRequest(NULL, Object(Config\Cache), false)
#8 /home/nobrefli/aoseugosto.eu.org/public/index.php(45): CodeIgniter\CodeIgniter->run()
#9 {main}
CRITICAL - 2023-10-01 13:48:49 --> Call to a member function getViewLink() on null
#0 /home/nobrefli/aoseugosto.eu.org/system/View/View.php(210): include()
#1 /home/nobrefli/aoseugosto.eu.org/system/View/View.php(213): CodeIgniter\View\View->CodeIgniter\View\{closure}()
#2 /home/nobrefli/aoseugosto.eu.org/system/Common.php(1128): CodeIgniter\View\View->render('themes/pirate/d...', Array, true)
#3 /home/nobrefli/aoseugosto.eu.org/app/Controllers/Download.php(125): view('themes/pirate/d...', Array)
#4 /home/nobrefli/aoseugosto.eu.org/app/Controllers/Embed.php(245): App\Controllers\Download->view(4448)
#5 /home/nobrefli/aoseugosto.eu.org/system/CodeIgniter.php(830): App\Controllers\Embed->movie()
#6 /home/nobrefli/aoseugosto.eu.org/system/CodeIgniter.php(412): CodeIgniter\CodeIgniter->runController(Object(App\Controllers\Download))
#7 /home/nobrefli/aoseugosto.eu.org/system/CodeIgniter.php(320): CodeIgniter\CodeIgniter->handleRequest(NULL, Object(Config\Cache), false)
#8 /home/nobrefli/aoseugosto.eu.org/public/index.php(45): CodeIgniter\CodeIgniter->run()
#9 {main}
CRITICAL - 2023-10-01 13:48:50 --> Call to a member function getViewLink() on null
#0 /home/nobrefli/aoseugosto.eu.org/system/View/View.php(210): include()
#1 /home/nobrefli/aoseugosto.eu.org/system/View/View.php(213): CodeIgniter\View\View->CodeIgniter\View\{closure}()
#2 /home/nobrefli/aoseugosto.eu.org/system/Common.php(1128): CodeIgniter\View\View->render('themes/pirate/d...', Array, true)
#3 /home/nobrefli/aoseugosto.eu.org/app/Controllers/Download.php(125): view('themes/pirate/d...', Array)
#4 /home/nobrefli/aoseugosto.eu.org/app/Controllers/Embed.php(245): App\Controllers\Download->view(4450)
#5 /home/nobrefli/aoseugosto.eu.org/system/CodeIgniter.php(830): App\Controllers\Embed->movie()
#6 /home/nobrefli/aoseugosto.eu.org/system/CodeIgniter.php(412): CodeIgniter\CodeIgniter->runController(Object(App\Controllers\Download))
#7 /home/nobrefli/aoseugosto.eu.org/system/CodeIgniter.php(320): CodeIgniter\CodeIgniter->handleRequest(NULL, Object(Config\Cache), false)
#8 /home/nobrefli/aoseugosto.eu.org/public/index.php(45): CodeIgniter\CodeIgniter->run()
#9 {main}
CRITICAL - 2023-10-01 14:48:39 --> Call to a member function getViewLink() on null
#0 /home/nobrefli/aoseugosto.eu.org/system/View/View.php(210): include()
#1 /home/nobrefli/aoseugosto.eu.org/system/View/View.php(213): CodeIgniter\View\View->CodeIgniter\View\{closure}()
#2 /home/nobrefli/aoseugosto.eu.org/system/Common.php(1128): CodeIgniter\View\View->render('themes/pirate/d...', Array, true)
#3 /home/nobrefli/aoseugosto.eu.org/app/Controllers/Download.php(125): view('themes/pirate/d...', Array)
#4 /home/nobrefli/aoseugosto.eu.org/app/Controllers/Embed.php(245): App\Controllers\Download->view(4459)
#5 /home/nobrefli/aoseugosto.eu.org/system/CodeIgniter.php(830): App\Controllers\Embed->movie()
#6 /home/nobrefli/aoseugosto.eu.org/system/CodeIgniter.php(412): CodeIgniter\CodeIgniter->runController(Object(App\Controllers\Download))
#7 /home/nobrefli/aoseugosto.eu.org/system/CodeIgniter.php(320): CodeIgniter\CodeIgniter->handleRequest(NULL, Object(Config\Cache), false)
#8 /home/nobrefli/aoseugosto.eu.org/public/index.php(45): CodeIgniter\CodeIgniter->run()
#9 {main}
CRITICAL - 2023-10-01 14:48:42 --> Call to a member function getViewLink() on null
#0 /home/nobrefli/aoseugosto.eu.org/system/View/View.php(210): include()
#1 /home/nobrefli/aoseugosto.eu.org/system/View/View.php(213): CodeIgniter\View\View->CodeIgniter\View\{closure}()
#2 /home/nobrefli/aoseugosto.eu.org/system/Common.php(1128): CodeIgniter\View\View->render('themes/pirate/d...', Array, true)
#3 /home/nobrefli/aoseugosto.eu.org/app/Controllers/Download.php(125): view('themes/pirate/d...', Array)
#4 /home/nobrefli/aoseugosto.eu.org/app/Controllers/Embed.php(245): App\Controllers\Download->view(4455)
#5 /home/nobrefli/aoseugosto.eu.org/system/CodeIgniter.php(830): App\Controllers\Embed->movie()
#6 /home/nobrefli/aoseugosto.eu.org/system/CodeIgniter.php(412): CodeIgniter\CodeIgniter->runController(Object(App\Controllers\Download))
#7 /home/nobrefli/aoseugosto.eu.org/system/CodeIgniter.php(320): CodeIgniter\CodeIgniter->handleRequest(NULL, Object(Config\Cache), false)
#8 /home/nobrefli/aoseugosto.eu.org/public/index.php(45): CodeIgniter\CodeIgniter->run()
#9 {main}
CRITICAL - 2023-10-01 14:49:02 --> Call to a member function getViewLink() on null
#0 /home/nobrefli/aoseugosto.eu.org/system/View/View.php(210): include()
#1 /home/nobrefli/aoseugosto.eu.org/system/View/View.php(213): CodeIgniter\View\View->CodeIgniter\View\{closure}()
#2 /home/nobrefli/aoseugosto.eu.org/system/Common.php(1128): CodeIgniter\View\View->render('themes/pirate/d...', Array, true)
#3 /home/nobrefli/aoseugosto.eu.org/app/Controllers/Download.php(125): view('themes/pirate/d...', Array)
#4 /home/nobrefli/aoseugosto.eu.org/app/Controllers/Embed.php(245): App\Controllers\Download->view(4457)
#5 /home/nobrefli/aoseugosto.eu.org/system/CodeIgniter.php(830): App\Controllers\Embed->movie()
#6 /home/nobrefli/aoseugosto.eu.org/system/CodeIgniter.php(412): CodeIgniter\CodeIgniter->runController(Object(App\Controllers\Download))
#7 /home/nobrefli/aoseugosto.eu.org/system/CodeIgniter.php(320): CodeIgniter\CodeIgniter->handleRequest(NULL, Object(Config\Cache), false)
#8 /home/nobrefli/aoseugosto.eu.org/public/index.php(45): CodeIgniter\CodeIgniter->run()
#9 {main}
CRITICAL - 2023-10-01 14:49:02 --> Call to a member function getViewLink() on null
#0 /home/nobrefli/aoseugosto.eu.org/system/View/View.php(210): include()
#1 /home/nobrefli/aoseugosto.eu.org/system/View/View.php(213): CodeIgniter\View\View->CodeIgniter\View\{closure}()
#2 /home/nobrefli/aoseugosto.eu.org/system/Common.php(1128): CodeIgniter\View\View->render('themes/pirate/d...', Array, true)
#3 /home/nobrefli/aoseugosto.eu.org/app/Controllers/Download.php(125): view('themes/pirate/d...', Array)
#4 /home/nobrefli/aoseugosto.eu.org/app/Controllers/Embed.php(245): App\Controllers\Download->view(4460)
#5 /home/nobrefli/aoseugosto.eu.org/system/CodeIgniter.php(830): App\Controllers\Embed->movie()
#6 /home/nobrefli/aoseugosto.eu.org/system/CodeIgniter.php(412): CodeIgniter\CodeIgniter->runController(Object(App\Controllers\Download))
#7 /home/nobrefli/aoseugosto.eu.org/system/CodeIgniter.php(320): CodeIgniter\CodeIgniter->handleRequest(NULL, Object(Config\Cache), false)
#8 /home/nobrefli/aoseugosto.eu.org/public/index.php(45): CodeIgniter\CodeIgniter->run()
#9 {main}
CRITICAL - 2023-10-01 14:49:03 --> Call to a member function getViewLink() on null
#0 /home/nobrefli/aoseugosto.eu.org/system/View/View.php(210): include()
#1 /home/nobrefli/aoseugosto.eu.org/system/View/View.php(213): CodeIgniter\View\View->CodeIgniter\View\{closure}()
#2 /home/nobrefli/aoseugosto.eu.org/system/Common.php(1128): CodeIgniter\View\View->render('themes/pirate/d...', Array, true)
#3 /home/nobrefli/aoseugosto.eu.org/app/Controllers/Download.php(125): view('themes/pirate/d...', Array)
#4 /home/nobrefli/aoseugosto.eu.org/app/Controllers/Embed.php(245): App\Controllers\Download->view(4458)
#5 /home/nobrefli/aoseugosto.eu.org/system/CodeIgniter.php(830): App\Controllers\Embed->movie()
#6 /home/nobrefli/aoseugosto.eu.org/system/CodeIgniter.php(412): CodeIgniter\CodeIgniter->runController(Object(App\Controllers\Download))
#7 /home/nobrefli/aoseugosto.eu.org/system/CodeIgniter.php(320): CodeIgniter\CodeIgniter->handleRequest(NULL, Object(Config\Cache), false)
#8 /home/nobrefli/aoseugosto.eu.org/public/index.php(45): CodeIgniter\CodeIgniter->run()
#9 {main}
CRITICAL - 2023-10-01 14:49:03 --> Call to a member function getViewLink() on null
#0 /home/nobrefli/aoseugosto.eu.org/system/View/View.php(210): include()
#1 /home/nobrefli/aoseugosto.eu.org/system/View/View.php(213): CodeIgniter\View\View->CodeIgniter\View\{closure}()
#2 /home/nobrefli/aoseugosto.eu.org/system/Common.php(1128): CodeIgniter\View\View->render('themes/pirate/d...', Array, true)
#3 /home/nobrefli/aoseugosto.eu.org/app/Controllers/Download.php(125): view('themes/pirate/d...', Array)
#4 /home/nobrefli/aoseugosto.eu.org/app/Controllers/Embed.php(245): App\Controllers\Download->view(4453)
#5 /home/nobrefli/aoseugosto.eu.org/system/CodeIgniter.php(830): App\Controllers\Embed->movie()
#6 /home/nobrefli/aoseugosto.eu.org/system/CodeIgniter.php(412): CodeIgniter\CodeIgniter->runController(Object(App\Controllers\Download))
#7 /home/nobrefli/aoseugosto.eu.org/system/CodeIgniter.php(320): CodeIgniter\CodeIgniter->handleRequest(NULL, Object(Config\Cache), false)
#8 /home/nobrefli/aoseugosto.eu.org/public/index.php(45): CodeIgniter\CodeIgniter->run()
#9 {main}
CRITICAL - 2023-10-01 14:49:03 --> Call to a member function getViewLink() on null
#0 /home/nobrefli/aoseugosto.eu.org/system/View/View.php(210): include()
#1 /home/nobrefli/aoseugosto.eu.org/system/View/View.php(213): CodeIgniter\View\View->CodeIgniter\View\{closure}()
#2 /home/nobrefli/aoseugosto.eu.org/system/Common.php(1128): CodeIgniter\View\View->render('themes/pirate/d...', Array, true)
#3 /home/nobrefli/aoseugosto.eu.org/app/Controllers/Download.php(125): view('themes/pirate/d...', Array)
#4 /home/nobrefli/aoseugosto.eu.org/app/Controllers/Embed.php(245): App\Controllers\Download->view(4454)
#5 /home/nobrefli/aoseugosto.eu.org/system/CodeIgniter.php(830): App\Controllers\Embed->movie()
#6 /home/nobrefli/aoseugosto.eu.org/system/CodeIgniter.php(412): CodeIgniter\CodeIgniter->runController(Object(App\Controllers\Download))
#7 /home/nobrefli/aoseugosto.eu.org/system/CodeIgniter.php(320): CodeIgniter\CodeIgniter->handleRequest(NULL, Object(Config\Cache), false)
#8 /home/nobrefli/aoseugosto.eu.org/public/index.php(45): CodeIgniter\CodeIgniter->run()
#9 {main}
CRITICAL - 2023-10-01 14:49:04 --> Call to a member function getViewLink() on null
#0 /home/nobrefli/aoseugosto.eu.org/system/View/View.php(210): include()
#1 /home/nobrefli/aoseugosto.eu.org/system/View/View.php(213): CodeIgniter\View\View->CodeIgniter\View\{closure}()
#2 /home/nobrefli/aoseugosto.eu.org/system/Common.php(1128): CodeIgniter\View\View->render('themes/pirate/d...', Array, true)
#3 /home/nobrefli/aoseugosto.eu.org/app/Controllers/Download.php(125): view('themes/pirate/d...', Array)
#4 /home/nobrefli/aoseugosto.eu.org/app/Controllers/Embed.php(245): App\Controllers\Download->view(4456)
#5 /home/nobrefli/aoseugosto.eu.org/system/CodeIgniter.php(830): App\Controllers\Embed->movie()
#6 /home/nobrefli/aoseugosto.eu.org/system/CodeIgniter.php(412): CodeIgniter\CodeIgniter->runController(Object(App\Controllers\Download))
#7 /home/nobrefli/aoseugosto.eu.org/system/CodeIgniter.php(320): CodeIgniter\CodeIgniter->handleRequest(NULL, Object(Config\Cache), false)
#8 /home/nobrefli/aoseugosto.eu.org/public/index.php(45): CodeIgniter\CodeIgniter->run()
#9 {main}
CRITICAL - 2023-10-01 14:49:04 --> Call to a member function getViewLink() on null
#0 /home/nobrefli/aoseugosto.eu.org/system/View/View.php(210): include()
#1 /home/nobrefli/aoseugosto.eu.org/system/View/View.php(213): CodeIgniter\View\View->CodeIgniter\View\{closure}()
#2 /home/nobrefli/aoseugosto.eu.org/system/Common.php(1128): CodeIgniter\View\View->render('themes/pirate/d...', Array, true)
#3 /home/nobrefli/aoseugosto.eu.org/app/Controllers/Download.php(125): view('themes/pirate/d...', Array)
#4 /home/nobrefli/aoseugosto.eu.org/app/Controllers/Embed.php(245): App\Controllers\Download->view(4454)
#5 /home/nobrefli/aoseugosto.eu.org/system/CodeIgniter.php(830): App\Controllers\Embed->movie()
#6 /home/nobrefli/aoseugosto.eu.org/system/CodeIgniter.php(412): CodeIgniter\CodeIgniter->runController(Object(App\Controllers\Download))
#7 /home/nobrefli/aoseugosto.eu.org/system/CodeIgniter.php(320): CodeIgniter\CodeIgniter->handleRequest(NULL, Object(Config\Cache), false)
#8 /home/nobrefli/aoseugosto.eu.org/public/index.php(45): CodeIgniter\CodeIgniter->run()
#9 {main}
CRITICAL - 2023-10-01 14:49:04 --> Call to a member function getViewLink() on null
#0 /home/nobrefli/aoseugosto.eu.org/system/View/View.php(210): include()
#1 /home/nobrefli/aoseugosto.eu.org/system/View/View.php(213): CodeIgniter\View\View->CodeIgniter\View\{closure}()
#2 /home/nobrefli/aoseugosto.eu.org/system/Common.php(1128): CodeIgniter\View\View->render('themes/pirate/d...', Array, true)
#3 /home/nobrefli/aoseugosto.eu.org/app/Controllers/Download.php(125): view('themes/pirate/d...', Array)
#4 /home/nobrefli/aoseugosto.eu.org/app/Controllers/Embed.php(245): App\Controllers\Download->view(4452)
#5 /home/nobrefli/aoseugosto.eu.org/system/CodeIgniter.php(830): App\Controllers\Embed->movie()
#6 /home/nobrefli/aoseugosto.eu.org/system/CodeIgniter.php(412): CodeIgniter\CodeIgniter->runController(Object(App\Controllers\Download))
#7 /home/nobrefli/aoseugosto.eu.org/system/CodeIgniter.php(320): CodeIgniter\CodeIgniter->handleRequest(NULL, Object(Config\Cache), false)
#8 /home/nobrefli/aoseugosto.eu.org/public/index.php(45): CodeIgniter\CodeIgniter->run()
#9 {main}
CRITICAL - 2023-10-01 18:23:47 --> 28 : Operation timed out after 5000 milliseconds with 0 bytes received
#0 /home/nobrefli/aoseugosto.eu.org/system/HTTP/CURLRequest.php(656): CodeIgniter\HTTP\Exceptions\HTTPException::forCurlError('28', 'Operation timed...')
#1 /home/nobrefli/aoseugosto.eu.org/system/HTTP/CURLRequest.php(364): CodeIgniter\HTTP\CURLRequest->sendRequest(Array)
#2 /home/nobrefli/aoseugosto.eu.org/system/HTTP/CURLRequest.php(140): CodeIgniter\HTTP\CURLRequest->send('get', 'https://www.omd...')
#3 /home/nobrefli/aoseugosto.eu.org/app/Libraries/DataAPI/Omdb.php(144): CodeIgniter\HTTP\CURLRequest->request('get', 'https://www.omd...', Array)
#4 /home/nobrefli/aoseugosto.eu.org/app/Libraries/DataAPI/Omdb.php(79): App\Libraries\DataAPI\Omdb->getData(Array)
#5 /home/nobrefli/aoseugosto.eu.org/app/Libraries/DataAPI/API.php(205): App\Libraries\DataAPI\Omdb->findByImdbId('tt8328744')
#6 /home/nobrefli/aoseugosto.eu.org/app/Libraries/DataAPI/API.php(117): App\Libraries\DataAPI\API->appendTmdbData(Object(App\Libraries\DataAPI\Items\Movie), Array)
#7 /home/nobrefli/aoseugosto.eu.org/app/Controllers/Admin/Ajax/Autoload.php(108): App\Libraries\DataAPI\API->getMovie()
#8 /home/nobrefli/aoseugosto.eu.org/system/CodeIgniter.php(830): App\Controllers\Admin\Ajax\Autoload->load_movie_data()
#9 /home/nobrefli/aoseugosto.eu.org/system/CodeIgniter.php(412): CodeIgniter\CodeIgniter->runController(Object(App\Controllers\Admin\Ajax\Autoload))
#10 /home/nobrefli/aoseugosto.eu.org/system/CodeIgniter.php(320): CodeIgniter\CodeIgniter->handleRequest(NULL, Object(Config\Cache), false)
#11 /home/nobrefli/aoseugosto.eu.org/public/index.php(45): CodeIgniter\CodeIgniter->run()
#12 {main}
