CRITICAL - 2023-09-04 00:14:28 --> Argument 1 passed to App\Models\Translations\GenreTranslationsModel::findByGenreId() must be of the type int, null given, called in /home/nobrefli/aoseugosto.eu.org/app/Models/GenreModel.php on line 76
#0 /home/nobrefli/aoseugosto.eu.org/app/Models/GenreModel.php(76): App\Models\Translations\GenreTranslationsModel->findByGenreId(NULL, 'pt-BR')
#1 /home/nobrefli/aoseugosto.eu.org/system/BaseModel.php(1456): App\Models\GenreModel->translateLanguage(Array)
#2 /home/nobrefli/aoseugosto.eu.org/system/BaseModel.php(628): CodeIgniter\BaseModel->trigger('afterFind', Array)
#3 /home/nobrefli/aoseugosto.eu.org/app/Models/GenreModel.php(212): CodeIgniter\BaseModel->first()
#4 /home/nobrefli/aoseugosto.eu.org/app/Libraries/QuickInserter.php(241): App\Models\GenreModel->getGenreByName('Science Fiction')
#5 /home/nobrefli/aoseugosto.eu.org/app/Libraries/QuickInserter.php(105): App\Libraries\QuickInserter->getGenresIds(Array)
#6 /home/nobrefli/aoseugosto.eu.org/app/Libraries/QuickInserter.php(46): App\Libraries\QuickInserter->saveMovie()
#7 /home/nobrefli/aoseugosto.eu.org/app/Libraries/BulkImport.php(107): App\Libraries\QuickInserter->save()
#8 /home/nobrefli/aoseugosto.eu.org/app/Libraries/BulkImport.php(71): App\Libraries\BulkImport->importMovies()
#9 /home/nobrefli/aoseugosto.eu.org/app/Controllers/User/Ajax.php(210): App\Libraries\BulkImport->run()
#10 /home/nobrefli/aoseugosto.eu.org/app/Controllers/User/Ajax.php(47): App\Controllers\User\Ajax->importItem('tt10954984')
#11 /home/nobrefli/aoseugosto.eu.org/system/CodeIgniter.php(830): App\Controllers\User\Ajax->get_movie()
#12 /home/nobrefli/aoseugosto.eu.org/system/CodeIgniter.php(412): CodeIgniter\CodeIgniter->runController(Object(App\Controllers\User\Ajax))
#13 /home/nobrefli/aoseugosto.eu.org/system/CodeIgniter.php(320): CodeIgniter\CodeIgniter->handleRequest(NULL, Object(Config\Cache), false)
#14 /home/nobrefli/aoseugosto.eu.org/public/index.php(45): CodeIgniter\CodeIgniter->run()
#15 {main}
CRITICAL - 2023-09-04 02:40:28 --> Call to a member function getViewLink() on null
#0 /home/nobrefli/aoseugosto.eu.org/system/View/View.php(210): include()
#1 /home/nobrefli/aoseugosto.eu.org/system/View/View.php(213): CodeIgniter\View\View->CodeIgniter\View\{closure}()
#2 /home/nobrefli/aoseugosto.eu.org/system/Common.php(1128): CodeIgniter\View\View->render('themes/pirate/d...', Array, true)
#3 /home/nobrefli/aoseugosto.eu.org/app/Controllers/Download.php(125): view('themes/pirate/d...', Array)
#4 /home/nobrefli/aoseugosto.eu.org/system/CodeIgniter.php(830): App\Controllers\Download->view('1233-animais-fa...')
#5 /home/nobrefli/aoseugosto.eu.org/system/CodeIgniter.php(412): CodeIgniter\CodeIgniter->runController(Object(App\Controllers\Download))
#6 /home/nobrefli/aoseugosto.eu.org/system/CodeIgniter.php(320): CodeIgniter\CodeIgniter->handleRequest(NULL, Object(Config\Cache), false)
#7 /home/nobrefli/aoseugosto.eu.org/public/index.php(45): CodeIgniter\CodeIgniter->run()
#8 {main}
CRITICAL - 2023-09-04 03:56:45 --> Call to a member function getViewLink() on null
#0 /home/nobrefli/aoseugosto.eu.org/system/View/View.php(210): include()
#1 /home/nobrefli/aoseugosto.eu.org/system/View/View.php(213): CodeIgniter\View\View->CodeIgniter\View\{closure}()
#2 /home/nobrefli/aoseugosto.eu.org/system/Common.php(1128): CodeIgniter\View\View->render('themes/pirate/d...', Array, true)
#3 /home/nobrefli/aoseugosto.eu.org/app/Controllers/Download.php(125): view('themes/pirate/d...', Array)
#4 /home/nobrefli/aoseugosto.eu.org/system/CodeIgniter.php(830): App\Controllers\Download->view('1097-mr-bean-se...')
#5 /home/nobrefli/aoseugosto.eu.org/system/CodeIgniter.php(412): CodeIgniter\CodeIgniter->runController(Object(App\Controllers\Download))
#6 /home/nobrefli/aoseugosto.eu.org/system/CodeIgniter.php(320): CodeIgniter\CodeIgniter->handleRequest(NULL, Object(Config\Cache), false)
#7 /home/nobrefli/aoseugosto.eu.org/public/index.php(45): CodeIgniter\CodeIgniter->run()
#8 {main}
