CRITICAL - 2022-07-27 12:25:28 --> Call to undefined function App\Controllers\Admin\check_domain_validation()
#0 C:\laragon\www\system\CodeIgniter.php(830): App\Controllers\Admin\Movies->index()
#1 C:\laragon\www\system\CodeIgniter.php(412): CodeIgniter\CodeIgniter->runController(Object(App\Controllers\Admin\Movies))
#2 C:\laragon\www\system\CodeIgniter.php(320): CodeIgniter\CodeIgniter->handleRequest(NULL, Object(Config\Cache), false)
#3 C:\laragon\www\public\index.php(45): CodeIgniter\CodeIgniter->run()
#4 {main}
CRITICAL - 2022-07-27 12:25:33 --> Call to undefined function App\Controllers\Admin\check_domain_validation()
#0 C:\laragon\www\system\CodeIgniter.php(830): App\Controllers\Admin\Movies->index()
#1 C:\laragon\www\system\CodeIgniter.php(412): CodeIgniter\CodeIgniter->runController(Object(App\Controllers\Admin\Movies))
#2 C:\laragon\www\system\CodeIgniter.php(320): CodeIgniter\CodeIgniter->handleRequest(NULL, Object(Config\Cache), false)
#3 C:\laragon\www\public\index.php(45): CodeIgniter\CodeIgniter->run()
#4 {main}
CRITICAL - 2022-07-27 12:25:34 --> Call to undefined function App\Controllers\Admin\check_domain_validation()
#0 C:\laragon\www\system\CodeIgniter.php(830): App\Controllers\Admin\Movies->index()
#1 C:\laragon\www\system\CodeIgniter.php(412): CodeIgniter\CodeIgniter->runController(Object(App\Controllers\Admin\Movies))
#2 C:\laragon\www\system\CodeIgniter.php(320): CodeIgniter\CodeIgniter->handleRequest(NULL, Object(Config\Cache), false)
#3 C:\laragon\www\public\index.php(45): CodeIgniter\CodeIgniter->run()
#4 {main}
CRITICAL - 2022-07-27 12:25:34 --> Call to undefined function App\Controllers\Admin\check_domain_validation()
#0 C:\laragon\www\system\CodeIgniter.php(830): App\Controllers\Admin\Movies->index()
#1 C:\laragon\www\system\CodeIgniter.php(412): CodeIgniter\CodeIgniter->runController(Object(App\Controllers\Admin\Movies))
#2 C:\laragon\www\system\CodeIgniter.php(320): CodeIgniter\CodeIgniter->handleRequest(NULL, Object(Config\Cache), false)
#3 C:\laragon\www\public\index.php(45): CodeIgniter\CodeIgniter->run()
#4 {main}
CRITICAL - 2022-07-27 12:25:35 --> Call to undefined function App\Controllers\Admin\check_domain_validation()
#0 C:\laragon\www\system\CodeIgniter.php(830): App\Controllers\Admin\Movies->index()
#1 C:\laragon\www\system\CodeIgniter.php(412): CodeIgniter\CodeIgniter->runController(Object(App\Controllers\Admin\Movies))
#2 C:\laragon\www\system\CodeIgniter.php(320): CodeIgniter\CodeIgniter->handleRequest(NULL, Object(Config\Cache), false)
#3 C:\laragon\www\public\index.php(45): CodeIgniter\CodeIgniter->run()
#4 {main}
CRITICAL - 2022-07-27 14:14:07 --> Call to undefined function current_url()
#0 C:\laragon\www\system\Common.php(638): is_trial_expired()
#1 C:\laragon\www\system\Controller.php(85): helper(Array, true)
#2 C:\laragon\www\app\Controllers\BaseController.php(51): CodeIgniter\Controller->initController(Object(CodeIgniter\HTTP\IncomingRequest), Object(CodeIgniter\HTTP\Response), Object(CodeIgniter\Log\Logger))
#3 C:\laragon\www\system\CodeIgniter.php(808): App\Controllers\BaseController->initController(Object(CodeIgniter\HTTP\IncomingRequest), Object(CodeIgniter\HTTP\Response), Object(CodeIgniter\Log\Logger))
#4 C:\laragon\www\system\CodeIgniter.php(403): CodeIgniter\CodeIgniter->createController()
#5 C:\laragon\www\system\CodeIgniter.php(320): CodeIgniter\CodeIgniter->handleRequest(NULL, Object(Config\Cache), false)
#6 C:\laragon\www\public\index.php(45): CodeIgniter\CodeIgniter->run()
#7 {main}
CRITICAL - 2022-07-27 14:14:08 --> Call to undefined function site_url()
#0 C:\laragon\www\app\Views\themes\pirate\errors\404.php(10): theme_assets('/css/template.c...')
#1 C:\laragon\www\system\View\View.php(210): include('C:\\laragon\\www\\...')
#2 C:\laragon\www\system\View\View.php(213): CodeIgniter\View\View->CodeIgniter\View\{closure}()
#3 C:\laragon\www\system\Common.php(1128): CodeIgniter\View\View->render('themes/pirate/e...', Array, true)
#4 C:\laragon\www\app\Config\Routes.php(29): view('themes/pirate/e...')
#5 C:\laragon\www\system\CodeIgniter.php(847): CodeIgniter\Router\RouteCollection->Config\{closure}('Favicon.ico is ...')
#6 C:\laragon\www\system\CodeIgniter.php(334): CodeIgniter\CodeIgniter->display404errors(Object(CodeIgniter\Exceptions\PageNotFoundException))
#7 C:\laragon\www\public\index.php(45): CodeIgniter\CodeIgniter->run()
#8 {main}
CRITICAL - 2022-07-27 14:16:09 --> Class 'App\Libraries\LicVip' not found
#0 C:\laragon\www\system\Common.php(638): is_trial_expired()
#1 C:\laragon\www\system\Controller.php(85): helper(Array, true)
#2 C:\laragon\www\app\Controllers\BaseController.php(51): CodeIgniter\Controller->initController(Object(CodeIgniter\HTTP\IncomingRequest), Object(CodeIgniter\HTTP\Response), Object(CodeIgniter\Log\Logger))
#3 C:\laragon\www\system\CodeIgniter.php(808): App\Controllers\BaseController->initController(Object(CodeIgniter\HTTP\IncomingRequest), Object(CodeIgniter\HTTP\Response), Object(CodeIgniter\Log\Logger))
#4 C:\laragon\www\system\CodeIgniter.php(403): CodeIgniter\CodeIgniter->createController()
#5 C:\laragon\www\system\CodeIgniter.php(320): CodeIgniter\CodeIgniter->handleRequest(NULL, Object(Config\Cache), false)
#6 C:\laragon\www\public\index.php(45): CodeIgniter\CodeIgniter->run()
#7 {main}
