CRITICAL - 2023-09-07 12:17:46 --> 28 : Operation timed out after 5000 milliseconds with 0 bytes received
#0 /home/nobrefli/aoseugosto.eu.org/system/HTTP/CURLRequest.php(656): CodeIgniter\HTTP\Exceptions\HTTPException::forCurlError('28', 'Operation timed...')
#1 /home/nobrefli/aoseugosto.eu.org/system/HTTP/CURLRequest.php(364): CodeIgniter\HTTP\CURLRequest->sendRequest(Array)
#2 /home/nobrefli/aoseugosto.eu.org/system/HTTP/CURLRequest.php(140): CodeIgniter\HTTP\CURLRequest->send('get', 'https://www.omd...')
#3 /home/nobrefli/aoseugosto.eu.org/app/Libraries/DataAPI/Omdb.php(144): CodeIgniter\HTTP\CURLRequest->request('get', 'https://www.omd...', Array)
#4 /home/nobrefli/aoseugosto.eu.org/app/Libraries/DataAPI/Omdb.php(79): App\Libraries\DataAPI\Omdb->getData(Array)
#5 /home/nobrefli/aoseugosto.eu.org/app/Libraries/DataAPI/API.php(205): App\Libraries\DataAPI\Omdb->findByImdbId('tt2938956')
#6 /home/nobrefli/aoseugosto.eu.org/app/Libraries/DataAPI/API.php(117): App\Libraries\DataAPI\API->appendTmdbData(Object(App\Libraries\DataAPI\Items\Movie), Array)
#7 /home/nobrefli/aoseugosto.eu.org/app/Controllers/Admin/Ajax/Autoload.php(108): App\Libraries\DataAPI\API->getMovie()
#8 /home/nobrefli/aoseugosto.eu.org/system/CodeIgniter.php(830): App\Controllers\Admin\Ajax\Autoload->load_movie_data()
#9 /home/nobrefli/aoseugosto.eu.org/system/CodeIgniter.php(412): CodeIgniter\CodeIgniter->runController(Object(App\Controllers\Admin\Ajax\Autoload))
#10 /home/nobrefli/aoseugosto.eu.org/system/CodeIgniter.php(320): CodeIgniter\CodeIgniter->handleRequest(NULL, Object(Config\Cache), false)
#11 /home/nobrefli/aoseugosto.eu.org/public/index.php(45): CodeIgniter\CodeIgniter->run()
#12 {main}
CRITICAL - 2023-09-07 17:06:31 --> Argument 1 passed to App\Models\Translations\GenreTranslationsModel::findByGenreId() must be of the type int, null given, called in /home/nobrefli/aoseugosto.eu.org/app/Models/GenreModel.php on line 76
#0 /home/nobrefli/aoseugosto.eu.org/app/Models/GenreModel.php(76): App\Models\Translations\GenreTranslationsModel->findByGenreId(NULL, 'pt-BR')
#1 /home/nobrefli/aoseugosto.eu.org/system/BaseModel.php(1456): App\Models\GenreModel->translateLanguage(Array)
#2 /home/nobrefli/aoseugosto.eu.org/system/BaseModel.php(628): CodeIgniter\BaseModel->trigger('afterFind', Array)
#3 /home/nobrefli/aoseugosto.eu.org/app/Models/GenreModel.php(212): CodeIgniter\BaseModel->first()
#4 /home/nobrefli/aoseugosto.eu.org/app/Libraries/QuickInserter.php(241): App\Models\GenreModel->getGenreByName('Music')
#5 /home/nobrefli/aoseugosto.eu.org/app/Libraries/QuickInserter.php(105): App\Libraries\QuickInserter->getGenresIds(Array)
#6 /home/nobrefli/aoseugosto.eu.org/app/Libraries/QuickInserter.php(46): App\Libraries\QuickInserter->saveMovie()
#7 /home/nobrefli/aoseugosto.eu.org/app/Libraries/BulkImport.php(107): App\Libraries\QuickInserter->save()
#8 /home/nobrefli/aoseugosto.eu.org/app/Libraries/BulkImport.php(71): App\Libraries\BulkImport->importMovies()
#9 /home/nobrefli/aoseugosto.eu.org/app/Controllers/User/Ajax.php(210): App\Libraries\BulkImport->run()
#10 /home/nobrefli/aoseugosto.eu.org/app/Controllers/User/Ajax.php(47): App\Controllers\User\Ajax->importItem('tt2380307')
#11 /home/nobrefli/aoseugosto.eu.org/system/CodeIgniter.php(830): App\Controllers\User\Ajax->get_movie()
#12 /home/nobrefli/aoseugosto.eu.org/system/CodeIgniter.php(412): CodeIgniter\CodeIgniter->runController(Object(App\Controllers\User\Ajax))
#13 /home/nobrefli/aoseugosto.eu.org/system/CodeIgniter.php(320): CodeIgniter\CodeIgniter->handleRequest(NULL, Object(Config\Cache), false)
#14 /home/nobrefli/aoseugosto.eu.org/public/index.php(45): CodeIgniter\CodeIgniter->run()
#15 {main}
