CRITICAL - 2022-12-11 22:50:46 --> no access
#0 /home/vol11_3/epizy.com/epiz_32913441/htdocs/app/Filters/AdminModAccessPermission.php(51): App\Exceptions\AuthException::noAccess()
#1 /home/vol11_3/epizy.com/epiz_32913441/htdocs/system/Filters/Filters.php(174): App\Filters\AdminModAccessPermission->before(Object(CodeIgniter\HTTP\IncomingRequest), NULL)
#2 /home/vol11_3/epizy.com/epiz_32913441/htdocs/system/CodeIgniter.php(386): CodeIgniter\Filters\Filters->run('admin/dashboard', 'before')
#3 /home/vol11_3/epizy.com/epiz_32913441/htdocs/system/CodeIgniter.php(320): CodeIgniter\CodeIgniter->handleRequest(NULL, Object(Config\Cache), false)
#4 /home/vol11_3/epizy.com/epiz_32913441/htdocs/public/index.php(45): CodeIgniter\CodeIgniter->run()
#5 {main}
CRITICAL - 2022-12-11 23:03:35 --> Return value of get_current_user_id() must be of the type int, null returned
#0 /home/vol11_3/epizy.com/epiz_32913441/htdocs/app/Controllers/User/Dashboard.php(31): get_current_user_id()
#1 /home/vol11_3/epizy.com/epiz_32913441/htdocs/system/CodeIgniter.php(830): App\Controllers\User\Dashboard->index()
#2 /home/vol11_3/epizy.com/epiz_32913441/htdocs/system/CodeIgniter.php(412): CodeIgniter\CodeIgniter->runController(Object(App\Controllers\User\Dashboard))
#3 /home/vol11_3/epizy.com/epiz_32913441/htdocs/system/CodeIgniter.php(320): CodeIgniter\CodeIgniter->handleRequest(NULL, Object(Config\Cache), false)
#4 /home/vol11_3/epizy.com/epiz_32913441/htdocs/public/index.php(45): CodeIgniter\CodeIgniter->run()
#5 {main}
CRITICAL - 2022-12-11 23:04:34 --> no access
#0 /home/vol11_3/epizy.com/epiz_32913441/htdocs/app/Filters/AdminAccessPermission.php(51): App\Exceptions\AuthException::noAccess()
#1 /home/vol11_3/epizy.com/epiz_32913441/htdocs/system/Filters/Filters.php(174): App\Filters\AdminAccessPermission->before(Object(CodeIgniter\HTTP\IncomingRequest), NULL)
#2 /home/vol11_3/epizy.com/epiz_32913441/htdocs/system/CodeIgniter.php(386): CodeIgniter\Filters\Filters->run('admin/settings/...', 'before')
#3 /home/vol11_3/epizy.com/epiz_32913441/htdocs/system/CodeIgniter.php(320): CodeIgniter\CodeIgniter->handleRequest(NULL, Object(Config\Cache), false)
#4 /home/vol11_3/epizy.com/epiz_32913441/htdocs/public/index.php(45): CodeIgniter\CodeIgniter->run()
#5 {main}
CRITICAL - 2022-12-11 23:05:06 --> no access
#0 /home/vol11_3/epizy.com/epiz_32913441/htdocs/app/Filters/AdminAccessPermission.php(51): App\Exceptions\AuthException::noAccess()
#1 /home/vol11_3/epizy.com/epiz_32913441/htdocs/system/Filters/Filters.php(174): App\Filters\AdminAccessPermission->before(Object(CodeIgniter\HTTP\IncomingRequest), NULL)
#2 /home/vol11_3/epizy.com/epiz_32913441/htdocs/system/CodeIgniter.php(386): CodeIgniter\Filters\Filters->run('admin/settings/...', 'before')
#3 /home/vol11_3/epizy.com/epiz_32913441/htdocs/system/CodeIgniter.php(320): CodeIgniter\CodeIgniter->handleRequest(NULL, Object(Config\Cache), false)
#4 /home/vol11_3/epizy.com/epiz_32913441/htdocs/public/index.php(45): CodeIgniter\CodeIgniter->run()
#5 {main}
CRITICAL - 2022-12-11 23:05:18 --> no access
#0 /home/vol11_3/epizy.com/epiz_32913441/htdocs/app/Filters/AdminAccessPermission.php(51): App\Exceptions\AuthException::noAccess()
#1 /home/vol11_3/epizy.com/epiz_32913441/htdocs/system/Filters/Filters.php(174): App\Filters\AdminAccessPermission->before(Object(CodeIgniter\HTTP\IncomingRequest), NULL)
#2 /home/vol11_3/epizy.com/epiz_32913441/htdocs/system/CodeIgniter.php(386): CodeIgniter\Filters\Filters->run('admin/settings/...', 'before')
#3 /home/vol11_3/epizy.com/epiz_32913441/htdocs/system/CodeIgniter.php(320): CodeIgniter\CodeIgniter->handleRequest(NULL, Object(Config\Cache), false)
#4 /home/vol11_3/epizy.com/epiz_32913441/htdocs/public/index.php(45): CodeIgniter\CodeIgniter->run()
#5 {main}
CRITICAL - 2022-12-11 23:05:41 --> no access
#0 /home/vol11_3/epizy.com/epiz_32913441/htdocs/app/Filters/AdminAccessPermission.php(51): App\Exceptions\AuthException::noAccess()
#1 /home/vol11_3/epizy.com/epiz_32913441/htdocs/system/Filters/Filters.php(174): App\Filters\AdminAccessPermission->before(Object(CodeIgniter\HTTP\IncomingRequest), NULL)
#2 /home/vol11_3/epizy.com/epiz_32913441/htdocs/system/CodeIgniter.php(386): CodeIgniter\Filters\Filters->run('admin/settings/...', 'before')
#3 /home/vol11_3/epizy.com/epiz_32913441/htdocs/system/CodeIgniter.php(320): CodeIgniter\CodeIgniter->handleRequest(NULL, Object(Config\Cache), false)
#4 /home/vol11_3/epizy.com/epiz_32913441/htdocs/public/index.php(45): CodeIgniter\CodeIgniter->run()
#5 {main}
CRITICAL - 2022-12-11 23:07:26 --> no access
#0 /home/vol11_3/epizy.com/epiz_32913441/htdocs/app/Filters/AdminAccessPermission.php(51): App\Exceptions\AuthException::noAccess()
#1 /home/vol11_3/epizy.com/epiz_32913441/htdocs/system/Filters/Filters.php(174): App\Filters\AdminAccessPermission->before(Object(CodeIgniter\HTTP\IncomingRequest), NULL)
#2 /home/vol11_3/epizy.com/epiz_32913441/htdocs/system/CodeIgniter.php(386): CodeIgniter\Filters\Filters->run('admin/settings/...', 'before')
#3 /home/vol11_3/epizy.com/epiz_32913441/htdocs/system/CodeIgniter.php(320): CodeIgniter\CodeIgniter->handleRequest(NULL, Object(Config\Cache), false)
#4 /home/vol11_3/epizy.com/epiz_32913441/htdocs/public/index.php(45): CodeIgniter\CodeIgniter->run()
#5 {main}
CRITICAL - 2022-12-11 23:14:23 --> 60 : SSL: no alternative certificate subject name matches target host name 'license.vipembed.com'
#0 /home/vol11_3/epizy.com/epiz_32913441/htdocs/system/HTTP/CURLRequest.php(656): CodeIgniter\HTTP\Exceptions\HTTPException::forCurlError('60', 'SSL: no alterna...')
#1 /home/vol11_3/epizy.com/epiz_32913441/htdocs/system/HTTP/CURLRequest.php(364): CodeIgniter\HTTP\CURLRequest->sendRequest(Array)
#2 /home/vol11_3/epizy.com/epiz_32913441/htdocs/system/HTTP/CURLRequest.php(140): CodeIgniter\HTTP\CURLRequest->send('get', 'https://license...')
#3 /home/vol11_3/epizy.com/epiz_32913441/htdocs/system/HTTP/CURLRequest.php(170): CodeIgniter\HTTP\CURLRequest->request('get', 'https://license...', Array)
#4 /home/vol11_3/epizy.com/epiz_32913441/htdocs/app/Controllers/Admin/Settings/License.php(74): CodeIgniter\HTTP\CURLRequest->get('https://license...')
#5 /home/vol11_3/epizy.com/epiz_32913441/htdocs/system/CodeIgniter.php(830): App\Controllers\Admin\Settings\License->check()
#6 /home/vol11_3/epizy.com/epiz_32913441/htdocs/system/CodeIgniter.php(412): CodeIgniter\CodeIgniter->runController(Object(App\Controllers\Admin\Settings\License))
#7 /home/vol11_3/epizy.com/epiz_32913441/htdocs/system/CodeIgniter.php(320): CodeIgniter\CodeIgniter->handleRequest(NULL, Object(Config\Cache), false)
#8 /home/vol11_3/epizy.com/epiz_32913441/htdocs/public/index.php(45): CodeIgniter\CodeIgniter->run()
#9 {main}
CRITICAL - 2022-12-11 23:14:25 --> 60 : SSL: no alternative certificate subject name matches target host name 'license.vipembed.com'
#0 /home/vol11_3/epizy.com/epiz_32913441/htdocs/system/HTTP/CURLRequest.php(656): CodeIgniter\HTTP\Exceptions\HTTPException::forCurlError('60', 'SSL: no alterna...')
#1 /home/vol11_3/epizy.com/epiz_32913441/htdocs/system/HTTP/CURLRequest.php(364): CodeIgniter\HTTP\CURLRequest->sendRequest(Array)
#2 /home/vol11_3/epizy.com/epiz_32913441/htdocs/system/HTTP/CURLRequest.php(140): CodeIgniter\HTTP\CURLRequest->send('get', 'https://license...')
#3 /home/vol11_3/epizy.com/epiz_32913441/htdocs/system/HTTP/CURLRequest.php(170): CodeIgniter\HTTP\CURLRequest->request('get', 'https://license...', Array)
#4 /home/vol11_3/epizy.com/epiz_32913441/htdocs/app/Controllers/Admin/Settings/License.php(74): CodeIgniter\HTTP\CURLRequest->get('https://license...')
#5 /home/vol11_3/epizy.com/epiz_32913441/htdocs/system/CodeIgniter.php(830): App\Controllers\Admin\Settings\License->check()
#6 /home/vol11_3/epizy.com/epiz_32913441/htdocs/system/CodeIgniter.php(412): CodeIgniter\CodeIgniter->runController(Object(App\Controllers\Admin\Settings\License))
#7 /home/vol11_3/epizy.com/epiz_32913441/htdocs/system/CodeIgniter.php(320): CodeIgniter\CodeIgniter->handleRequest(NULL, Object(Config\Cache), false)
#8 /home/vol11_3/epizy.com/epiz_32913441/htdocs/public/index.php(45): CodeIgniter\CodeIgniter->run()
#9 {main}
CRITICAL - 2022-12-11 17:09:19 --> 60 : SSL: no alternative certificate subject name matches target host name 'license.vipembed.com'
#0 /home/vol11_3/epizy.com/epiz_32913441/htdocs/system/HTTP/CURLRequest.php(656): CodeIgniter\HTTP\Exceptions\HTTPException::forCurlError('60', 'SSL: no alterna...')
#1 /home/vol11_3/epizy.com/epiz_32913441/htdocs/system/HTTP/CURLRequest.php(364): CodeIgniter\HTTP\CURLRequest->sendRequest(Array)
#2 /home/vol11_3/epizy.com/epiz_32913441/htdocs/system/HTTP/CURLRequest.php(140): CodeIgniter\HTTP\CURLRequest->send('get', 'https://license...')
#3 /home/vol11_3/epizy.com/epiz_32913441/htdocs/system/HTTP/CURLRequest.php(170): CodeIgniter\HTTP\CURLRequest->request('get', 'https://license...', Array)
#4 /home/vol11_3/epizy.com/epiz_32913441/htdocs/app/Controllers/Admin/Settings/License.php(74): CodeIgniter\HTTP\CURLRequest->get('https://license...')
#5 /home/vol11_3/epizy.com/epiz_32913441/htdocs/system/CodeIgniter.php(830): App\Controllers\Admin\Settings\License->check()
#6 /home/vol11_3/epizy.com/epiz_32913441/htdocs/system/CodeIgniter.php(412): CodeIgniter\CodeIgniter->runController(Object(App\Controllers\Admin\Settings\License))
#7 /home/vol11_3/epizy.com/epiz_32913441/htdocs/system/CodeIgniter.php(320): CodeIgniter\CodeIgniter->handleRequest(NULL, Object(Config\Cache), false)
#8 /home/vol11_3/epizy.com/epiz_32913441/htdocs/public/index.php(45): CodeIgniter\CodeIgniter->run()
#9 {main}
CRITICAL - 2022-12-11 19:18:58 --> 60 : SSL: no alternative certificate subject name matches target host name 'license.vipembed.com'
#0 /home/vol11_3/epizy.com/epiz_32913441/htdocs/system/HTTP/CURLRequest.php(656): CodeIgniter\HTTP\Exceptions\HTTPException::forCurlError('60', 'SSL: no alterna...')
#1 /home/vol11_3/epizy.com/epiz_32913441/htdocs/system/HTTP/CURLRequest.php(364): CodeIgniter\HTTP\CURLRequest->sendRequest(Array)
#2 /home/vol11_3/epizy.com/epiz_32913441/htdocs/system/HTTP/CURLRequest.php(140): CodeIgniter\HTTP\CURLRequest->send('get', 'https://license...')
#3 /home/vol11_3/epizy.com/epiz_32913441/htdocs/system/HTTP/CURLRequest.php(170): CodeIgniter\HTTP\CURLRequest->request('get', 'https://license...', Array)
#4 /home/vol11_3/epizy.com/epiz_32913441/htdocs/app/Controllers/Admin/Settings/License.php(74): CodeIgniter\HTTP\CURLRequest->get('https://license...')
#5 /home/vol11_3/epizy.com/epiz_32913441/htdocs/system/CodeIgniter.php(830): App\Controllers\Admin\Settings\License->check()
#6 /home/vol11_3/epizy.com/epiz_32913441/htdocs/system/CodeIgniter.php(412): CodeIgniter\CodeIgniter->runController(Object(App\Controllers\Admin\Settings\License))
#7 /home/vol11_3/epizy.com/epiz_32913441/htdocs/system/CodeIgniter.php(320): CodeIgniter\CodeIgniter->handleRequest(NULL, Object(Config\Cache), false)
#8 /home/vol11_3/epizy.com/epiz_32913441/htdocs/public/index.php(45): CodeIgniter\CodeIgniter->run()
#9 {main}
CRITICAL - 2022-12-11 19:19:38 --> 60 : SSL: no alternative certificate subject name matches target host name 'license.vipembed.com'
#0 /home/vol11_3/epizy.com/epiz_32913441/htdocs/system/HTTP/CURLRequest.php(656): CodeIgniter\HTTP\Exceptions\HTTPException::forCurlError('60', 'SSL: no alterna...')
#1 /home/vol11_3/epizy.com/epiz_32913441/htdocs/system/HTTP/CURLRequest.php(364): CodeIgniter\HTTP\CURLRequest->sendRequest(Array)
#2 /home/vol11_3/epizy.com/epiz_32913441/htdocs/system/HTTP/CURLRequest.php(140): CodeIgniter\HTTP\CURLRequest->send('get', 'https://license...')
#3 /home/vol11_3/epizy.com/epiz_32913441/htdocs/system/HTTP/CURLRequest.php(170): CodeIgniter\HTTP\CURLRequest->request('get', 'https://license...', Array)
#4 /home/vol11_3/epizy.com/epiz_32913441/htdocs/app/Controllers/Admin/Settings/License.php(74): CodeIgniter\HTTP\CURLRequest->get('https://license...')
#5 /home/vol11_3/epizy.com/epiz_32913441/htdocs/system/CodeIgniter.php(830): App\Controllers\Admin\Settings\License->check()
#6 /home/vol11_3/epizy.com/epiz_32913441/htdocs/system/CodeIgniter.php(412): CodeIgniter\CodeIgniter->runController(Object(App\Controllers\Admin\Settings\License))
#7 /home/vol11_3/epizy.com/epiz_32913441/htdocs/system/CodeIgniter.php(320): CodeIgniter\CodeIgniter->handleRequest(NULL, Object(Config\Cache), false)
#8 /home/vol11_3/epizy.com/epiz_32913441/htdocs/public/index.php(45): CodeIgniter\CodeIgniter->run()
#9 {main}
CRITICAL - 2022-12-11 19:19:40 --> 60 : SSL: no alternative certificate subject name matches target host name 'license.vipembed.com'
#0 /home/vol11_3/epizy.com/epiz_32913441/htdocs/system/HTTP/CURLRequest.php(656): CodeIgniter\HTTP\Exceptions\HTTPException::forCurlError('60', 'SSL: no alterna...')
#1 /home/vol11_3/epizy.com/epiz_32913441/htdocs/system/HTTP/CURLRequest.php(364): CodeIgniter\HTTP\CURLRequest->sendRequest(Array)
#2 /home/vol11_3/epizy.com/epiz_32913441/htdocs/system/HTTP/CURLRequest.php(140): CodeIgniter\HTTP\CURLRequest->send('get', 'https://license...')
#3 /home/vol11_3/epizy.com/epiz_32913441/htdocs/system/HTTP/CURLRequest.php(170): CodeIgniter\HTTP\CURLRequest->request('get', 'https://license...', Array)
#4 /home/vol11_3/epizy.com/epiz_32913441/htdocs/app/Controllers/Admin/Settings/License.php(74): CodeIgniter\HTTP\CURLRequest->get('https://license...')
#5 /home/vol11_3/epizy.com/epiz_32913441/htdocs/system/CodeIgniter.php(830): App\Controllers\Admin\Settings\License->check()
#6 /home/vol11_3/epizy.com/epiz_32913441/htdocs/system/CodeIgniter.php(412): CodeIgniter\CodeIgniter->runController(Object(App\Controllers\Admin\Settings\License))
#7 /home/vol11_3/epizy.com/epiz_32913441/htdocs/system/CodeIgniter.php(320): CodeIgniter\CodeIgniter->handleRequest(NULL, Object(Config\Cache), false)
#8 /home/vol11_3/epizy.com/epiz_32913441/htdocs/public/index.php(45): CodeIgniter\CodeIgniter->run()
#9 {main}
CRITICAL - 2022-12-11 19:20:03 --> 60 : SSL: no alternative certificate subject name matches target host name 'license.vipembed.com'
#0 /home/vol11_3/epizy.com/epiz_32913441/htdocs/system/HTTP/CURLRequest.php(656): CodeIgniter\HTTP\Exceptions\HTTPException::forCurlError('60', 'SSL: no alterna...')
#1 /home/vol11_3/epizy.com/epiz_32913441/htdocs/system/HTTP/CURLRequest.php(364): CodeIgniter\HTTP\CURLRequest->sendRequest(Array)
#2 /home/vol11_3/epizy.com/epiz_32913441/htdocs/system/HTTP/CURLRequest.php(140): CodeIgniter\HTTP\CURLRequest->send('get', 'https://license...')
#3 /home/vol11_3/epizy.com/epiz_32913441/htdocs/system/HTTP/CURLRequest.php(170): CodeIgniter\HTTP\CURLRequest->request('get', 'https://license...', Array)
#4 /home/vol11_3/epizy.com/epiz_32913441/htdocs/app/Controllers/Admin/Settings/License.php(74): CodeIgniter\HTTP\CURLRequest->get('https://license...')
#5 /home/vol11_3/epizy.com/epiz_32913441/htdocs/system/CodeIgniter.php(830): App\Controllers\Admin\Settings\License->check()
#6 /home/vol11_3/epizy.com/epiz_32913441/htdocs/system/CodeIgniter.php(412): CodeIgniter\CodeIgniter->runController(Object(App\Controllers\Admin\Settings\License))
#7 /home/vol11_3/epizy.com/epiz_32913441/htdocs/system/CodeIgniter.php(320): CodeIgniter\CodeIgniter->handleRequest(NULL, Object(Config\Cache), false)
#8 /home/vol11_3/epizy.com/epiz_32913441/htdocs/public/index.php(45): CodeIgniter\CodeIgniter->run()
#9 {main}
CRITICAL - 2022-12-11 19:21:17 --> 60 : SSL: no alternative certificate subject name matches target host name 'license.vipembed.com'
#0 /home/vol11_3/epizy.com/epiz_32913441/htdocs/system/HTTP/CURLRequest.php(656): CodeIgniter\HTTP\Exceptions\HTTPException::forCurlError('60', 'SSL: no alterna...')
#1 /home/vol11_3/epizy.com/epiz_32913441/htdocs/system/HTTP/CURLRequest.php(364): CodeIgniter\HTTP\CURLRequest->sendRequest(Array)
#2 /home/vol11_3/epizy.com/epiz_32913441/htdocs/system/HTTP/CURLRequest.php(140): CodeIgniter\HTTP\CURLRequest->send('get', 'https://license...')
#3 /home/vol11_3/epizy.com/epiz_32913441/htdocs/system/HTTP/CURLRequest.php(170): CodeIgniter\HTTP\CURLRequest->request('get', 'https://license...', Array)
#4 /home/vol11_3/epizy.com/epiz_32913441/htdocs/app/Controllers/Admin/Settings/License.php(74): CodeIgniter\HTTP\CURLRequest->get('https://license...')
#5 /home/vol11_3/epizy.com/epiz_32913441/htdocs/system/CodeIgniter.php(830): App\Controllers\Admin\Settings\License->check()
#6 /home/vol11_3/epizy.com/epiz_32913441/htdocs/system/CodeIgniter.php(412): CodeIgniter\CodeIgniter->runController(Object(App\Controllers\Admin\Settings\License))
#7 /home/vol11_3/epizy.com/epiz_32913441/htdocs/system/CodeIgniter.php(320): CodeIgniter\CodeIgniter->handleRequest(NULL, Object(Config\Cache), false)
#8 /home/vol11_3/epizy.com/epiz_32913441/htdocs/public/index.php(45): CodeIgniter\CodeIgniter->run()
#9 {main}
CRITICAL - 2022-12-11 19:21:54 --> syntax error, unexpected 'class' (T_CLASS)
#0 /home/vol11_3/epizy.com/epiz_32913441/htdocs/system/View/View.php(213): CodeIgniter\View\View->CodeIgniter\View\{closure}()
#1 /home/vol11_3/epizy.com/epiz_32913441/htdocs/system/Common.php(1128): CodeIgniter\View\View->render('admin/settings/...', Array, true)
#2 /home/vol11_3/epizy.com/epiz_32913441/htdocs/app/Controllers/Admin/Settings/License.php(48): view('admin/settings/...', Array)
#3 /home/vol11_3/epizy.com/epiz_32913441/htdocs/system/CodeIgniter.php(830): App\Controllers\Admin\Settings\License->index()
#4 /home/vol11_3/epizy.com/epiz_32913441/htdocs/system/CodeIgniter.php(412): CodeIgniter\CodeIgniter->runController(Object(App\Controllers\Admin\Settings\License))
#5 /home/vol11_3/epizy.com/epiz_32913441/htdocs/system/CodeIgniter.php(320): CodeIgniter\CodeIgniter->handleRequest(NULL, Object(Config\Cache), false)
#6 /home/vol11_3/epizy.com/epiz_32913441/htdocs/public/index.php(45): CodeIgniter\CodeIgniter->run()
#7 {main}
CRITICAL - 2022-12-11 19:22:13 --> 60 : SSL: no alternative certificate subject name matches target host name 'license.vipembed.com'
#0 /home/vol11_3/epizy.com/epiz_32913441/htdocs/system/HTTP/CURLRequest.php(656): CodeIgniter\HTTP\Exceptions\HTTPException::forCurlError('60', 'SSL: no alterna...')
#1 /home/vol11_3/epizy.com/epiz_32913441/htdocs/system/HTTP/CURLRequest.php(364): CodeIgniter\HTTP\CURLRequest->sendRequest(Array)
#2 /home/vol11_3/epizy.com/epiz_32913441/htdocs/system/HTTP/CURLRequest.php(140): CodeIgniter\HTTP\CURLRequest->send('get', 'https://license...')
#3 /home/vol11_3/epizy.com/epiz_32913441/htdocs/system/HTTP/CURLRequest.php(170): CodeIgniter\HTTP\CURLRequest->request('get', 'https://license...', Array)
#4 /home/vol11_3/epizy.com/epiz_32913441/htdocs/app/Controllers/Admin/Settings/License.php(74): CodeIgniter\HTTP\CURLRequest->get('https://license...')
#5 /home/vol11_3/epizy.com/epiz_32913441/htdocs/system/CodeIgniter.php(830): App\Controllers\Admin\Settings\License->check()
#6 /home/vol11_3/epizy.com/epiz_32913441/htdocs/system/CodeIgniter.php(412): CodeIgniter\CodeIgniter->runController(Object(App\Controllers\Admin\Settings\License))
#7 /home/vol11_3/epizy.com/epiz_32913441/htdocs/system/CodeIgniter.php(320): CodeIgniter\CodeIgniter->handleRequest(NULL, Object(Config\Cache), false)
#8 /home/vol11_3/epizy.com/epiz_32913441/htdocs/public/index.php(45): CodeIgniter\CodeIgniter->run()
#9 {main}
CRITICAL - 2022-12-11 19:22:46 --> 60 : SSL: no alternative certificate subject name matches target host name 'license.vipembed.com'
#0 /home/vol11_3/epizy.com/epiz_32913441/htdocs/system/HTTP/CURLRequest.php(656): CodeIgniter\HTTP\Exceptions\HTTPException::forCurlError('60', 'SSL: no alterna...')
#1 /home/vol11_3/epizy.com/epiz_32913441/htdocs/system/HTTP/CURLRequest.php(364): CodeIgniter\HTTP\CURLRequest->sendRequest(Array)
#2 /home/vol11_3/epizy.com/epiz_32913441/htdocs/system/HTTP/CURLRequest.php(140): CodeIgniter\HTTP\CURLRequest->send('get', 'https://license...')
#3 /home/vol11_3/epizy.com/epiz_32913441/htdocs/system/HTTP/CURLRequest.php(170): CodeIgniter\HTTP\CURLRequest->request('get', 'https://license...', Array)
#4 /home/vol11_3/epizy.com/epiz_32913441/htdocs/app/Controllers/Admin/Settings/License.php(74): CodeIgniter\HTTP\CURLRequest->get('https://license...')
#5 /home/vol11_3/epizy.com/epiz_32913441/htdocs/system/CodeIgniter.php(830): App\Controllers\Admin\Settings\License->check()
#6 /home/vol11_3/epizy.com/epiz_32913441/htdocs/system/CodeIgniter.php(412): CodeIgniter\CodeIgniter->runController(Object(App\Controllers\Admin\Settings\License))
#7 /home/vol11_3/epizy.com/epiz_32913441/htdocs/system/CodeIgniter.php(320): CodeIgniter\CodeIgniter->handleRequest(NULL, Object(Config\Cache), false)
#8 /home/vol11_3/epizy.com/epiz_32913441/htdocs/public/index.php(45): CodeIgniter\CodeIgniter->run()
#9 {main}
CRITICAL - 2022-12-11 19:22:47 --> 60 : SSL: no alternative certificate subject name matches target host name 'license.vipembed.com'
#0 /home/vol11_3/epizy.com/epiz_32913441/htdocs/system/HTTP/CURLRequest.php(656): CodeIgniter\HTTP\Exceptions\HTTPException::forCurlError('60', 'SSL: no alterna...')
#1 /home/vol11_3/epizy.com/epiz_32913441/htdocs/system/HTTP/CURLRequest.php(364): CodeIgniter\HTTP\CURLRequest->sendRequest(Array)
#2 /home/vol11_3/epizy.com/epiz_32913441/htdocs/system/HTTP/CURLRequest.php(140): CodeIgniter\HTTP\CURLRequest->send('get', 'https://license...')
#3 /home/vol11_3/epizy.com/epiz_32913441/htdocs/system/HTTP/CURLRequest.php(170): CodeIgniter\HTTP\CURLRequest->request('get', 'https://license...', Array)
#4 /home/vol11_3/epizy.com/epiz_32913441/htdocs/app/Controllers/Admin/Settings/License.php(74): CodeIgniter\HTTP\CURLRequest->get('https://license...')
#5 /home/vol11_3/epizy.com/epiz_32913441/htdocs/system/CodeIgniter.php(830): App\Controllers\Admin\Settings\License->check()
#6 /home/vol11_3/epizy.com/epiz_32913441/htdocs/system/CodeIgniter.php(412): CodeIgniter\CodeIgniter->runController(Object(App\Controllers\Admin\Settings\License))
#7 /home/vol11_3/epizy.com/epiz_32913441/htdocs/system/CodeIgniter.php(320): CodeIgniter\CodeIgniter->handleRequest(NULL, Object(Config\Cache), false)
#8 /home/vol11_3/epizy.com/epiz_32913441/htdocs/public/index.php(45): CodeIgniter\CodeIgniter->run()
#9 {main}
CRITICAL - 2022-12-11 19:23:58 --> 60 : SSL: no alternative certificate subject name matches target host name 'license.vipembed.com'
#0 /home/vol11_3/epizy.com/epiz_32913441/htdocs/system/HTTP/CURLRequest.php(656): CodeIgniter\HTTP\Exceptions\HTTPException::forCurlError('60', 'SSL: no alterna...')
#1 /home/vol11_3/epizy.com/epiz_32913441/htdocs/system/HTTP/CURLRequest.php(364): CodeIgniter\HTTP\CURLRequest->sendRequest(Array)
#2 /home/vol11_3/epizy.com/epiz_32913441/htdocs/system/HTTP/CURLRequest.php(140): CodeIgniter\HTTP\CURLRequest->send('get', 'https://license...')
#3 /home/vol11_3/epizy.com/epiz_32913441/htdocs/system/HTTP/CURLRequest.php(170): CodeIgniter\HTTP\CURLRequest->request('get', 'https://license...', Array)
#4 /home/vol11_3/epizy.com/epiz_32913441/htdocs/app/Controllers/Admin/Settings/License.php(74): CodeIgniter\HTTP\CURLRequest->get('https://license...')
#5 /home/vol11_3/epizy.com/epiz_32913441/htdocs/system/CodeIgniter.php(830): App\Controllers\Admin\Settings\License->check()
#6 /home/vol11_3/epizy.com/epiz_32913441/htdocs/system/CodeIgniter.php(412): CodeIgniter\CodeIgniter->runController(Object(App\Controllers\Admin\Settings\License))
#7 /home/vol11_3/epizy.com/epiz_32913441/htdocs/system/CodeIgniter.php(320): CodeIgniter\CodeIgniter->handleRequest(NULL, Object(Config\Cache), false)
#8 /home/vol11_3/epizy.com/epiz_32913441/htdocs/public/index.php(45): CodeIgniter\CodeIgniter->run()
#9 {main}
CRITICAL - 2022-12-11 19:24:41 --> 60 : SSL: no alternative certificate subject name matches target host name 'license.vipembed.com'
#0 /home/vol11_3/epizy.com/epiz_32913441/htdocs/system/HTTP/CURLRequest.php(656): CodeIgniter\HTTP\Exceptions\HTTPException::forCurlError('60', 'SSL: no alterna...')
#1 /home/vol11_3/epizy.com/epiz_32913441/htdocs/system/HTTP/CURLRequest.php(364): CodeIgniter\HTTP\CURLRequest->sendRequest(Array)
#2 /home/vol11_3/epizy.com/epiz_32913441/htdocs/system/HTTP/CURLRequest.php(140): CodeIgniter\HTTP\CURLRequest->send('get', 'https://license...')
#3 /home/vol11_3/epizy.com/epiz_32913441/htdocs/system/HTTP/CURLRequest.php(170): CodeIgniter\HTTP\CURLRequest->request('get', 'https://license...', Array)
#4 /home/vol11_3/epizy.com/epiz_32913441/htdocs/app/Controllers/Admin/Settings/License.php(74): CodeIgniter\HTTP\CURLRequest->get('https://license...')
#5 /home/vol11_3/epizy.com/epiz_32913441/htdocs/system/CodeIgniter.php(830): App\Controllers\Admin\Settings\License->check()
#6 /home/vol11_3/epizy.com/epiz_32913441/htdocs/system/CodeIgniter.php(412): CodeIgniter\CodeIgniter->runController(Object(App\Controllers\Admin\Settings\License))
#7 /home/vol11_3/epizy.com/epiz_32913441/htdocs/system/CodeIgniter.php(320): CodeIgniter\CodeIgniter->handleRequest(NULL, Object(Config\Cache), false)
#8 /home/vol11_3/epizy.com/epiz_32913441/htdocs/public/index.php(45): CodeIgniter\CodeIgniter->run()
#9 {main}
CRITICAL - 2022-12-11 19:25:11 --> 60 : SSL: no alternative certificate subject name matches target host name 'license.vipembed.com'
#0 /home/vol11_3/epizy.com/epiz_32913441/htdocs/system/HTTP/CURLRequest.php(656): CodeIgniter\HTTP\Exceptions\HTTPException::forCurlError('60', 'SSL: no alterna...')
#1 /home/vol11_3/epizy.com/epiz_32913441/htdocs/system/HTTP/CURLRequest.php(364): CodeIgniter\HTTP\CURLRequest->sendRequest(Array)
#2 /home/vol11_3/epizy.com/epiz_32913441/htdocs/system/HTTP/CURLRequest.php(140): CodeIgniter\HTTP\CURLRequest->send('get', 'https://license...')
#3 /home/vol11_3/epizy.com/epiz_32913441/htdocs/system/HTTP/CURLRequest.php(170): CodeIgniter\HTTP\CURLRequest->request('get', 'https://license...', Array)
#4 /home/vol11_3/epizy.com/epiz_32913441/htdocs/app/Controllers/Admin/Settings/License.php(74): CodeIgniter\HTTP\CURLRequest->get('https://license...')
#5 /home/vol11_3/epizy.com/epiz_32913441/htdocs/system/CodeIgniter.php(830): App\Controllers\Admin\Settings\License->check()
#6 /home/vol11_3/epizy.com/epiz_32913441/htdocs/system/CodeIgniter.php(412): CodeIgniter\CodeIgniter->runController(Object(App\Controllers\Admin\Settings\License))
#7 /home/vol11_3/epizy.com/epiz_32913441/htdocs/system/CodeIgniter.php(320): CodeIgniter\CodeIgniter->handleRequest(NULL, Object(Config\Cache), false)
#8 /home/vol11_3/epizy.com/epiz_32913441/htdocs/public/index.php(45): CodeIgniter\CodeIgniter->run()
#9 {main}
CRITICAL - 2022-12-11 19:26:51 --> syntax error, unexpected '==' (T_IS_EQUAL)
#0 /home/vol11_3/epizy.com/epiz_32913441/htdocs/system/View/View.php(213): CodeIgniter\View\View->CodeIgniter\View\{closure}()
#1 /home/vol11_3/epizy.com/epiz_32913441/htdocs/system/Common.php(1128): CodeIgniter\View\View->render('admin/settings/...', Array, true)
#2 /home/vol11_3/epizy.com/epiz_32913441/htdocs/app/Controllers/Admin/Settings/License.php(48): view('admin/settings/...', Array)
#3 /home/vol11_3/epizy.com/epiz_32913441/htdocs/system/CodeIgniter.php(830): App\Controllers\Admin\Settings\License->index()
#4 /home/vol11_3/epizy.com/epiz_32913441/htdocs/system/CodeIgniter.php(412): CodeIgniter\CodeIgniter->runController(Object(App\Controllers\Admin\Settings\License))
#5 /home/vol11_3/epizy.com/epiz_32913441/htdocs/system/CodeIgniter.php(320): CodeIgniter\CodeIgniter->handleRequest(NULL, Object(Config\Cache), false)
#6 /home/vol11_3/epizy.com/epiz_32913441/htdocs/public/index.php(45): CodeIgniter\CodeIgniter->run()
#7 {main}
CRITICAL - 2022-12-11 20:11:36 --> 60 : SSL: no alternative certificate subject name matches target host name 'license.vipembed.com'
#0 /home/vol11_3/epizy.com/epiz_32913441/htdocs/system/HTTP/CURLRequest.php(656): CodeIgniter\HTTP\Exceptions\HTTPException::forCurlError('60', 'SSL: no alterna...')
#1 /home/vol11_3/epizy.com/epiz_32913441/htdocs/system/HTTP/CURLRequest.php(364): CodeIgniter\HTTP\CURLRequest->sendRequest(Array)
#2 /home/vol11_3/epizy.com/epiz_32913441/htdocs/system/HTTP/CURLRequest.php(140): CodeIgniter\HTTP\CURLRequest->send('get', 'https://license...')
#3 /home/vol11_3/epizy.com/epiz_32913441/htdocs/system/HTTP/CURLRequest.php(170): CodeIgniter\HTTP\CURLRequest->request('get', 'https://license...', Array)
#4 /home/vol11_3/epizy.com/epiz_32913441/htdocs/app/Controllers/Admin/Settings/License.php(74): CodeIgniter\HTTP\CURLRequest->get('https://license...')
#5 /home/vol11_3/epizy.com/epiz_32913441/htdocs/system/CodeIgniter.php(830): App\Controllers\Admin\Settings\License->check()
#6 /home/vol11_3/epizy.com/epiz_32913441/htdocs/system/CodeIgniter.php(412): CodeIgniter\CodeIgniter->runController(Object(App\Controllers\Admin\Settings\License))
#7 /home/vol11_3/epizy.com/epiz_32913441/htdocs/system/CodeIgniter.php(320): CodeIgniter\CodeIgniter->handleRequest(NULL, Object(Config\Cache), false)
#8 /home/vol11_3/epizy.com/epiz_32913441/htdocs/public/index.php(45): CodeIgniter\CodeIgniter->run()
#9 {main}
CRITICAL - 2022-12-11 20:30:37 --> 60 : SSL: no alternative certificate subject name matches target host name 'license.vipembed.com'
#0 /home/vol11_3/epizy.com/epiz_32913441/htdocs/system/HTTP/CURLRequest.php(656): CodeIgniter\HTTP\Exceptions\HTTPException::forCurlError('60', 'SSL: no alterna...')
#1 /home/vol11_3/epizy.com/epiz_32913441/htdocs/system/HTTP/CURLRequest.php(364): CodeIgniter\HTTP\CURLRequest->sendRequest(Array)
#2 /home/vol11_3/epizy.com/epiz_32913441/htdocs/system/HTTP/CURLRequest.php(140): CodeIgniter\HTTP\CURLRequest->send('get', 'https://license...')
#3 /home/vol11_3/epizy.com/epiz_32913441/htdocs/system/HTTP/CURLRequest.php(170): CodeIgniter\HTTP\CURLRequest->request('get', 'https://license...', Array)
#4 /home/vol11_3/epizy.com/epiz_32913441/htdocs/app/Controllers/Admin/Settings/License.php(74): CodeIgniter\HTTP\CURLRequest->get('https://license...')
#5 /home/vol11_3/epizy.com/epiz_32913441/htdocs/system/CodeIgniter.php(830): App\Controllers\Admin\Settings\License->check()
#6 /home/vol11_3/epizy.com/epiz_32913441/htdocs/system/CodeIgniter.php(412): CodeIgniter\CodeIgniter->runController(Object(App\Controllers\Admin\Settings\License))
#7 /home/vol11_3/epizy.com/epiz_32913441/htdocs/system/CodeIgniter.php(320): CodeIgniter\CodeIgniter->handleRequest(NULL, Object(Config\Cache), false)
#8 /home/vol11_3/epizy.com/epiz_32913441/htdocs/public/index.php(45): CodeIgniter\CodeIgniter->run()
#9 {main}
CRITICAL - 2022-12-11 20:32:54 --> 60 : SSL: no alternative certificate subject name matches target host name 'license.vipembed.com'
#0 /home/vol11_3/epizy.com/epiz_32913441/htdocs/system/HTTP/CURLRequest.php(656): CodeIgniter\HTTP\Exceptions\HTTPException::forCurlError('60', 'SSL: no alterna...')
#1 /home/vol11_3/epizy.com/epiz_32913441/htdocs/system/HTTP/CURLRequest.php(364): CodeIgniter\HTTP\CURLRequest->sendRequest(Array)
#2 /home/vol11_3/epizy.com/epiz_32913441/htdocs/system/HTTP/CURLRequest.php(140): CodeIgniter\HTTP\CURLRequest->send('get', 'https://license...')
#3 /home/vol11_3/epizy.com/epiz_32913441/htdocs/system/HTTP/CURLRequest.php(170): CodeIgniter\HTTP\CURLRequest->request('get', 'https://license...', Array)
#4 /home/vol11_3/epizy.com/epiz_32913441/htdocs/app/Controllers/Admin/Settings/License.php(74): CodeIgniter\HTTP\CURLRequest->get('https://license...')
#5 /home/vol11_3/epizy.com/epiz_32913441/htdocs/system/CodeIgniter.php(830): App\Controllers\Admin\Settings\License->check()
#6 /home/vol11_3/epizy.com/epiz_32913441/htdocs/system/CodeIgniter.php(412): CodeIgniter\CodeIgniter->runController(Object(App\Controllers\Admin\Settings\License))
#7 /home/vol11_3/epizy.com/epiz_32913441/htdocs/system/CodeIgniter.php(320): CodeIgniter\CodeIgniter->handleRequest(NULL, Object(Config\Cache), false)
#8 /home/vol11_3/epizy.com/epiz_32913441/htdocs/public/index.php(45): CodeIgniter\CodeIgniter->run()
#9 {main}
CRITICAL - 2022-12-11 20:34:52 --> 60 : SSL: no alternative certificate subject name matches target host name 'license.vipembed.com'
#0 /home/vol11_3/epizy.com/epiz_32913441/htdocs/system/HTTP/CURLRequest.php(656): CodeIgniter\HTTP\Exceptions\HTTPException::forCurlError('60', 'SSL: no alterna...')
#1 /home/vol11_3/epizy.com/epiz_32913441/htdocs/system/HTTP/CURLRequest.php(364): CodeIgniter\HTTP\CURLRequest->sendRequest(Array)
#2 /home/vol11_3/epizy.com/epiz_32913441/htdocs/system/HTTP/CURLRequest.php(140): CodeIgniter\HTTP\CURLRequest->send('get', 'https://license...')
#3 /home/vol11_3/epizy.com/epiz_32913441/htdocs/system/HTTP/CURLRequest.php(170): CodeIgniter\HTTP\CURLRequest->request('get', 'https://license...', Array)
#4 /home/vol11_3/epizy.com/epiz_32913441/htdocs/app/Controllers/Admin/Settings/License.php(74): CodeIgniter\HTTP\CURLRequest->get('https://license...')
#5 /home/vol11_3/epizy.com/epiz_32913441/htdocs/system/CodeIgniter.php(830): App\Controllers\Admin\Settings\License->check()
#6 /home/vol11_3/epizy.com/epiz_32913441/htdocs/system/CodeIgniter.php(412): CodeIgniter\CodeIgniter->runController(Object(App\Controllers\Admin\Settings\License))
#7 /home/vol11_3/epizy.com/epiz_32913441/htdocs/system/CodeIgniter.php(320): CodeIgniter\CodeIgniter->handleRequest(NULL, Object(Config\Cache), false)
#8 /home/vol11_3/epizy.com/epiz_32913441/htdocs/public/index.php(45): CodeIgniter\CodeIgniter->run()
#9 {main}
CRITICAL - 2022-12-11 20:40:31 --> 60 : SSL: no alternative certificate subject name matches target host name 'license.vipembed.com'
#0 /home/vol11_3/epizy.com/epiz_32913441/htdocs/system/HTTP/CURLRequest.php(656): CodeIgniter\HTTP\Exceptions\HTTPException::forCurlError('60', 'SSL: no alterna...')
#1 /home/vol11_3/epizy.com/epiz_32913441/htdocs/system/HTTP/CURLRequest.php(364): CodeIgniter\HTTP\CURLRequest->sendRequest(Array)
#2 /home/vol11_3/epizy.com/epiz_32913441/htdocs/system/HTTP/CURLRequest.php(140): CodeIgniter\HTTP\CURLRequest->send('get', 'https://license...')
#3 /home/vol11_3/epizy.com/epiz_32913441/htdocs/system/HTTP/CURLRequest.php(170): CodeIgniter\HTTP\CURLRequest->request('get', 'https://license...', Array)
#4 /home/vol11_3/epizy.com/epiz_32913441/htdocs/app/Controllers/Admin/Settings/License.php(74): CodeIgniter\HTTP\CURLRequest->get('https://license...')
#5 /home/vol11_3/epizy.com/epiz_32913441/htdocs/system/CodeIgniter.php(830): App\Controllers\Admin\Settings\License->check()
#6 /home/vol11_3/epizy.com/epiz_32913441/htdocs/system/CodeIgniter.php(412): CodeIgniter\CodeIgniter->runController(Object(App\Controllers\Admin\Settings\License))
#7 /home/vol11_3/epizy.com/epiz_32913441/htdocs/system/CodeIgniter.php(320): CodeIgniter\CodeIgniter->handleRequest(NULL, Object(Config\Cache), false)
#8 /home/vol11_3/epizy.com/epiz_32913441/htdocs/public/index.php(45): CodeIgniter\CodeIgniter->run()
#9 {main}
CRITICAL - 2022-12-11 20:45:26 --> set_time_limit() has been disabled for security reasons
#0 [internal function]: CodeIgniter\Debug\Exceptions->errorHandler(2, 'set_time_limit(...', '/home/vol11_3/e...', 7, Array)
#1 /home/vol11_3/epizy.com/epiz_32913441/htdocs/app/Helpers/backup_helper.php(7): set_time_limit(0)
#2 /home/vol11_3/epizy.com/epiz_32913441/htdocs/app/Controllers/Admin/Settings/Backup.php(45): get_db_backup()
#3 /home/vol11_3/epizy.com/epiz_32913441/htdocs/system/CodeIgniter.php(830): App\Controllers\Admin\Settings\Backup->get()
#4 /home/vol11_3/epizy.com/epiz_32913441/htdocs/system/CodeIgniter.php(412): CodeIgniter\CodeIgniter->runController(Object(App\Controllers\Admin\Settings\Backup))
#5 /home/vol11_3/epizy.com/epiz_32913441/htdocs/system/CodeIgniter.php(320): CodeIgniter\CodeIgniter->handleRequest(NULL, Object(Config\Cache), false)
#6 /home/vol11_3/epizy.com/epiz_32913441/htdocs/public/index.php(45): CodeIgniter\CodeIgniter->run()
#7 {main}
CRITICAL - 2022-12-11 23:10:54 --> Call to undefined function sidebar_enable()
#0 /home/vol11_3/epizy.com/epiz_32913441/htdocs/system/View/View.php(210): include()
#1 /home/vol11_3/epizy.com/epiz_32913441/htdocs/system/View/View.php(213): CodeIgniter\View\View->CodeIgniter\View\{closure}()
#2 /home/vol11_3/epizy.com/epiz_32913441/htdocs/system/View/View.php(424): CodeIgniter\View\View->render('themes/pirate/_...', NULL, true)
#3 /home/vol11_3/epizy.com/epiz_32913441/htdocs/app/Views/themes/pirate/__layout/header.php(52): CodeIgniter\View\View->include('themes/pirate/_...')
#4 /home/vol11_3/epizy.com/epiz_32913441/htdocs/system/View/View.php(210): include('/home/vol11_3/e...')
#5 /home/vol11_3/epizy.com/epiz_32913441/htdocs/system/View/View.php(213): CodeIgniter\View\View->CodeIgniter\View\{closure}()
#6 /home/vol11_3/epizy.com/epiz_32913441/htdocs/system/View/View.php(424): CodeIgniter\View\View->render('themes/pirate/_...', NULL, true)
#7 /home/vol11_3/epizy.com/epiz_32913441/htdocs/app/Views/themes/pirate/__layout/base.php(1): CodeIgniter\View\View->include('themes/pirate/_...')
#8 /home/vol11_3/epizy.com/epiz_32913441/htdocs/system/View/View.php(210): include('/home/vol11_3/e...')
#9 /home/vol11_3/epizy.com/epiz_32913441/htdocs/system/View/View.php(213): CodeIgniter\View\View->CodeIgniter\View\{closure}()
#10 /home/vol11_3/epizy.com/epiz_32913441/htdocs/system/View/View.php(226): CodeIgniter\View\View->render('themes/pirate/_...', Array, true)
#11 /home/vol11_3/epizy.com/epiz_32913441/htdocs/system/Common.php(1128): CodeIgniter\View\View->render('themes/pirate/l...', Array, true)
#12 /home/vol11_3/epizy.com/epiz_32913441/htdocs/app/Controllers/Library.php(191): view('themes/pirate/l...', Array)
#13 /home/vol11_3/epizy.com/epiz_32913441/htdocs/system/CodeIgniter.php(830): App\Controllers\Library->loadRecord('shows')
#14 /home/vol11_3/epizy.com/epiz_32913441/htdocs/system/CodeIgniter.php(412): CodeIgniter\CodeIgniter->runController(Object(App\Controllers\Library))
#15 /home/vol11_3/epizy.com/epiz_32913441/htdocs/system/CodeIgniter.php(320): CodeIgniter\CodeIgniter->handleRequest(NULL, Object(Config\Cache), false)
#16 /home/vol11_3/epizy.com/epiz_32913441/htdocs/public/index.php(45): CodeIgniter\CodeIgniter->run()
#17 {main}
