CRITICAL - 2023-08-09 21:01:34 --> 28 : Operation timed out after 5001 milliseconds with 0 bytes received
#0 /home/nobrefli/aoseugosto.eu.org/system/HTTP/CURLRequest.php(656): CodeIgniter\HTTP\Exceptions\HTTPException::forCurlError('28', 'Operation timed...')
#1 /home/nobrefli/aoseugosto.eu.org/system/HTTP/CURLRequest.php(364): CodeIgniter\HTTP\CURLRequest->sendRequest(Array)
#2 /home/nobrefli/aoseugosto.eu.org/system/HTTP/CURLRequest.php(140): CodeIgniter\HTTP\CURLRequest->send('get', 'https://www.omd...')
#3 /home/nobrefli/aoseugosto.eu.org/app/Libraries/DataAPI/Omdb.php(144): CodeIgniter\HTTP\CURLRequest->request('get', 'https://www.omd...', Array)
#4 /home/nobrefli/aoseugosto.eu.org/app/Libraries/DataAPI/Omdb.php(79): App\Libraries\DataAPI\Omdb->getData(Array)
#5 /home/nobrefli/aoseugosto.eu.org/app/Libraries/DataAPI/API.php(205): App\Libraries\DataAPI\Omdb->findByImdbId('tt3757126')
#6 /home/nobrefli/aoseugosto.eu.org/app/Libraries/DataAPI/API.php(83): App\Libraries\DataAPI\API->appendTmdbData(Object(App\Libraries\DataAPI\Items\Episode), Array)
#7 /home/nobrefli/aoseugosto.eu.org/app/Controllers/Admin/Ajax/Autoload.php(161): App\Libraries\DataAPI\API->getEpisode('2', '11')
#8 /home/nobrefli/aoseugosto.eu.org/system/CodeIgniter.php(830): App\Controllers\Admin\Ajax\Autoload->load_episode_data()
#9 /home/nobrefli/aoseugosto.eu.org/system/CodeIgniter.php(412): CodeIgniter\CodeIgniter->runController(Object(App\Controllers\Admin\Ajax\Autoload))
#10 /home/nobrefli/aoseugosto.eu.org/system/CodeIgniter.php(320): CodeIgniter\CodeIgniter->handleRequest(NULL, Object(Config\Cache), false)
#11 /home/nobrefli/aoseugosto.eu.org/public/index.php(45): CodeIgniter\CodeIgniter->run()
#12 {main}
CRITICAL - 2023-08-09 21:54:17 --> 28 : Operation timed out after 5000 milliseconds with 0 bytes received
#0 /home/nobrefli/aoseugosto.eu.org/system/HTTP/CURLRequest.php(656): CodeIgniter\HTTP\Exceptions\HTTPException::forCurlError('28', 'Operation timed...')
#1 /home/nobrefli/aoseugosto.eu.org/system/HTTP/CURLRequest.php(364): CodeIgniter\HTTP\CURLRequest->sendRequest(Array)
#2 /home/nobrefli/aoseugosto.eu.org/system/HTTP/CURLRequest.php(140): CodeIgniter\HTTP\CURLRequest->send('get', 'https://www.omd...')
#3 /home/nobrefli/aoseugosto.eu.org/app/Libraries/DataAPI/Omdb.php(144): CodeIgniter\HTTP\CURLRequest->request('get', 'https://www.omd...', Array)
#4 /home/nobrefli/aoseugosto.eu.org/app/Libraries/DataAPI/Omdb.php(79): App\Libraries\DataAPI\Omdb->getData(Array)
#5 /home/nobrefli/aoseugosto.eu.org/app/Libraries/DataAPI/API.php(205): App\Libraries\DataAPI\Omdb->findByImdbId('tt3830044')
#6 /home/nobrefli/aoseugosto.eu.org/app/Libraries/DataAPI/API.php(83): App\Libraries\DataAPI\API->appendTmdbData(Object(App\Libraries\DataAPI\Items\Episode), Array)
#7 /home/nobrefli/aoseugosto.eu.org/app/Controllers/Admin/Ajax/Autoload.php(161): App\Libraries\DataAPI\API->getEpisode('2', '29')
#8 /home/nobrefli/aoseugosto.eu.org/system/CodeIgniter.php(830): App\Controllers\Admin\Ajax\Autoload->load_episode_data()
#9 /home/nobrefli/aoseugosto.eu.org/system/CodeIgniter.php(412): CodeIgniter\CodeIgniter->runController(Object(App\Controllers\Admin\Ajax\Autoload))
#10 /home/nobrefli/aoseugosto.eu.org/system/CodeIgniter.php(320): CodeIgniter\CodeIgniter->handleRequest(NULL, Object(Config\Cache), false)
#11 /home/nobrefli/aoseugosto.eu.org/public/index.php(45): CodeIgniter\CodeIgniter->run()
#12 {main}
CRITICAL - 2023-08-09 21:54:31 --> 28 : Operation timed out after 5000 milliseconds with 0 bytes received
#0 /home/nobrefli/aoseugosto.eu.org/system/HTTP/CURLRequest.php(656): CodeIgniter\HTTP\Exceptions\HTTPException::forCurlError('28', 'Operation timed...')
#1 /home/nobrefli/aoseugosto.eu.org/system/HTTP/CURLRequest.php(364): CodeIgniter\HTTP\CURLRequest->sendRequest(Array)
#2 /home/nobrefli/aoseugosto.eu.org/system/HTTP/CURLRequest.php(140): CodeIgniter\HTTP\CURLRequest->send('get', 'https://www.omd...')
#3 /home/nobrefli/aoseugosto.eu.org/app/Libraries/DataAPI/Omdb.php(144): CodeIgniter\HTTP\CURLRequest->request('get', 'https://www.omd...', Array)
#4 /home/nobrefli/aoseugosto.eu.org/app/Libraries/DataAPI/Omdb.php(79): App\Libraries\DataAPI\Omdb->getData(Array)
#5 /home/nobrefli/aoseugosto.eu.org/app/Libraries/DataAPI/API.php(205): App\Libraries\DataAPI\Omdb->findByImdbId('tt3830044')
#6 /home/nobrefli/aoseugosto.eu.org/app/Libraries/DataAPI/API.php(83): App\Libraries\DataAPI\API->appendTmdbData(Object(App\Libraries\DataAPI\Items\Episode), Array)
#7 /home/nobrefli/aoseugosto.eu.org/app/Controllers/Admin/Ajax/Autoload.php(161): App\Libraries\DataAPI\API->getEpisode('2', '29')
#8 /home/nobrefli/aoseugosto.eu.org/system/CodeIgniter.php(830): App\Controllers\Admin\Ajax\Autoload->load_episode_data()
#9 /home/nobrefli/aoseugosto.eu.org/system/CodeIgniter.php(412): CodeIgniter\CodeIgniter->runController(Object(App\Controllers\Admin\Ajax\Autoload))
#10 /home/nobrefli/aoseugosto.eu.org/system/CodeIgniter.php(320): CodeIgniter\CodeIgniter->handleRequest(NULL, Object(Config\Cache), false)
#11 /home/nobrefli/aoseugosto.eu.org/public/index.php(45): CodeIgniter\CodeIgniter->run()
#12 {main}
CRITICAL - 2023-08-09 23:00:12 --> 28 : Operation timed out after 5000 milliseconds with 0 bytes received
#0 /home/nobrefli/aoseugosto.eu.org/system/HTTP/CURLRequest.php(656): CodeIgniter\HTTP\Exceptions\HTTPException::forCurlError('28', 'Operation timed...')
#1 /home/nobrefli/aoseugosto.eu.org/system/HTTP/CURLRequest.php(364): CodeIgniter\HTTP\CURLRequest->sendRequest(Array)
#2 /home/nobrefli/aoseugosto.eu.org/system/HTTP/CURLRequest.php(140): CodeIgniter\HTTP\CURLRequest->send('get', 'https://www.omd...')
#3 /home/nobrefli/aoseugosto.eu.org/app/Libraries/DataAPI/Omdb.php(144): CodeIgniter\HTTP\CURLRequest->request('get', 'https://www.omd...', Array)
#4 /home/nobrefli/aoseugosto.eu.org/app/Libraries/DataAPI/Omdb.php(79): App\Libraries\DataAPI\Omdb->getData(Array)
#5 /home/nobrefli/aoseugosto.eu.org/app/Libraries/DataAPI/API.php(205): App\Libraries\DataAPI\Omdb->findByImdbId('tt3970274')
#6 /home/nobrefli/aoseugosto.eu.org/app/Libraries/DataAPI/API.php(83): App\Libraries\DataAPI\API->appendTmdbData(Object(App\Libraries\DataAPI\Items\Episode), Array)
#7 /home/nobrefli/aoseugosto.eu.org/app/Controllers/Admin/Ajax/Autoload.php(161): App\Libraries\DataAPI\API->getEpisode('2', '67')
#8 /home/nobrefli/aoseugosto.eu.org/system/CodeIgniter.php(830): App\Controllers\Admin\Ajax\Autoload->load_episode_data()
#9 /home/nobrefli/aoseugosto.eu.org/system/CodeIgniter.php(412): CodeIgniter\CodeIgniter->runController(Object(App\Controllers\Admin\Ajax\Autoload))
#10 /home/nobrefli/aoseugosto.eu.org/system/CodeIgniter.php(320): CodeIgniter\CodeIgniter->handleRequest(NULL, Object(Config\Cache), false)
#11 /home/nobrefli/aoseugosto.eu.org/public/index.php(45): CodeIgniter\CodeIgniter->run()
#12 {main}
