CRITICAL - 2023-02-01 22:08:45 --> Call to a member function getViewLink() on null
#0 /home/vol11_3/epizy.com/epiz_32913441/megadrive.rf.gd/htdocs/system/View/View.php(210): include()
#1 /home/vol11_3/epizy.com/epiz_32913441/megadrive.rf.gd/htdocs/system/View/View.php(213): CodeIgniter\View\View->CodeIgniter\View\{closure}()
#2 /home/vol11_3/epizy.com/epiz_32913441/megadrive.rf.gd/htdocs/system/Common.php(1128): CodeIgniter\View\View->render('themes/pirate/d...', Array, true)
#3 /home/vol11_3/epizy.com/epiz_32913441/megadrive.rf.gd/htdocs/app/Controllers/Download.php(125): view('themes/pirate/d...', Array)
#4 /home/vol11_3/epizy.com/epiz_32913441/megadrive.rf.gd/htdocs/system/CodeIgniter.php(830): App\Controllers\Download->view('],')
#5 /home/vol11_3/epizy.com/epiz_32913441/megadrive.rf.gd/htdocs/system/CodeIgniter.php(412): CodeIgniter\CodeIgniter->runController(Object(App\Controllers\Download))
#6 /home/vol11_3/epizy.com/epiz_32913441/megadrive.rf.gd/htdocs/system/CodeIgniter.php(320): CodeIgniter\CodeIgniter->handleRequest(NULL, Object(Config\Cache), false)
#7 /home/vol11_3/epizy.com/epiz_32913441/megadrive.rf.gd/htdocs/public/index.php(45): CodeIgniter\CodeIgniter->run()
#8 {main}
CRITICAL - 2023-02-01 22:08:45 --> Call to a member function getViewLink() on null
#0 /home/vol11_3/epizy.com/epiz_32913441/megadrive.rf.gd/htdocs/system/View/View.php(210): include()
#1 /home/vol11_3/epizy.com/epiz_32913441/megadrive.rf.gd/htdocs/system/View/View.php(213): CodeIgniter\View\View->CodeIgniter\View\{closure}()
#2 /home/vol11_3/epizy.com/epiz_32913441/megadrive.rf.gd/htdocs/system/Common.php(1128): CodeIgniter\View\View->render('themes/pirate/d...', Array, true)
#3 /home/vol11_3/epizy.com/epiz_32913441/megadrive.rf.gd/htdocs/app/Controllers/Download.php(125): view('themes/pirate/d...', Array)
#4 /home/vol11_3/epizy.com/epiz_32913441/megadrive.rf.gd/htdocs/system/CodeIgniter.php(830): App\Controllers\Download->view('],sibbo-cmp-lay...')
#5 /home/vol11_3/epizy.com/epiz_32913441/megadrive.rf.gd/htdocs/system/CodeIgniter.php(412): CodeIgniter\CodeIgniter->runController(Object(App\Controllers\Download))
#6 /home/vol11_3/epizy.com/epiz_32913441/megadrive.rf.gd/htdocs/system/CodeIgniter.php(320): CodeIgniter\CodeIgniter->handleRequest(NULL, Object(Config\Cache), false)
#7 /home/vol11_3/epizy.com/epiz_32913441/megadrive.rf.gd/htdocs/public/index.php(45): CodeIgniter\CodeIgniter->run()
#8 {main}
CRITICAL - 2023-02-01 22:08:46 --> Call to a member function getViewLink() on null
#0 /home/vol11_3/epizy.com/epiz_32913441/megadrive.rf.gd/htdocs/system/View/View.php(210): include()
#1 /home/vol11_3/epizy.com/epiz_32913441/megadrive.rf.gd/htdocs/system/View/View.php(213): CodeIgniter\View\View->CodeIgniter\View\{closure}()
#2 /home/vol11_3/epizy.com/epiz_32913441/megadrive.rf.gd/htdocs/system/Common.php(1128): CodeIgniter\View\View->render('themes/pirate/d...', Array, true)
#3 /home/vol11_3/epizy.com/epiz_32913441/megadrive.rf.gd/htdocs/app/Controllers/Download.php(125): view('themes/pirate/d...', Array)
#4 /home/vol11_3/epizy.com/epiz_32913441/megadrive.rf.gd/htdocs/system/CodeIgniter.php(830): App\Controllers\Download->view('],')
#5 /home/vol11_3/epizy.com/epiz_32913441/megadrive.rf.gd/htdocs/system/CodeIgniter.php(412): CodeIgniter\CodeIgniter->runController(Object(App\Controllers\Download))
#6 /home/vol11_3/epizy.com/epiz_32913441/megadrive.rf.gd/htdocs/system/CodeIgniter.php(320): CodeIgniter\CodeIgniter->handleRequest(NULL, Object(Config\Cache), false)
#7 /home/vol11_3/epizy.com/epiz_32913441/megadrive.rf.gd/htdocs/public/index.php(45): CodeIgniter\CodeIgniter->run()
#8 {main}
CRITICAL - 2023-02-01 22:08:46 --> Call to a member function getViewLink() on null
#0 /home/vol11_3/epizy.com/epiz_32913441/megadrive.rf.gd/htdocs/system/View/View.php(210): include()
#1 /home/vol11_3/epizy.com/epiz_32913441/megadrive.rf.gd/htdocs/system/View/View.php(213): CodeIgniter\View\View->CodeIgniter\View\{closure}()
#2 /home/vol11_3/epizy.com/epiz_32913441/megadrive.rf.gd/htdocs/system/Common.php(1128): CodeIgniter\View\View->render('themes/pirate/d...', Array, true)
#3 /home/vol11_3/epizy.com/epiz_32913441/megadrive.rf.gd/htdocs/app/Controllers/Download.php(125): view('themes/pirate/d...', Array)
#4 /home/vol11_3/epizy.com/epiz_32913441/megadrive.rf.gd/htdocs/system/CodeIgniter.php(830): App\Controllers\Download->view('],sibbo-cmp-lay...')
#5 /home/vol11_3/epizy.com/epiz_32913441/megadrive.rf.gd/htdocs/system/CodeIgniter.php(412): CodeIgniter\CodeIgniter->runController(Object(App\Controllers\Download))
#6 /home/vol11_3/epizy.com/epiz_32913441/megadrive.rf.gd/htdocs/system/CodeIgniter.php(320): CodeIgniter\CodeIgniter->handleRequest(NULL, Object(Config\Cache), false)
#7 /home/vol11_3/epizy.com/epiz_32913441/megadrive.rf.gd/htdocs/public/index.php(45): CodeIgniter\CodeIgniter->run()
#8 {main}
CRITICAL - 2023-02-01 22:08:47 --> Call to a member function getViewLink() on null
#0 /home/vol11_3/epizy.com/epiz_32913441/megadrive.rf.gd/htdocs/system/View/View.php(210): include()
#1 /home/vol11_3/epizy.com/epiz_32913441/megadrive.rf.gd/htdocs/system/View/View.php(213): CodeIgniter\View\View->CodeIgniter\View\{closure}()
#2 /home/vol11_3/epizy.com/epiz_32913441/megadrive.rf.gd/htdocs/system/Common.php(1128): CodeIgniter\View\View->render('themes/pirate/d...', Array, true)
#3 /home/vol11_3/epizy.com/epiz_32913441/megadrive.rf.gd/htdocs/app/Controllers/Download.php(125): view('themes/pirate/d...', Array)
#4 /home/vol11_3/epizy.com/epiz_32913441/megadrive.rf.gd/htdocs/system/CodeIgniter.php(830): App\Controllers\Download->view('],')
#5 /home/vol11_3/epizy.com/epiz_32913441/megadrive.rf.gd/htdocs/system/CodeIgniter.php(412): CodeIgniter\CodeIgniter->runController(Object(App\Controllers\Download))
#6 /home/vol11_3/epizy.com/epiz_32913441/megadrive.rf.gd/htdocs/system/CodeIgniter.php(320): CodeIgniter\CodeIgniter->handleRequest(NULL, Object(Config\Cache), false)
#7 /home/vol11_3/epizy.com/epiz_32913441/megadrive.rf.gd/htdocs/public/index.php(45): CodeIgniter\CodeIgniter->run()
#8 {main}
CRITICAL - 2023-02-01 22:08:47 --> Call to a member function getViewLink() on null
#0 /home/vol11_3/epizy.com/epiz_32913441/megadrive.rf.gd/htdocs/system/View/View.php(210): include()
#1 /home/vol11_3/epizy.com/epiz_32913441/megadrive.rf.gd/htdocs/system/View/View.php(213): CodeIgniter\View\View->CodeIgniter\View\{closure}()
#2 /home/vol11_3/epizy.com/epiz_32913441/megadrive.rf.gd/htdocs/system/Common.php(1128): CodeIgniter\View\View->render('themes/pirate/d...', Array, true)
#3 /home/vol11_3/epizy.com/epiz_32913441/megadrive.rf.gd/htdocs/app/Controllers/Download.php(125): view('themes/pirate/d...', Array)
#4 /home/vol11_3/epizy.com/epiz_32913441/megadrive.rf.gd/htdocs/system/CodeIgniter.php(830): App\Controllers\Download->view('],sibbo-cmp-lay...')
#5 /home/vol11_3/epizy.com/epiz_32913441/megadrive.rf.gd/htdocs/system/CodeIgniter.php(412): CodeIgniter\CodeIgniter->runController(Object(App\Controllers\Download))
#6 /home/vol11_3/epizy.com/epiz_32913441/megadrive.rf.gd/htdocs/system/CodeIgniter.php(320): CodeIgniter\CodeIgniter->handleRequest(NULL, Object(Config\Cache), false)
#7 /home/vol11_3/epizy.com/epiz_32913441/megadrive.rf.gd/htdocs/public/index.php(45): CodeIgniter\CodeIgniter->run()
#8 {main}
CRITICAL - 2023-02-01 22:08:48 --> Call to a member function getViewLink() on null
#0 /home/vol11_3/epizy.com/epiz_32913441/megadrive.rf.gd/htdocs/system/View/View.php(210): include()
#1 /home/vol11_3/epizy.com/epiz_32913441/megadrive.rf.gd/htdocs/system/View/View.php(213): CodeIgniter\View\View->CodeIgniter\View\{closure}()
#2 /home/vol11_3/epizy.com/epiz_32913441/megadrive.rf.gd/htdocs/system/Common.php(1128): CodeIgniter\View\View->render('themes/pirate/d...', Array, true)
#3 /home/vol11_3/epizy.com/epiz_32913441/megadrive.rf.gd/htdocs/app/Controllers/Download.php(125): view('themes/pirate/d...', Array)
#4 /home/vol11_3/epizy.com/epiz_32913441/megadrive.rf.gd/htdocs/system/CodeIgniter.php(830): App\Controllers\Download->view('],')
#5 /home/vol11_3/epizy.com/epiz_32913441/megadrive.rf.gd/htdocs/system/CodeIgniter.php(412): CodeIgniter\CodeIgniter->runController(Object(App\Controllers\Download))
#6 /home/vol11_3/epizy.com/epiz_32913441/megadrive.rf.gd/htdocs/system/CodeIgniter.php(320): CodeIgniter\CodeIgniter->handleRequest(NULL, Object(Config\Cache), false)
#7 /home/vol11_3/epizy.com/epiz_32913441/megadrive.rf.gd/htdocs/public/index.php(45): CodeIgniter\CodeIgniter->run()
#8 {main}
CRITICAL - 2023-02-01 22:08:48 --> Call to a member function getViewLink() on null
#0 /home/vol11_3/epizy.com/epiz_32913441/megadrive.rf.gd/htdocs/system/View/View.php(210): include()
#1 /home/vol11_3/epizy.com/epiz_32913441/megadrive.rf.gd/htdocs/system/View/View.php(213): CodeIgniter\View\View->CodeIgniter\View\{closure}()
#2 /home/vol11_3/epizy.com/epiz_32913441/megadrive.rf.gd/htdocs/system/Common.php(1128): CodeIgniter\View\View->render('themes/pirate/d...', Array, true)
#3 /home/vol11_3/epizy.com/epiz_32913441/megadrive.rf.gd/htdocs/app/Controllers/Download.php(125): view('themes/pirate/d...', Array)
#4 /home/vol11_3/epizy.com/epiz_32913441/megadrive.rf.gd/htdocs/system/CodeIgniter.php(830): App\Controllers\Download->view('],sibbo-cmp-lay...')
#5 /home/vol11_3/epizy.com/epiz_32913441/megadrive.rf.gd/htdocs/system/CodeIgniter.php(412): CodeIgniter\CodeIgniter->runController(Object(App\Controllers\Download))
#6 /home/vol11_3/epizy.com/epiz_32913441/megadrive.rf.gd/htdocs/system/CodeIgniter.php(320): CodeIgniter\CodeIgniter->handleRequest(NULL, Object(Config\Cache), false)
#7 /home/vol11_3/epizy.com/epiz_32913441/megadrive.rf.gd/htdocs/public/index.php(45): CodeIgniter\CodeIgniter->run()
#8 {main}
CRITICAL - 2023-02-01 22:08:49 --> Call to a member function getViewLink() on null
#0 /home/vol11_3/epizy.com/epiz_32913441/megadrive.rf.gd/htdocs/system/View/View.php(210): include()
#1 /home/vol11_3/epizy.com/epiz_32913441/megadrive.rf.gd/htdocs/system/View/View.php(213): CodeIgniter\View\View->CodeIgniter\View\{closure}()
#2 /home/vol11_3/epizy.com/epiz_32913441/megadrive.rf.gd/htdocs/system/Common.php(1128): CodeIgniter\View\View->render('themes/pirate/d...', Array, true)
#3 /home/vol11_3/epizy.com/epiz_32913441/megadrive.rf.gd/htdocs/app/Controllers/Download.php(125): view('themes/pirate/d...', Array)
#4 /home/vol11_3/epizy.com/epiz_32913441/megadrive.rf.gd/htdocs/system/CodeIgniter.php(830): App\Controllers\Download->view('],')
#5 /home/vol11_3/epizy.com/epiz_32913441/megadrive.rf.gd/htdocs/system/CodeIgniter.php(412): CodeIgniter\CodeIgniter->runController(Object(App\Controllers\Download))
#6 /home/vol11_3/epizy.com/epiz_32913441/megadrive.rf.gd/htdocs/system/CodeIgniter.php(320): CodeIgniter\CodeIgniter->handleRequest(NULL, Object(Config\Cache), false)
#7 /home/vol11_3/epizy.com/epiz_32913441/megadrive.rf.gd/htdocs/public/index.php(45): CodeIgniter\CodeIgniter->run()
#8 {main}
CRITICAL - 2023-02-01 22:08:49 --> Call to a member function getViewLink() on null
#0 /home/vol11_3/epizy.com/epiz_32913441/megadrive.rf.gd/htdocs/system/View/View.php(210): include()
#1 /home/vol11_3/epizy.com/epiz_32913441/megadrive.rf.gd/htdocs/system/View/View.php(213): CodeIgniter\View\View->CodeIgniter\View\{closure}()
#2 /home/vol11_3/epizy.com/epiz_32913441/megadrive.rf.gd/htdocs/system/Common.php(1128): CodeIgniter\View\View->render('themes/pirate/d...', Array, true)
#3 /home/vol11_3/epizy.com/epiz_32913441/megadrive.rf.gd/htdocs/app/Controllers/Download.php(125): view('themes/pirate/d...', Array)
#4 /home/vol11_3/epizy.com/epiz_32913441/megadrive.rf.gd/htdocs/system/CodeIgniter.php(830): App\Controllers\Download->view('],sibbo-cmp-lay...')
#5 /home/vol11_3/epizy.com/epiz_32913441/megadrive.rf.gd/htdocs/system/CodeIgniter.php(412): CodeIgniter\CodeIgniter->runController(Object(App\Controllers\Download))
#6 /home/vol11_3/epizy.com/epiz_32913441/megadrive.rf.gd/htdocs/system/CodeIgniter.php(320): CodeIgniter\CodeIgniter->handleRequest(NULL, Object(Config\Cache), false)
#7 /home/vol11_3/epizy.com/epiz_32913441/megadrive.rf.gd/htdocs/public/index.php(45): CodeIgniter\CodeIgniter->run()
#8 {main}
CRITICAL - 2023-02-01 22:08:52 --> Call to a member function getViewLink() on null
#0 /home/vol11_3/epizy.com/epiz_32913441/megadrive.rf.gd/htdocs/system/View/View.php(210): include()
#1 /home/vol11_3/epizy.com/epiz_32913441/megadrive.rf.gd/htdocs/system/View/View.php(213): CodeIgniter\View\View->CodeIgniter\View\{closure}()
#2 /home/vol11_3/epizy.com/epiz_32913441/megadrive.rf.gd/htdocs/system/Common.php(1128): CodeIgniter\View\View->render('themes/pirate/d...', Array, true)
#3 /home/vol11_3/epizy.com/epiz_32913441/megadrive.rf.gd/htdocs/app/Controllers/Download.php(125): view('themes/pirate/d...', Array)
#4 /home/vol11_3/epizy.com/epiz_32913441/megadrive.rf.gd/htdocs/system/CodeIgniter.php(830): App\Controllers\Download->view('],')
#5 /home/vol11_3/epizy.com/epiz_32913441/megadrive.rf.gd/htdocs/system/CodeIgniter.php(412): CodeIgniter\CodeIgniter->runController(Object(App\Controllers\Download))
#6 /home/vol11_3/epizy.com/epiz_32913441/megadrive.rf.gd/htdocs/system/CodeIgniter.php(320): CodeIgniter\CodeIgniter->handleRequest(NULL, Object(Config\Cache), false)
#7 /home/vol11_3/epizy.com/epiz_32913441/megadrive.rf.gd/htdocs/public/index.php(45): CodeIgniter\CodeIgniter->run()
#8 {main}
CRITICAL - 2023-02-01 22:08:52 --> Call to a member function getViewLink() on null
#0 /home/vol11_3/epizy.com/epiz_32913441/megadrive.rf.gd/htdocs/system/View/View.php(210): include()
#1 /home/vol11_3/epizy.com/epiz_32913441/megadrive.rf.gd/htdocs/system/View/View.php(213): CodeIgniter\View\View->CodeIgniter\View\{closure}()
#2 /home/vol11_3/epizy.com/epiz_32913441/megadrive.rf.gd/htdocs/system/Common.php(1128): CodeIgniter\View\View->render('themes/pirate/d...', Array, true)
#3 /home/vol11_3/epizy.com/epiz_32913441/megadrive.rf.gd/htdocs/app/Controllers/Download.php(125): view('themes/pirate/d...', Array)
#4 /home/vol11_3/epizy.com/epiz_32913441/megadrive.rf.gd/htdocs/system/CodeIgniter.php(830): App\Controllers\Download->view('],sibbo-cmp-lay...')
#5 /home/vol11_3/epizy.com/epiz_32913441/megadrive.rf.gd/htdocs/system/CodeIgniter.php(412): CodeIgniter\CodeIgniter->runController(Object(App\Controllers\Download))
#6 /home/vol11_3/epizy.com/epiz_32913441/megadrive.rf.gd/htdocs/system/CodeIgniter.php(320): CodeIgniter\CodeIgniter->handleRequest(NULL, Object(Config\Cache), false)
#7 /home/vol11_3/epizy.com/epiz_32913441/megadrive.rf.gd/htdocs/public/index.php(45): CodeIgniter\CodeIgniter->run()
#8 {main}
CRITICAL - 2023-02-01 22:08:53 --> Call to a member function getViewLink() on null
#0 /home/vol11_3/epizy.com/epiz_32913441/megadrive.rf.gd/htdocs/system/View/View.php(210): include()
#1 /home/vol11_3/epizy.com/epiz_32913441/megadrive.rf.gd/htdocs/system/View/View.php(213): CodeIgniter\View\View->CodeIgniter\View\{closure}()
#2 /home/vol11_3/epizy.com/epiz_32913441/megadrive.rf.gd/htdocs/system/Common.php(1128): CodeIgniter\View\View->render('themes/pirate/d...', Array, true)
#3 /home/vol11_3/epizy.com/epiz_32913441/megadrive.rf.gd/htdocs/app/Controllers/Download.php(125): view('themes/pirate/d...', Array)
#4 /home/vol11_3/epizy.com/epiz_32913441/megadrive.rf.gd/htdocs/system/CodeIgniter.php(830): App\Controllers\Download->view('],')
#5 /home/vol11_3/epizy.com/epiz_32913441/megadrive.rf.gd/htdocs/system/CodeIgniter.php(412): CodeIgniter\CodeIgniter->runController(Object(App\Controllers\Download))
#6 /home/vol11_3/epizy.com/epiz_32913441/megadrive.rf.gd/htdocs/system/CodeIgniter.php(320): CodeIgniter\CodeIgniter->handleRequest(NULL, Object(Config\Cache), false)
#7 /home/vol11_3/epizy.com/epiz_32913441/megadrive.rf.gd/htdocs/public/index.php(45): CodeIgniter\CodeIgniter->run()
#8 {main}
CRITICAL - 2023-02-01 22:08:53 --> Call to a member function getViewLink() on null
#0 /home/vol11_3/epizy.com/epiz_32913441/megadrive.rf.gd/htdocs/system/View/View.php(210): include()
#1 /home/vol11_3/epizy.com/epiz_32913441/megadrive.rf.gd/htdocs/system/View/View.php(213): CodeIgniter\View\View->CodeIgniter\View\{closure}()
#2 /home/vol11_3/epizy.com/epiz_32913441/megadrive.rf.gd/htdocs/system/Common.php(1128): CodeIgniter\View\View->render('themes/pirate/d...', Array, true)
#3 /home/vol11_3/epizy.com/epiz_32913441/megadrive.rf.gd/htdocs/app/Controllers/Download.php(125): view('themes/pirate/d...', Array)
#4 /home/vol11_3/epizy.com/epiz_32913441/megadrive.rf.gd/htdocs/system/CodeIgniter.php(830): App\Controllers\Download->view('],sibbo-cmp-lay...')
#5 /home/vol11_3/epizy.com/epiz_32913441/megadrive.rf.gd/htdocs/system/CodeIgniter.php(412): CodeIgniter\CodeIgniter->runController(Object(App\Controllers\Download))
#6 /home/vol11_3/epizy.com/epiz_32913441/megadrive.rf.gd/htdocs/system/CodeIgniter.php(320): CodeIgniter\CodeIgniter->handleRequest(NULL, Object(Config\Cache), false)
#7 /home/vol11_3/epizy.com/epiz_32913441/megadrive.rf.gd/htdocs/public/index.php(45): CodeIgniter\CodeIgniter->run()
#8 {main}
CRITICAL - 2023-02-01 22:08:54 --> Call to a member function getViewLink() on null
#0 /home/vol11_3/epizy.com/epiz_32913441/megadrive.rf.gd/htdocs/system/View/View.php(210): include()
#1 /home/vol11_3/epizy.com/epiz_32913441/megadrive.rf.gd/htdocs/system/View/View.php(213): CodeIgniter\View\View->CodeIgniter\View\{closure}()
#2 /home/vol11_3/epizy.com/epiz_32913441/megadrive.rf.gd/htdocs/system/Common.php(1128): CodeIgniter\View\View->render('themes/pirate/d...', Array, true)
#3 /home/vol11_3/epizy.com/epiz_32913441/megadrive.rf.gd/htdocs/app/Controllers/Download.php(125): view('themes/pirate/d...', Array)
#4 /home/vol11_3/epizy.com/epiz_32913441/megadrive.rf.gd/htdocs/system/CodeIgniter.php(830): App\Controllers\Download->view('],')
#5 /home/vol11_3/epizy.com/epiz_32913441/megadrive.rf.gd/htdocs/system/CodeIgniter.php(412): CodeIgniter\CodeIgniter->runController(Object(App\Controllers\Download))
#6 /home/vol11_3/epizy.com/epiz_32913441/megadrive.rf.gd/htdocs/system/CodeIgniter.php(320): CodeIgniter\CodeIgniter->handleRequest(NULL, Object(Config\Cache), false)
#7 /home/vol11_3/epizy.com/epiz_32913441/megadrive.rf.gd/htdocs/public/index.php(45): CodeIgniter\CodeIgniter->run()
#8 {main}
CRITICAL - 2023-02-01 22:08:55 --> Call to a member function getViewLink() on null
#0 /home/vol11_3/epizy.com/epiz_32913441/megadrive.rf.gd/htdocs/system/View/View.php(210): include()
#1 /home/vol11_3/epizy.com/epiz_32913441/megadrive.rf.gd/htdocs/system/View/View.php(213): CodeIgniter\View\View->CodeIgniter\View\{closure}()
#2 /home/vol11_3/epizy.com/epiz_32913441/megadrive.rf.gd/htdocs/system/Common.php(1128): CodeIgniter\View\View->render('themes/pirate/d...', Array, true)
#3 /home/vol11_3/epizy.com/epiz_32913441/megadrive.rf.gd/htdocs/app/Controllers/Download.php(125): view('themes/pirate/d...', Array)
#4 /home/vol11_3/epizy.com/epiz_32913441/megadrive.rf.gd/htdocs/system/CodeIgniter.php(830): App\Controllers\Download->view('],sibbo-cmp-lay...')
#5 /home/vol11_3/epizy.com/epiz_32913441/megadrive.rf.gd/htdocs/system/CodeIgniter.php(412): CodeIgniter\CodeIgniter->runController(Object(App\Controllers\Download))
#6 /home/vol11_3/epizy.com/epiz_32913441/megadrive.rf.gd/htdocs/system/CodeIgniter.php(320): CodeIgniter\CodeIgniter->handleRequest(NULL, Object(Config\Cache), false)
#7 /home/vol11_3/epizy.com/epiz_32913441/megadrive.rf.gd/htdocs/public/index.php(45): CodeIgniter\CodeIgniter->run()
#8 {main}
CRITICAL - 2023-02-01 22:08:55 --> Call to a member function getViewLink() on null
#0 /home/vol11_3/epizy.com/epiz_32913441/megadrive.rf.gd/htdocs/system/View/View.php(210): include()
#1 /home/vol11_3/epizy.com/epiz_32913441/megadrive.rf.gd/htdocs/system/View/View.php(213): CodeIgniter\View\View->CodeIgniter\View\{closure}()
#2 /home/vol11_3/epizy.com/epiz_32913441/megadrive.rf.gd/htdocs/system/Common.php(1128): CodeIgniter\View\View->render('themes/pirate/d...', Array, true)
#3 /home/vol11_3/epizy.com/epiz_32913441/megadrive.rf.gd/htdocs/app/Controllers/Download.php(125): view('themes/pirate/d...', Array)
#4 /home/vol11_3/epizy.com/epiz_32913441/megadrive.rf.gd/htdocs/system/CodeIgniter.php(830): App\Controllers\Download->view('],')
#5 /home/vol11_3/epizy.com/epiz_32913441/megadrive.rf.gd/htdocs/system/CodeIgniter.php(412): CodeIgniter\CodeIgniter->runController(Object(App\Controllers\Download))
#6 /home/vol11_3/epizy.com/epiz_32913441/megadrive.rf.gd/htdocs/system/CodeIgniter.php(320): CodeIgniter\CodeIgniter->handleRequest(NULL, Object(Config\Cache), false)
#7 /home/vol11_3/epizy.com/epiz_32913441/megadrive.rf.gd/htdocs/public/index.php(45): CodeIgniter\CodeIgniter->run()
#8 {main}
CRITICAL - 2023-02-01 22:08:56 --> Call to a member function getViewLink() on null
#0 /home/vol11_3/epizy.com/epiz_32913441/megadrive.rf.gd/htdocs/system/View/View.php(210): include()
#1 /home/vol11_3/epizy.com/epiz_32913441/megadrive.rf.gd/htdocs/system/View/View.php(213): CodeIgniter\View\View->CodeIgniter\View\{closure}()
#2 /home/vol11_3/epizy.com/epiz_32913441/megadrive.rf.gd/htdocs/system/Common.php(1128): CodeIgniter\View\View->render('themes/pirate/d...', Array, true)
#3 /home/vol11_3/epizy.com/epiz_32913441/megadrive.rf.gd/htdocs/app/Controllers/Download.php(125): view('themes/pirate/d...', Array)
#4 /home/vol11_3/epizy.com/epiz_32913441/megadrive.rf.gd/htdocs/system/CodeIgniter.php(830): App\Controllers\Download->view('],sibbo-cmp-lay...')
#5 /home/vol11_3/epizy.com/epiz_32913441/megadrive.rf.gd/htdocs/system/CodeIgniter.php(412): CodeIgniter\CodeIgniter->runController(Object(App\Controllers\Download))
#6 /home/vol11_3/epizy.com/epiz_32913441/megadrive.rf.gd/htdocs/system/CodeIgniter.php(320): CodeIgniter\CodeIgniter->handleRequest(NULL, Object(Config\Cache), false)
#7 /home/vol11_3/epizy.com/epiz_32913441/megadrive.rf.gd/htdocs/public/index.php(45): CodeIgniter\CodeIgniter->run()
#8 {main}
CRITICAL - 2023-02-01 22:08:56 --> Call to a member function getViewLink() on null
#0 /home/vol11_3/epizy.com/epiz_32913441/megadrive.rf.gd/htdocs/system/View/View.php(210): include()
#1 /home/vol11_3/epizy.com/epiz_32913441/megadrive.rf.gd/htdocs/system/View/View.php(213): CodeIgniter\View\View->CodeIgniter\View\{closure}()
#2 /home/vol11_3/epizy.com/epiz_32913441/megadrive.rf.gd/htdocs/system/Common.php(1128): CodeIgniter\View\View->render('themes/pirate/d...', Array, true)
#3 /home/vol11_3/epizy.com/epiz_32913441/megadrive.rf.gd/htdocs/app/Controllers/Download.php(125): view('themes/pirate/d...', Array)
#4 /home/vol11_3/epizy.com/epiz_32913441/megadrive.rf.gd/htdocs/system/CodeIgniter.php(830): App\Controllers\Download->view('],')
#5 /home/vol11_3/epizy.com/epiz_32913441/megadrive.rf.gd/htdocs/system/CodeIgniter.php(412): CodeIgniter\CodeIgniter->runController(Object(App\Controllers\Download))
#6 /home/vol11_3/epizy.com/epiz_32913441/megadrive.rf.gd/htdocs/system/CodeIgniter.php(320): CodeIgniter\CodeIgniter->handleRequest(NULL, Object(Config\Cache), false)
#7 /home/vol11_3/epizy.com/epiz_32913441/megadrive.rf.gd/htdocs/public/index.php(45): CodeIgniter\CodeIgniter->run()
#8 {main}
CRITICAL - 2023-02-01 22:08:57 --> Call to a member function getViewLink() on null
#0 /home/vol11_3/epizy.com/epiz_32913441/megadrive.rf.gd/htdocs/system/View/View.php(210): include()
#1 /home/vol11_3/epizy.com/epiz_32913441/megadrive.rf.gd/htdocs/system/View/View.php(213): CodeIgniter\View\View->CodeIgniter\View\{closure}()
#2 /home/vol11_3/epizy.com/epiz_32913441/megadrive.rf.gd/htdocs/system/Common.php(1128): CodeIgniter\View\View->render('themes/pirate/d...', Array, true)
#3 /home/vol11_3/epizy.com/epiz_32913441/megadrive.rf.gd/htdocs/app/Controllers/Download.php(125): view('themes/pirate/d...', Array)
#4 /home/vol11_3/epizy.com/epiz_32913441/megadrive.rf.gd/htdocs/system/CodeIgniter.php(830): App\Controllers\Download->view('],sibbo-cmp-lay...')
#5 /home/vol11_3/epizy.com/epiz_32913441/megadrive.rf.gd/htdocs/system/CodeIgniter.php(412): CodeIgniter\CodeIgniter->runController(Object(App\Controllers\Download))
#6 /home/vol11_3/epizy.com/epiz_32913441/megadrive.rf.gd/htdocs/system/CodeIgniter.php(320): CodeIgniter\CodeIgniter->handleRequest(NULL, Object(Config\Cache), false)
#7 /home/vol11_3/epizy.com/epiz_32913441/megadrive.rf.gd/htdocs/public/index.php(45): CodeIgniter\CodeIgniter->run()
#8 {main}
CRITICAL - 2023-02-01 22:09:00 --> Call to a member function getViewLink() on null
#0 /home/vol11_3/epizy.com/epiz_32913441/megadrive.rf.gd/htdocs/system/View/View.php(210): include()
#1 /home/vol11_3/epizy.com/epiz_32913441/megadrive.rf.gd/htdocs/system/View/View.php(213): CodeIgniter\View\View->CodeIgniter\View\{closure}()
#2 /home/vol11_3/epizy.com/epiz_32913441/megadrive.rf.gd/htdocs/system/Common.php(1128): CodeIgniter\View\View->render('themes/pirate/d...', Array, true)
#3 /home/vol11_3/epizy.com/epiz_32913441/megadrive.rf.gd/htdocs/app/Controllers/Download.php(125): view('themes/pirate/d...', Array)
#4 /home/vol11_3/epizy.com/epiz_32913441/megadrive.rf.gd/htdocs/system/CodeIgniter.php(830): App\Controllers\Download->view('],')
#5 /home/vol11_3/epizy.com/epiz_32913441/megadrive.rf.gd/htdocs/system/CodeIgniter.php(412): CodeIgniter\CodeIgniter->runController(Object(App\Controllers\Download))
#6 /home/vol11_3/epizy.com/epiz_32913441/megadrive.rf.gd/htdocs/system/CodeIgniter.php(320): CodeIgniter\CodeIgniter->handleRequest(NULL, Object(Config\Cache), false)
#7 /home/vol11_3/epizy.com/epiz_32913441/megadrive.rf.gd/htdocs/public/index.php(45): CodeIgniter\CodeIgniter->run()
#8 {main}
CRITICAL - 2023-02-01 22:09:00 --> Call to a member function getViewLink() on null
#0 /home/vol11_3/epizy.com/epiz_32913441/megadrive.rf.gd/htdocs/system/View/View.php(210): include()
#1 /home/vol11_3/epizy.com/epiz_32913441/megadrive.rf.gd/htdocs/system/View/View.php(213): CodeIgniter\View\View->CodeIgniter\View\{closure}()
#2 /home/vol11_3/epizy.com/epiz_32913441/megadrive.rf.gd/htdocs/system/Common.php(1128): CodeIgniter\View\View->render('themes/pirate/d...', Array, true)
#3 /home/vol11_3/epizy.com/epiz_32913441/megadrive.rf.gd/htdocs/app/Controllers/Download.php(125): view('themes/pirate/d...', Array)
#4 /home/vol11_3/epizy.com/epiz_32913441/megadrive.rf.gd/htdocs/system/CodeIgniter.php(830): App\Controllers\Download->view('],sibbo-cmp-lay...')
#5 /home/vol11_3/epizy.com/epiz_32913441/megadrive.rf.gd/htdocs/system/CodeIgniter.php(412): CodeIgniter\CodeIgniter->runController(Object(App\Controllers\Download))
#6 /home/vol11_3/epizy.com/epiz_32913441/megadrive.rf.gd/htdocs/system/CodeIgniter.php(320): CodeIgniter\CodeIgniter->handleRequest(NULL, Object(Config\Cache), false)
#7 /home/vol11_3/epizy.com/epiz_32913441/megadrive.rf.gd/htdocs/public/index.php(45): CodeIgniter\CodeIgniter->run()
#8 {main}
CRITICAL - 2023-02-01 22:09:01 --> Call to a member function getViewLink() on null
#0 /home/vol11_3/epizy.com/epiz_32913441/megadrive.rf.gd/htdocs/system/View/View.php(210): include()
#1 /home/vol11_3/epizy.com/epiz_32913441/megadrive.rf.gd/htdocs/system/View/View.php(213): CodeIgniter\View\View->CodeIgniter\View\{closure}()
#2 /home/vol11_3/epizy.com/epiz_32913441/megadrive.rf.gd/htdocs/system/Common.php(1128): CodeIgniter\View\View->render('themes/pirate/d...', Array, true)
#3 /home/vol11_3/epizy.com/epiz_32913441/megadrive.rf.gd/htdocs/app/Controllers/Download.php(125): view('themes/pirate/d...', Array)
#4 /home/vol11_3/epizy.com/epiz_32913441/megadrive.rf.gd/htdocs/system/CodeIgniter.php(830): App\Controllers\Download->view('],sibbo-cmp-lay...')
#5 /home/vol11_3/epizy.com/epiz_32913441/megadrive.rf.gd/htdocs/system/CodeIgniter.php(412): CodeIgniter\CodeIgniter->runController(Object(App\Controllers\Download))
#6 /home/vol11_3/epizy.com/epiz_32913441/megadrive.rf.gd/htdocs/system/CodeIgniter.php(320): CodeIgniter\CodeIgniter->handleRequest(NULL, Object(Config\Cache), false)
#7 /home/vol11_3/epizy.com/epiz_32913441/megadrive.rf.gd/htdocs/public/index.php(45): CodeIgniter\CodeIgniter->run()
#8 {main}
CRITICAL - 2023-02-01 22:09:01 --> Call to a member function getViewLink() on null
#0 /home/vol11_3/epizy.com/epiz_32913441/megadrive.rf.gd/htdocs/system/View/View.php(210): include()
#1 /home/vol11_3/epizy.com/epiz_32913441/megadrive.rf.gd/htdocs/system/View/View.php(213): CodeIgniter\View\View->CodeIgniter\View\{closure}()
#2 /home/vol11_3/epizy.com/epiz_32913441/megadrive.rf.gd/htdocs/system/Common.php(1128): CodeIgniter\View\View->render('themes/pirate/d...', Array, true)
#3 /home/vol11_3/epizy.com/epiz_32913441/megadrive.rf.gd/htdocs/app/Controllers/Download.php(125): view('themes/pirate/d...', Array)
#4 /home/vol11_3/epizy.com/epiz_32913441/megadrive.rf.gd/htdocs/system/CodeIgniter.php(830): App\Controllers\Download->view('],')
#5 /home/vol11_3/epizy.com/epiz_32913441/megadrive.rf.gd/htdocs/system/CodeIgniter.php(412): CodeIgniter\CodeIgniter->runController(Object(App\Controllers\Download))
#6 /home/vol11_3/epizy.com/epiz_32913441/megadrive.rf.gd/htdocs/system/CodeIgniter.php(320): CodeIgniter\CodeIgniter->handleRequest(NULL, Object(Config\Cache), false)
#7 /home/vol11_3/epizy.com/epiz_32913441/megadrive.rf.gd/htdocs/public/index.php(45): CodeIgniter\CodeIgniter->run()
#8 {main}
