CRITICAL - 2023-10-02 00:49:52 --> Call to a member function getViewLink() on null
#0 /home/nobrefli/aoseugosto.eu.org/system/View/View.php(210): include()
#1 /home/nobrefli/aoseugosto.eu.org/system/View/View.php(213): CodeIgniter\View\View->CodeIgniter\View\{closure}()
#2 /home/nobrefli/aoseugosto.eu.org/system/Common.php(1128): CodeIgniter\View\View->render('themes/pirate/d...', Array, true)
#3 /home/nobrefli/aoseugosto.eu.org/app/Controllers/Download.php(125): view('themes/pirate/d...', Array)
#4 /home/nobrefli/aoseugosto.eu.org/system/CodeIgniter.php(830): App\Controllers\Download->view('1255-red-white-...')
#5 /home/nobrefli/aoseugosto.eu.org/system/CodeIgniter.php(412): CodeIgniter\CodeIgniter->runController(Object(App\Controllers\Download))
#6 /home/nobrefli/aoseugosto.eu.org/system/CodeIgniter.php(320): CodeIgniter\CodeIgniter->handleRequest(NULL, Object(Config\Cache), false)
#7 /home/nobrefli/aoseugosto.eu.org/public/index.php(45): CodeIgniter\CodeIgniter->run()
#8 {main}
CRITICAL - 2023-10-02 13:06:02 --> Call to a member function getViewLink() on null
#0 /home/nobrefli/aoseugosto.eu.org/system/View/View.php(210): include()
#1 /home/nobrefli/aoseugosto.eu.org/system/View/View.php(213): CodeIgniter\View\View->CodeIgniter\View\{closure}()
#2 /home/nobrefli/aoseugosto.eu.org/system/Common.php(1128): CodeIgniter\View\View->render('themes/pirate/d...', Array, true)
#3 /home/nobrefli/aoseugosto.eu.org/app/Controllers/Download.php(125): view('themes/pirate/d...', Array)
#4 /home/nobrefli/aoseugosto.eu.org/system/CodeIgniter.php(830): App\Controllers\Download->view('43--a-casa-das-...')
#5 /home/nobrefli/aoseugosto.eu.org/system/CodeIgniter.php(412): CodeIgniter\CodeIgniter->runController(Object(App\Controllers\Download))
#6 /home/nobrefli/aoseugosto.eu.org/system/CodeIgniter.php(320): CodeIgniter\CodeIgniter->handleRequest(NULL, Object(Config\Cache), false)
#7 /home/nobrefli/aoseugosto.eu.org/public/index.php(45): CodeIgniter\CodeIgniter->run()
#8 {main}
CRITICAL - 2023-10-02 16:31:08 --> Call to a member function getViewLink() on null
#0 /home/nobrefli/aoseugosto.eu.org/system/View/View.php(210): include()
#1 /home/nobrefli/aoseugosto.eu.org/system/View/View.php(213): CodeIgniter\View\View->CodeIgniter\View\{closure}()
#2 /home/nobrefli/aoseugosto.eu.org/system/Common.php(1128): CodeIgniter\View\View->render('themes/pirate/d...', Array, true)
#3 /home/nobrefli/aoseugosto.eu.org/app/Controllers/Download.php(125): view('themes/pirate/d...', Array)
#4 /home/nobrefli/aoseugosto.eu.org/system/CodeIgniter.php(830): App\Controllers\Download->view('1347-as-aventur...')
#5 /home/nobrefli/aoseugosto.eu.org/system/CodeIgniter.php(412): CodeIgniter\CodeIgniter->runController(Object(App\Controllers\Download))
#6 /home/nobrefli/aoseugosto.eu.org/system/CodeIgniter.php(320): CodeIgniter\CodeIgniter->handleRequest(NULL, Object(Config\Cache), false)
#7 /home/nobrefli/aoseugosto.eu.org/public/index.php(45): CodeIgniter\CodeIgniter->run()
#8 {main}
CRITICAL - 2023-10-02 20:52:41 --> Call to a member function getViewLink() on null
#0 /home/nobrefli/aoseugosto.eu.org/system/View/View.php(210): include()
#1 /home/nobrefli/aoseugosto.eu.org/system/View/View.php(213): CodeIgniter\View\View->CodeIgniter\View\{closure}()
#2 /home/nobrefli/aoseugosto.eu.org/system/Common.php(1128): CodeIgniter\View\View->render('themes/pirate/d...', Array, true)
#3 /home/nobrefli/aoseugosto.eu.org/app/Controllers/Download.php(125): view('themes/pirate/d...', Array)
#4 /home/nobrefli/aoseugosto.eu.org/system/CodeIgniter.php(830): App\Controllers\Download->view('1275-harley-qui...')
#5 /home/nobrefli/aoseugosto.eu.org/system/CodeIgniter.php(412): CodeIgniter\CodeIgniter->runController(Object(App\Controllers\Download))
#6 /home/nobrefli/aoseugosto.eu.org/system/CodeIgniter.php(320): CodeIgniter\CodeIgniter->handleRequest(NULL, Object(Config\Cache), false)
#7 /home/nobrefli/aoseugosto.eu.org/public/index.php(45): CodeIgniter\CodeIgniter->run()
#8 {main}
CRITICAL - 2023-10-02 22:22:53 --> Call to a member function getViewLink() on null
#0 /home/nobrefli/aoseugosto.eu.org/system/View/View.php(210): include()
#1 /home/nobrefli/aoseugosto.eu.org/system/View/View.php(213): CodeIgniter\View\View->CodeIgniter\View\{closure}()
#2 /home/nobrefli/aoseugosto.eu.org/system/Common.php(1128): CodeIgniter\View\View->render('themes/pirate/d...', Array, true)
#3 /home/nobrefli/aoseugosto.eu.org/app/Controllers/Download.php(125): view('themes/pirate/d...', Array)
#4 /home/nobrefli/aoseugosto.eu.org/system/CodeIgniter.php(830): App\Controllers\Download->view('1288-ru\xC3\xADdo-202...')
#5 /home/nobrefli/aoseugosto.eu.org/system/CodeIgniter.php(412): CodeIgniter\CodeIgniter->runController(Object(App\Controllers\Download))
#6 /home/nobrefli/aoseugosto.eu.org/system/CodeIgniter.php(320): CodeIgniter\CodeIgniter->handleRequest(NULL, Object(Config\Cache), false)
#7 /home/nobrefli/aoseugosto.eu.org/public/index.php(45): CodeIgniter\CodeIgniter->run()
#8 {main}
