ERROR - 2023-05-01 22:10:46 --> Table 'megadri2_video.settings' doesn't exist
CRITICAL - 2023-05-01 22:10:46 --> Call to a member function getResultArray() on bool
#0 /home/megadri2/aoseugosto.eu.org/system/Config/Factories.php(110): App\Config\Settings->__construct()
#1 /home/megadri2/aoseugosto.eu.org/system/Common.php(198): CodeIgniter\Config\Factories::__callStatic('config', Array)
#2 /home/megadri2/aoseugosto.eu.org/app/Helpers/config_helper.php(8): config('Settings')
#3 /home/megadri2/aoseugosto.eu.org/app/Helpers/config_helper.php(65): get_config('embed_slug')
#4 /home/megadri2/aoseugosto.eu.org/app/Config/Routes.php(115): embed_slug()
#5 /home/megadri2/aoseugosto.eu.org/system/CodeIgniter.php(711): require('/home/megadri2/...')
#6 /home/megadri2/aoseugosto.eu.org/system/CodeIgniter.php(361): CodeIgniter\CodeIgniter->tryToRouteIt(Object(CodeIgniter\Router\RouteCollection))
#7 /home/megadri2/aoseugosto.eu.org/system/CodeIgniter.php(320): CodeIgniter\CodeIgniter->handleRequest(NULL, Object(Config\Cache), false)
#8 /home/megadri2/aoseugosto.eu.org/public/index.php(45): CodeIgniter\CodeIgniter->run()
#9 {main}
CRITICAL - 2023-05-01 22:11:34 --> no access
#0 /home/megadri2/aoseugosto.eu.org/app/Filters/AdminAccessPermission.php(51): App\Exceptions\AuthException::noAccess()
#1 /home/megadri2/aoseugosto.eu.org/system/Filters/Filters.php(174): App\Filters\AdminAccessPermission->before(Object(CodeIgniter\HTTP\IncomingRequest), NULL)
#2 /home/megadri2/aoseugosto.eu.org/system/CodeIgniter.php(386): CodeIgniter\Filters\Filters->run('admin/settings/...', 'before')
#3 /home/megadri2/aoseugosto.eu.org/system/CodeIgniter.php(320): CodeIgniter\CodeIgniter->handleRequest(NULL, Object(Config\Cache), false)
#4 /home/megadri2/aoseugosto.eu.org/public/index.php(45): CodeIgniter\CodeIgniter->run()
#5 {main}
CRITICAL - 2023-05-01 22:11:36 --> no access
#0 /home/megadri2/aoseugosto.eu.org/app/Filters/AdminAccessPermission.php(51): App\Exceptions\AuthException::noAccess()
#1 /home/megadri2/aoseugosto.eu.org/system/Filters/Filters.php(174): App\Filters\AdminAccessPermission->before(Object(CodeIgniter\HTTP\IncomingRequest), NULL)
#2 /home/megadri2/aoseugosto.eu.org/system/CodeIgniter.php(386): CodeIgniter\Filters\Filters->run('admin/settings/...', 'before')
#3 /home/megadri2/aoseugosto.eu.org/system/CodeIgniter.php(320): CodeIgniter\CodeIgniter->handleRequest(NULL, Object(Config\Cache), false)
#4 /home/megadri2/aoseugosto.eu.org/public/index.php(45): CodeIgniter\CodeIgniter->run()
#5 {main}
CRITICAL - 2023-05-01 22:11:39 --> no access
#0 /home/megadri2/aoseugosto.eu.org/app/Filters/AdminAccessPermission.php(51): App\Exceptions\AuthException::noAccess()
#1 /home/megadri2/aoseugosto.eu.org/system/Filters/Filters.php(174): App\Filters\AdminAccessPermission->before(Object(CodeIgniter\HTTP\IncomingRequest), NULL)
#2 /home/megadri2/aoseugosto.eu.org/system/CodeIgniter.php(386): CodeIgniter\Filters\Filters->run('admin/settings/...', 'before')
#3 /home/megadri2/aoseugosto.eu.org/system/CodeIgniter.php(320): CodeIgniter\CodeIgniter->handleRequest(NULL, Object(Config\Cache), false)
#4 /home/megadri2/aoseugosto.eu.org/public/index.php(45): CodeIgniter\CodeIgniter->run()
#5 {main}
CRITICAL - 2023-05-01 22:11:54 --> no access
#0 /home/megadri2/aoseugosto.eu.org/app/Filters/AdminAccessPermission.php(51): App\Exceptions\AuthException::noAccess()
#1 /home/megadri2/aoseugosto.eu.org/system/Filters/Filters.php(174): App\Filters\AdminAccessPermission->before(Object(CodeIgniter\HTTP\IncomingRequest), NULL)
#2 /home/megadri2/aoseugosto.eu.org/system/CodeIgniter.php(386): CodeIgniter\Filters\Filters->run('admin/settings/...', 'before')
#3 /home/megadri2/aoseugosto.eu.org/system/CodeIgniter.php(320): CodeIgniter\CodeIgniter->handleRequest(NULL, Object(Config\Cache), false)
#4 /home/megadri2/aoseugosto.eu.org/public/index.php(45): CodeIgniter\CodeIgniter->run()
#5 {main}
CRITICAL - 2023-05-01 22:19:17 --> array_map(): Expected parameter 2 to be an array, null given
#0 [internal function]: CodeIgniter\Debug\Exceptions->errorHandler(2, 'array_map(): Ex...', '/home/megadri2/...', 82, Array)
#1 /home/megadri2/aoseugosto.eu.org/app/Controllers/Admin/Settings/Servers.php(82): array_map('trim', NULL)
#2 /home/megadri2/aoseugosto.eu.org/system/CodeIgniter.php(830): App\Controllers\Admin\Settings\Servers->update()
#3 /home/megadri2/aoseugosto.eu.org/system/CodeIgniter.php(412): CodeIgniter\CodeIgniter->runController(Object(App\Controllers\Admin\Settings\Servers))
#4 /home/megadri2/aoseugosto.eu.org/system/CodeIgniter.php(320): CodeIgniter\CodeIgniter->handleRequest(NULL, Object(Config\Cache), false)
#5 /home/megadri2/aoseugosto.eu.org/public/index.php(45): CodeIgniter\CodeIgniter->run()
#6 {main}
CRITICAL - 2023-05-01 22:20:50 --> 6 : Could not resolve host: license.vipembed.com
#0 /home/megadri2/aoseugosto.eu.org/system/HTTP/CURLRequest.php(656): CodeIgniter\HTTP\Exceptions\HTTPException::forCurlError('6', 'Could not resol...')
#1 /home/megadri2/aoseugosto.eu.org/system/HTTP/CURLRequest.php(364): CodeIgniter\HTTP\CURLRequest->sendRequest(Array)
#2 /home/megadri2/aoseugosto.eu.org/system/HTTP/CURLRequest.php(140): CodeIgniter\HTTP\CURLRequest->send('get', 'https://license...')
#3 /home/megadri2/aoseugosto.eu.org/system/HTTP/CURLRequest.php(170): CodeIgniter\HTTP\CURLRequest->request('get', 'https://license...', Array)
#4 /home/megadri2/aoseugosto.eu.org/app/Controllers/Admin/Settings/License.php(74): CodeIgniter\HTTP\CURLRequest->get('https://license...')
#5 /home/megadri2/aoseugosto.eu.org/system/CodeIgniter.php(830): App\Controllers\Admin\Settings\License->check()
#6 /home/megadri2/aoseugosto.eu.org/system/CodeIgniter.php(412): CodeIgniter\CodeIgniter->runController(Object(App\Controllers\Admin\Settings\License))
#7 /home/megadri2/aoseugosto.eu.org/system/CodeIgniter.php(320): CodeIgniter\CodeIgniter->handleRequest(NULL, Object(Config\Cache), false)
#8 /home/megadri2/aoseugosto.eu.org/public/index.php(45): CodeIgniter\CodeIgniter->run()
#9 {main}
CRITICAL - 2023-05-01 22:20:51 --> 6 : Could not resolve host: license.vipembed.com
#0 /home/megadri2/aoseugosto.eu.org/system/HTTP/CURLRequest.php(656): CodeIgniter\HTTP\Exceptions\HTTPException::forCurlError('6', 'Could not resol...')
#1 /home/megadri2/aoseugosto.eu.org/system/HTTP/CURLRequest.php(364): CodeIgniter\HTTP\CURLRequest->sendRequest(Array)
#2 /home/megadri2/aoseugosto.eu.org/system/HTTP/CURLRequest.php(140): CodeIgniter\HTTP\CURLRequest->send('get', 'https://license...')
#3 /home/megadri2/aoseugosto.eu.org/system/HTTP/CURLRequest.php(170): CodeIgniter\HTTP\CURLRequest->request('get', 'https://license...', Array)
#4 /home/megadri2/aoseugosto.eu.org/app/Controllers/Admin/Settings/License.php(74): CodeIgniter\HTTP\CURLRequest->get('https://license...')
#5 /home/megadri2/aoseugosto.eu.org/system/CodeIgniter.php(830): App\Controllers\Admin\Settings\License->check()
#6 /home/megadri2/aoseugosto.eu.org/system/CodeIgniter.php(412): CodeIgniter\CodeIgniter->runController(Object(App\Controllers\Admin\Settings\License))
#7 /home/megadri2/aoseugosto.eu.org/system/CodeIgniter.php(320): CodeIgniter\CodeIgniter->handleRequest(NULL, Object(Config\Cache), false)
#8 /home/megadri2/aoseugosto.eu.org/public/index.php(45): CodeIgniter\CodeIgniter->run()
#9 {main}
CRITICAL - 2023-05-01 22:26:45 --> Return value of get_current_user_id() must be of the type int, null returned
#0 /home/megadri2/aoseugosto.eu.org/app/Controllers/User/Dashboard.php(31): get_current_user_id()
#1 /home/megadri2/aoseugosto.eu.org/system/CodeIgniter.php(830): App\Controllers\User\Dashboard->index()
#2 /home/megadri2/aoseugosto.eu.org/system/CodeIgniter.php(412): CodeIgniter\CodeIgniter->runController(Object(App\Controllers\User\Dashboard))
#3 /home/megadri2/aoseugosto.eu.org/system/CodeIgniter.php(320): CodeIgniter\CodeIgniter->handleRequest(NULL, Object(Config\Cache), false)
#4 /home/megadri2/aoseugosto.eu.org/public/index.php(45): CodeIgniter\CodeIgniter->run()
#5 {main}
CRITICAL - 2023-05-01 22:26:47 --> Return value of get_current_user_id() must be of the type int, null returned
#0 /home/megadri2/aoseugosto.eu.org/app/Controllers/User/Dashboard.php(31): get_current_user_id()
#1 /home/megadri2/aoseugosto.eu.org/system/CodeIgniter.php(830): App\Controllers\User\Dashboard->index()
#2 /home/megadri2/aoseugosto.eu.org/system/CodeIgniter.php(412): CodeIgniter\CodeIgniter->runController(Object(App\Controllers\User\Dashboard))
#3 /home/megadri2/aoseugosto.eu.org/system/CodeIgniter.php(320): CodeIgniter\CodeIgniter->handleRequest(NULL, Object(Config\Cache), false)
#4 /home/megadri2/aoseugosto.eu.org/public/index.php(45): CodeIgniter\CodeIgniter->run()
#5 {main}
CRITICAL - 2023-05-01 15:55:04 --> Class '¥App¥Models¥FailedMovies' not found
#0 /home/megadri2/aoseugosto.eu.org/system/View/View.php(210): include()
#1 /home/megadri2/aoseugosto.eu.org/system/View/View.php(213): CodeIgniter\View\View->CodeIgniter\View\{closure}()
#2 /home/megadri2/aoseugosto.eu.org/system/View/View.php(424): CodeIgniter\View\View->render('admin/__layout/...', NULL, true)
#3 /home/megadri2/aoseugosto.eu.org/app/Views/admin/__layout/default.php(4): CodeIgniter\View\View->include('admin/__layout/...')
#4 /home/megadri2/aoseugosto.eu.org/system/View/View.php(210): include('/home/megadri2/...')
#5 /home/megadri2/aoseugosto.eu.org/system/View/View.php(213): CodeIgniter\View\View->CodeIgniter\View\{closure}()
#6 /home/megadri2/aoseugosto.eu.org/system/View/View.php(226): CodeIgniter\View\View->render('admin/__layout/...', Array, true)
#7 /home/megadri2/aoseugosto.eu.org/system/Common.php(1128): CodeIgniter\View\View->render('admin/settings/...', Array, true)
#8 /home/megadri2/aoseugosto.eu.org/app/Controllers/Admin/Settings/License.php(48): view('admin/settings/...', Array)
#9 /home/megadri2/aoseugosto.eu.org/system/CodeIgniter.php(830): App\Controllers\Admin\Settings\License->index()
#10 /home/megadri2/aoseugosto.eu.org/system/CodeIgniter.php(412): CodeIgniter\CodeIgniter->runController(Object(App\Controllers\Admin\Settings\License))
#11 /home/megadri2/aoseugosto.eu.org/system/CodeIgniter.php(320): CodeIgniter\CodeIgniter->handleRequest(NULL, Object(Config\Cache), false)
#12 /home/megadri2/aoseugosto.eu.org/public/index.php(45): CodeIgniter\CodeIgniter->run()
#13 {main}
CRITICAL - 2023-05-01 15:57:22 --> Class '¥App¥Models¥FailedMovies' not found
#0 /home/megadri2/aoseugosto.eu.org/system/View/View.php(210): include()
#1 /home/megadri2/aoseugosto.eu.org/system/View/View.php(213): CodeIgniter\View\View->CodeIgniter\View\{closure}()
#2 /home/megadri2/aoseugosto.eu.org/system/View/View.php(424): CodeIgniter\View\View->render('admin/__layout/...', NULL, true)
#3 /home/megadri2/aoseugosto.eu.org/app/Views/admin/__layout/default.php(4): CodeIgniter\View\View->include('admin/__layout/...')
#4 /home/megadri2/aoseugosto.eu.org/system/View/View.php(210): include('/home/megadri2/...')
#5 /home/megadri2/aoseugosto.eu.org/system/View/View.php(213): CodeIgniter\View\View->CodeIgniter\View\{closure}()
#6 /home/megadri2/aoseugosto.eu.org/system/View/View.php(226): CodeIgniter\View\View->render('admin/__layout/...', Array, true)
#7 /home/megadri2/aoseugosto.eu.org/system/Common.php(1128): CodeIgniter\View\View->render('admin/settings/...', Array, true)
#8 /home/megadri2/aoseugosto.eu.org/app/Controllers/Admin/Settings/License.php(48): view('admin/settings/...', Array)
#9 /home/megadri2/aoseugosto.eu.org/system/CodeIgniter.php(830): App\Controllers\Admin\Settings\License->index()
#10 /home/megadri2/aoseugosto.eu.org/system/CodeIgniter.php(412): CodeIgniter\CodeIgniter->runController(Object(App\Controllers\Admin\Settings\License))
#11 /home/megadri2/aoseugosto.eu.org/system/CodeIgniter.php(320): CodeIgniter\CodeIgniter->handleRequest(NULL, Object(Config\Cache), false)
#12 /home/megadri2/aoseugosto.eu.org/public/index.php(45): CodeIgniter\CodeIgniter->run()
#13 {main}
CRITICAL - 2023-05-01 15:57:36 --> Class '¥App¥Models¥FailedMovies' not found
#0 /home/megadri2/aoseugosto.eu.org/system/View/View.php(210): include()
#1 /home/megadri2/aoseugosto.eu.org/system/View/View.php(213): CodeIgniter\View\View->CodeIgniter\View\{closure}()
#2 /home/megadri2/aoseugosto.eu.org/system/View/View.php(424): CodeIgniter\View\View->render('admin/__layout/...', NULL, true)
#3 /home/megadri2/aoseugosto.eu.org/app/Views/admin/__layout/default.php(4): CodeIgniter\View\View->include('admin/__layout/...')
#4 /home/megadri2/aoseugosto.eu.org/system/View/View.php(210): include('/home/megadri2/...')
#5 /home/megadri2/aoseugosto.eu.org/system/View/View.php(213): CodeIgniter\View\View->CodeIgniter\View\{closure}()
#6 /home/megadri2/aoseugosto.eu.org/system/View/View.php(226): CodeIgniter\View\View->render('admin/__layout/...', Array, true)
#7 /home/megadri2/aoseugosto.eu.org/system/Common.php(1128): CodeIgniter\View\View->render('admin/settings/...', Array, true)
#8 /home/megadri2/aoseugosto.eu.org/app/Controllers/Admin/Settings/License.php(48): view('admin/settings/...', Array)
#9 /home/megadri2/aoseugosto.eu.org/system/CodeIgniter.php(830): App\Controllers\Admin\Settings\License->index()
#10 /home/megadri2/aoseugosto.eu.org/system/CodeIgniter.php(412): CodeIgniter\CodeIgniter->runController(Object(App\Controllers\Admin\Settings\License))
#11 /home/megadri2/aoseugosto.eu.org/system/CodeIgniter.php(320): CodeIgniter\CodeIgniter->handleRequest(NULL, Object(Config\Cache), false)
#12 /home/megadri2/aoseugosto.eu.org/public/index.php(45): CodeIgniter\CodeIgniter->run()
#13 {main}
CRITICAL - 2023-05-01 16:00:09 --> Class '¥App¥Models¥FailedMovies' not found
#0 /home/megadri2/aoseugosto.eu.org/system/View/View.php(210): include()
#1 /home/megadri2/aoseugosto.eu.org/system/View/View.php(213): CodeIgniter\View\View->CodeIgniter\View\{closure}()
#2 /home/megadri2/aoseugosto.eu.org/system/View/View.php(424): CodeIgniter\View\View->render('admin/__layout/...', NULL, true)
#3 /home/megadri2/aoseugosto.eu.org/app/Views/admin/__layout/default.php(4): CodeIgniter\View\View->include('admin/__layout/...')
#4 /home/megadri2/aoseugosto.eu.org/system/View/View.php(210): include('/home/megadri2/...')
#5 /home/megadri2/aoseugosto.eu.org/system/View/View.php(213): CodeIgniter\View\View->CodeIgniter\View\{closure}()
#6 /home/megadri2/aoseugosto.eu.org/system/View/View.php(226): CodeIgniter\View\View->render('admin/__layout/...', Array, true)
#7 /home/megadri2/aoseugosto.eu.org/system/Common.php(1128): CodeIgniter\View\View->render('admin/settings/...', Array, true)
#8 /home/megadri2/aoseugosto.eu.org/app/Controllers/Admin/Settings/License.php(48): view('admin/settings/...', Array)
#9 /home/megadri2/aoseugosto.eu.org/system/CodeIgniter.php(830): App\Controllers\Admin\Settings\License->index()
#10 /home/megadri2/aoseugosto.eu.org/system/CodeIgniter.php(412): CodeIgniter\CodeIgniter->runController(Object(App\Controllers\Admin\Settings\License))
#11 /home/megadri2/aoseugosto.eu.org/system/CodeIgniter.php(320): CodeIgniter\CodeIgniter->handleRequest(NULL, Object(Config\Cache), false)
#12 /home/megadri2/aoseugosto.eu.org/public/index.php(45): CodeIgniter\CodeIgniter->run()
#13 {main}
CRITICAL - 2023-05-01 16:00:23 --> Class '¥App¥Models¥FailedMovies' not found
#0 /home/megadri2/aoseugosto.eu.org/system/View/View.php(210): include()
#1 /home/megadri2/aoseugosto.eu.org/system/View/View.php(213): CodeIgniter\View\View->CodeIgniter\View\{closure}()
#2 /home/megadri2/aoseugosto.eu.org/system/View/View.php(424): CodeIgniter\View\View->render('admin/__layout/...', NULL, true)
#3 /home/megadri2/aoseugosto.eu.org/app/Views/admin/__layout/default.php(4): CodeIgniter\View\View->include('admin/__layout/...')
#4 /home/megadri2/aoseugosto.eu.org/system/View/View.php(210): include('/home/megadri2/...')
#5 /home/megadri2/aoseugosto.eu.org/system/View/View.php(213): CodeIgniter\View\View->CodeIgniter\View\{closure}()
#6 /home/megadri2/aoseugosto.eu.org/system/View/View.php(226): CodeIgniter\View\View->render('admin/__layout/...', Array, true)
#7 /home/megadri2/aoseugosto.eu.org/system/Common.php(1128): CodeIgniter\View\View->render('admin/settings/...', Array, true)
#8 /home/megadri2/aoseugosto.eu.org/app/Controllers/Admin/Settings/License.php(48): view('admin/settings/...', Array)
#9 /home/megadri2/aoseugosto.eu.org/system/CodeIgniter.php(830): App\Controllers\Admin\Settings\License->index()
#10 /home/megadri2/aoseugosto.eu.org/system/CodeIgniter.php(412): CodeIgniter\CodeIgniter->runController(Object(App\Controllers\Admin\Settings\License))
#11 /home/megadri2/aoseugosto.eu.org/system/CodeIgniter.php(320): CodeIgniter\CodeIgniter->handleRequest(NULL, Object(Config\Cache), false)
#12 /home/megadri2/aoseugosto.eu.org/public/index.php(45): CodeIgniter\CodeIgniter->run()
#13 {main}
CRITICAL - 2023-05-01 16:00:24 --> Class '¥App¥Models¥FailedMovies' not found
#0 /home/megadri2/aoseugosto.eu.org/system/View/View.php(210): include()
#1 /home/megadri2/aoseugosto.eu.org/system/View/View.php(213): CodeIgniter\View\View->CodeIgniter\View\{closure}()
#2 /home/megadri2/aoseugosto.eu.org/system/View/View.php(424): CodeIgniter\View\View->render('admin/__layout/...', NULL, true)
#3 /home/megadri2/aoseugosto.eu.org/app/Views/admin/__layout/default.php(4): CodeIgniter\View\View->include('admin/__layout/...')
#4 /home/megadri2/aoseugosto.eu.org/system/View/View.php(210): include('/home/megadri2/...')
#5 /home/megadri2/aoseugosto.eu.org/system/View/View.php(213): CodeIgniter\View\View->CodeIgniter\View\{closure}()
#6 /home/megadri2/aoseugosto.eu.org/system/View/View.php(226): CodeIgniter\View\View->render('admin/__layout/...', Array, true)
#7 /home/megadri2/aoseugosto.eu.org/system/Common.php(1128): CodeIgniter\View\View->render('admin/settings/...', Array, true)
#8 /home/megadri2/aoseugosto.eu.org/app/Controllers/Admin/Settings/License.php(48): view('admin/settings/...', Array)
#9 /home/megadri2/aoseugosto.eu.org/system/CodeIgniter.php(830): App\Controllers\Admin\Settings\License->index()
#10 /home/megadri2/aoseugosto.eu.org/system/CodeIgniter.php(412): CodeIgniter\CodeIgniter->runController(Object(App\Controllers\Admin\Settings\License))
#11 /home/megadri2/aoseugosto.eu.org/system/CodeIgniter.php(320): CodeIgniter\CodeIgniter->handleRequest(NULL, Object(Config\Cache), false)
#12 /home/megadri2/aoseugosto.eu.org/public/index.php(45): CodeIgniter\CodeIgniter->run()
#13 {main}
CRITICAL - 2023-05-01 16:00:33 --> Class '¥App¥Models¥FailedMovies' not found
#0 /home/megadri2/aoseugosto.eu.org/system/View/View.php(210): include()
#1 /home/megadri2/aoseugosto.eu.org/system/View/View.php(213): CodeIgniter\View\View->CodeIgniter\View\{closure}()
#2 /home/megadri2/aoseugosto.eu.org/system/View/View.php(424): CodeIgniter\View\View->render('admin/__layout/...', NULL, true)
#3 /home/megadri2/aoseugosto.eu.org/app/Views/admin/__layout/default.php(4): CodeIgniter\View\View->include('admin/__layout/...')
#4 /home/megadri2/aoseugosto.eu.org/system/View/View.php(210): include('/home/megadri2/...')
#5 /home/megadri2/aoseugosto.eu.org/system/View/View.php(213): CodeIgniter\View\View->CodeIgniter\View\{closure}()
#6 /home/megadri2/aoseugosto.eu.org/system/View/View.php(226): CodeIgniter\View\View->render('admin/__layout/...', Array, true)
#7 /home/megadri2/aoseugosto.eu.org/system/Common.php(1128): CodeIgniter\View\View->render('admin/settings/...', Array, true)
#8 /home/megadri2/aoseugosto.eu.org/app/Controllers/Admin/Settings/License.php(48): view('admin/settings/...', Array)
#9 /home/megadri2/aoseugosto.eu.org/system/CodeIgniter.php(830): App\Controllers\Admin\Settings\License->index()
#10 /home/megadri2/aoseugosto.eu.org/system/CodeIgniter.php(412): CodeIgniter\CodeIgniter->runController(Object(App\Controllers\Admin\Settings\License))
#11 /home/megadri2/aoseugosto.eu.org/system/CodeIgniter.php(320): CodeIgniter\CodeIgniter->handleRequest(NULL, Object(Config\Cache), false)
#12 /home/megadri2/aoseugosto.eu.org/public/index.php(45): CodeIgniter\CodeIgniter->run()
#13 {main}
CRITICAL - 2023-05-01 16:00:43 --> Class '¥App¥Models¥FailedMovies' not found
#0 /home/megadri2/aoseugosto.eu.org/system/View/View.php(210): include()
#1 /home/megadri2/aoseugosto.eu.org/system/View/View.php(213): CodeIgniter\View\View->CodeIgniter\View\{closure}()
#2 /home/megadri2/aoseugosto.eu.org/system/View/View.php(424): CodeIgniter\View\View->render('admin/__layout/...', NULL, true)
#3 /home/megadri2/aoseugosto.eu.org/app/Views/admin/__layout/default.php(4): CodeIgniter\View\View->include('admin/__layout/...')
#4 /home/megadri2/aoseugosto.eu.org/system/View/View.php(210): include('/home/megadri2/...')
#5 /home/megadri2/aoseugosto.eu.org/system/View/View.php(213): CodeIgniter\View\View->CodeIgniter\View\{closure}()
#6 /home/megadri2/aoseugosto.eu.org/system/View/View.php(226): CodeIgniter\View\View->render('admin/__layout/...', Array, true)
#7 /home/megadri2/aoseugosto.eu.org/system/Common.php(1128): CodeIgniter\View\View->render('admin/settings/...', Array, true)
#8 /home/megadri2/aoseugosto.eu.org/app/Controllers/Admin/Settings/License.php(48): view('admin/settings/...', Array)
#9 /home/megadri2/aoseugosto.eu.org/system/CodeIgniter.php(830): App\Controllers\Admin\Settings\License->index()
#10 /home/megadri2/aoseugosto.eu.org/system/CodeIgniter.php(412): CodeIgniter\CodeIgniter->runController(Object(App\Controllers\Admin\Settings\License))
#11 /home/megadri2/aoseugosto.eu.org/system/CodeIgniter.php(320): CodeIgniter\CodeIgniter->handleRequest(NULL, Object(Config\Cache), false)
#12 /home/megadri2/aoseugosto.eu.org/public/index.php(45): CodeIgniter\CodeIgniter->run()
#13 {main}
CRITICAL - 2023-05-01 16:05:39 --> Class '¥App¥Models¥FailedMovies' not found
#0 /home/megadri2/aoseugosto.eu.org/system/View/View.php(210): include()
#1 /home/megadri2/aoseugosto.eu.org/system/View/View.php(213): CodeIgniter\View\View->CodeIgniter\View\{closure}()
#2 /home/megadri2/aoseugosto.eu.org/system/View/View.php(424): CodeIgniter\View\View->render('admin/__layout/...', NULL, true)
#3 /home/megadri2/aoseugosto.eu.org/app/Views/admin/__layout/default.php(4): CodeIgniter\View\View->include('admin/__layout/...')
#4 /home/megadri2/aoseugosto.eu.org/system/View/View.php(210): include('/home/megadri2/...')
#5 /home/megadri2/aoseugosto.eu.org/system/View/View.php(213): CodeIgniter\View\View->CodeIgniter\View\{closure}()
#6 /home/megadri2/aoseugosto.eu.org/system/View/View.php(226): CodeIgniter\View\View->render('admin/__layout/...', Array, true)
#7 /home/megadri2/aoseugosto.eu.org/system/Common.php(1128): CodeIgniter\View\View->render('admin/settings/...', Array, true)
#8 /home/megadri2/aoseugosto.eu.org/app/Controllers/Admin/Settings/License.php(48): view('admin/settings/...', Array)
#9 /home/megadri2/aoseugosto.eu.org/system/CodeIgniter.php(830): App\Controllers\Admin\Settings\License->index()
#10 /home/megadri2/aoseugosto.eu.org/system/CodeIgniter.php(412): CodeIgniter\CodeIgniter->runController(Object(App\Controllers\Admin\Settings\License))
#11 /home/megadri2/aoseugosto.eu.org/system/CodeIgniter.php(320): CodeIgniter\CodeIgniter->handleRequest(NULL, Object(Config\Cache), false)
#12 /home/megadri2/aoseugosto.eu.org/public/index.php(45): CodeIgniter\CodeIgniter->run()
#13 {main}
CRITICAL - 2023-05-01 16:31:38 --> Class '¥App¥Models¥FailedMovies' not found
#0 /home/megadri2/aoseugosto.eu.org/system/View/View.php(210): include()
#1 /home/megadri2/aoseugosto.eu.org/system/View/View.php(213): CodeIgniter\View\View->CodeIgniter\View\{closure}()
#2 /home/megadri2/aoseugosto.eu.org/system/View/View.php(424): CodeIgniter\View\View->render('admin/__layout/...', NULL, true)
#3 /home/megadri2/aoseugosto.eu.org/app/Views/admin/__layout/default.php(4): CodeIgniter\View\View->include('admin/__layout/...')
#4 /home/megadri2/aoseugosto.eu.org/system/View/View.php(210): include('/home/megadri2/...')
#5 /home/megadri2/aoseugosto.eu.org/system/View/View.php(213): CodeIgniter\View\View->CodeIgniter\View\{closure}()
#6 /home/megadri2/aoseugosto.eu.org/system/View/View.php(226): CodeIgniter\View\View->render('admin/__layout/...', Array, true)
#7 /home/megadri2/aoseugosto.eu.org/system/Common.php(1128): CodeIgniter\View\View->render('admin/settings/...', Array, true)
#8 /home/megadri2/aoseugosto.eu.org/app/Controllers/Admin/Settings/License.php(48): view('admin/settings/...', Array)
#9 /home/megadri2/aoseugosto.eu.org/system/CodeIgniter.php(830): App\Controllers\Admin\Settings\License->index()
#10 /home/megadri2/aoseugosto.eu.org/system/CodeIgniter.php(412): CodeIgniter\CodeIgniter->runController(Object(App\Controllers\Admin\Settings\License))
#11 /home/megadri2/aoseugosto.eu.org/system/CodeIgniter.php(320): CodeIgniter\CodeIgniter->handleRequest(NULL, Object(Config\Cache), false)
#12 /home/megadri2/aoseugosto.eu.org/public/index.php(45): CodeIgniter\CodeIgniter->run()
#13 {main}
CRITICAL - 2023-05-01 16:35:52 --> Class '¥App¥Models¥FailedMovies' not found
#0 /home/megadri2/aoseugosto.eu.org/system/View/View.php(210): include()
#1 /home/megadri2/aoseugosto.eu.org/system/View/View.php(213): CodeIgniter\View\View->CodeIgniter\View\{closure}()
#2 /home/megadri2/aoseugosto.eu.org/system/View/View.php(424): CodeIgniter\View\View->render('admin/__layout/...', NULL, true)
#3 /home/megadri2/aoseugosto.eu.org/app/Views/admin/__layout/default.php(4): CodeIgniter\View\View->include('admin/__layout/...')
#4 /home/megadri2/aoseugosto.eu.org/system/View/View.php(210): include('/home/megadri2/...')
#5 /home/megadri2/aoseugosto.eu.org/system/View/View.php(213): CodeIgniter\View\View->CodeIgniter\View\{closure}()
#6 /home/megadri2/aoseugosto.eu.org/system/View/View.php(226): CodeIgniter\View\View->render('admin/__layout/...', Array, true)
#7 /home/megadri2/aoseugosto.eu.org/system/Common.php(1128): CodeIgniter\View\View->render('admin/settings/...', Array, true)
#8 /home/megadri2/aoseugosto.eu.org/app/Controllers/Admin/Settings/General.php(30): view('admin/settings/...', Array)
#9 /home/megadri2/aoseugosto.eu.org/system/CodeIgniter.php(830): App\Controllers\Admin\Settings\General->index()
#10 /home/megadri2/aoseugosto.eu.org/system/CodeIgniter.php(412): CodeIgniter\CodeIgniter->runController(Object(App\Controllers\Admin\Settings\General))
#11 /home/megadri2/aoseugosto.eu.org/system/CodeIgniter.php(320): CodeIgniter\CodeIgniter->handleRequest(NULL, Object(Config\Cache), false)
#12 /home/megadri2/aoseugosto.eu.org/public/index.php(45): CodeIgniter\CodeIgniter->run()
#13 {main}
CRITICAL - 2023-05-01 18:35:50 --> syntax error, unexpected '&&' (T_BOOLEAN_AND)
#0 /home/megadri2/aoseugosto.eu.org/system/View/View.php(213): CodeIgniter\View\View->CodeIgniter\View\{closure}()
#1 /home/megadri2/aoseugosto.eu.org/system/View/View.php(424): CodeIgniter\View\View->render('themes/pirate/_...', NULL, true)
#2 /home/megadri2/aoseugosto.eu.org/app/Views/themes/pirate/__layout/header.php(47): CodeIgniter\View\View->include('themes/pirate/_...')
#3 /home/megadri2/aoseugosto.eu.org/system/View/View.php(210): include('/home/megadri2/...')
#4 /home/megadri2/aoseugosto.eu.org/system/View/View.php(213): CodeIgniter\View\View->CodeIgniter\View\{closure}()
#5 /home/megadri2/aoseugosto.eu.org/system/View/View.php(424): CodeIgniter\View\View->render('themes/pirate/_...', NULL, true)
#6 /home/megadri2/aoseugosto.eu.org/app/Views/themes/pirate/__layout/base.php(1): CodeIgniter\View\View->include('themes/pirate/_...')
#7 /home/megadri2/aoseugosto.eu.org/system/View/View.php(210): include('/home/megadri2/...')
#8 /home/megadri2/aoseugosto.eu.org/system/View/View.php(213): CodeIgniter\View\View->CodeIgniter\View\{closure}()
#9 /home/megadri2/aoseugosto.eu.org/system/View/View.php(226): CodeIgniter\View\View->render('themes/pirate/_...', Array, true)
#10 /home/megadri2/aoseugosto.eu.org/system/Common.php(1128): CodeIgniter\View\View->render('themes/pirate/h...', Array, true)
#11 /home/megadri2/aoseugosto.eu.org/app/Controllers/Home.php(102): view('themes/pirate/h...', Array)
#12 /home/megadri2/aoseugosto.eu.org/system/CodeIgniter.php(830): App\Controllers\Home->index()
#13 /home/megadri2/aoseugosto.eu.org/system/CodeIgniter.php(412): CodeIgniter\CodeIgniter->runController(Object(App\Controllers\Home))
#14 /home/megadri2/aoseugosto.eu.org/system/CodeIgniter.php(320): CodeIgniter\CodeIgniter->handleRequest(NULL, Object(Config\Cache), false)
#15 /home/megadri2/aoseugosto.eu.org/public/index.php(45): CodeIgniter\CodeIgniter->run()
#16 {main}
CRITICAL - 2023-05-01 18:36:15 --> http_build_query() expects parameter 1 to be array, string given
#0 [internal function]: CodeIgniter\Debug\Exceptions->errorHandler(2, 'http_build_quer...', '/home/megadri2/...', 293, Array)
#1 /home/megadri2/aoseugosto.eu.org/app/Helpers/general_helper.php(293): http_build_query('/gerador')
#2 /home/megadri2/aoseugosto.eu.org/app/Views/themes/pirate/__layout/navbar.php(27): library_url('/gerador')
#3 /home/megadri2/aoseugosto.eu.org/system/View/View.php(210): include('/home/megadri2/...')
#4 /home/megadri2/aoseugosto.eu.org/system/View/View.php(213): CodeIgniter\View\View->CodeIgniter\View\{closure}()
#5 /home/megadri2/aoseugosto.eu.org/system/View/View.php(424): CodeIgniter\View\View->render('themes/pirate/_...', NULL, true)
#6 /home/megadri2/aoseugosto.eu.org/app/Views/themes/pirate/__layout/header.php(47): CodeIgniter\View\View->include('themes/pirate/_...')
#7 /home/megadri2/aoseugosto.eu.org/system/View/View.php(210): include('/home/megadri2/...')
#8 /home/megadri2/aoseugosto.eu.org/system/View/View.php(213): CodeIgniter\View\View->CodeIgniter\View\{closure}()
#9 /home/megadri2/aoseugosto.eu.org/system/View/View.php(424): CodeIgniter\View\View->render('themes/pirate/_...', NULL, true)
#10 /home/megadri2/aoseugosto.eu.org/app/Views/themes/pirate/__layout/base.php(1): CodeIgniter\View\View->include('themes/pirate/_...')
#11 /home/megadri2/aoseugosto.eu.org/system/View/View.php(210): include('/home/megadri2/...')
#12 /home/megadri2/aoseugosto.eu.org/system/View/View.php(213): CodeIgniter\View\View->CodeIgniter\View\{closure}()
#13 /home/megadri2/aoseugosto.eu.org/system/View/View.php(226): CodeIgniter\View\View->render('themes/pirate/_...', Array, true)
#14 /home/megadri2/aoseugosto.eu.org/system/Common.php(1128): CodeIgniter\View\View->render('themes/pirate/h...', Array, true)
#15 /home/megadri2/aoseugosto.eu.org/app/Controllers/Home.php(102): view('themes/pirate/h...', Array)
#16 /home/megadri2/aoseugosto.eu.org/system/CodeIgniter.php(830): App\Controllers\Home->index()
#17 /home/megadri2/aoseugosto.eu.org/system/CodeIgniter.php(412): CodeIgniter\CodeIgniter->runController(Object(App\Controllers\Home))
#18 /home/megadri2/aoseugosto.eu.org/system/CodeIgniter.php(320): CodeIgniter\CodeIgniter->handleRequest(NULL, Object(Config\Cache), false)
#19 /home/megadri2/aoseugosto.eu.org/public/index.php(45): CodeIgniter\CodeIgniter->run()
#20 {main}
CRITICAL - 2023-05-01 18:36:17 --> http_build_query() expects parameter 1 to be array, string given
#0 [internal function]: CodeIgniter\Debug\Exceptions->errorHandler(2, 'http_build_quer...', '/home/megadri2/...', 293, Array)
#1 /home/megadri2/aoseugosto.eu.org/app/Helpers/general_helper.php(293): http_build_query('/gerador')
#2 /home/megadri2/aoseugosto.eu.org/app/Views/themes/pirate/__layout/navbar.php(27): library_url('/gerador')
#3 /home/megadri2/aoseugosto.eu.org/system/View/View.php(210): include('/home/megadri2/...')
#4 /home/megadri2/aoseugosto.eu.org/system/View/View.php(213): CodeIgniter\View\View->CodeIgniter\View\{closure}()
#5 /home/megadri2/aoseugosto.eu.org/system/View/View.php(424): CodeIgniter\View\View->render('themes/pirate/_...', NULL, true)
#6 /home/megadri2/aoseugosto.eu.org/app/Views/themes/pirate/__layout/header.php(47): CodeIgniter\View\View->include('themes/pirate/_...')
#7 /home/megadri2/aoseugosto.eu.org/system/View/View.php(210): include('/home/megadri2/...')
#8 /home/megadri2/aoseugosto.eu.org/system/View/View.php(213): CodeIgniter\View\View->CodeIgniter\View\{closure}()
#9 /home/megadri2/aoseugosto.eu.org/system/View/View.php(424): CodeIgniter\View\View->render('themes/pirate/_...', NULL, true)
#10 /home/megadri2/aoseugosto.eu.org/app/Views/themes/pirate/__layout/base.php(1): CodeIgniter\View\View->include('themes/pirate/_...')
#11 /home/megadri2/aoseugosto.eu.org/system/View/View.php(210): include('/home/megadri2/...')
#12 /home/megadri2/aoseugosto.eu.org/system/View/View.php(213): CodeIgniter\View\View->CodeIgniter\View\{closure}()
#13 /home/megadri2/aoseugosto.eu.org/system/View/View.php(226): CodeIgniter\View\View->render('themes/pirate/_...', Array, true)
#14 /home/megadri2/aoseugosto.eu.org/system/Common.php(1128): CodeIgniter\View\View->render('themes/pirate/h...', Array, true)
#15 /home/megadri2/aoseugosto.eu.org/app/Controllers/Home.php(102): view('themes/pirate/h...', Array)
#16 /home/megadri2/aoseugosto.eu.org/system/CodeIgniter.php(830): App\Controllers\Home->index()
#17 /home/megadri2/aoseugosto.eu.org/system/CodeIgniter.php(412): CodeIgniter\CodeIgniter->runController(Object(App\Controllers\Home))
#18 /home/megadri2/aoseugosto.eu.org/system/CodeIgniter.php(320): CodeIgniter\CodeIgniter->handleRequest(NULL, Object(Config\Cache), false)
#19 /home/megadri2/aoseugosto.eu.org/public/index.php(45): CodeIgniter\CodeIgniter->run()
#20 {main}
CRITICAL - 2023-05-01 18:36:43 --> http_build_query() expects parameter 1 to be array, string given
#0 [internal function]: CodeIgniter\Debug\Exceptions->errorHandler(2, 'http_build_quer...', '/home/megadri2/...', 293, Array)
#1 /home/megadri2/aoseugosto.eu.org/app/Helpers/general_helper.php(293): http_build_query('/gerador')
#2 /home/megadri2/aoseugosto.eu.org/app/Views/themes/pirate/__layout/navbar.php(27): library_url('/gerador')
#3 /home/megadri2/aoseugosto.eu.org/system/View/View.php(210): include('/home/megadri2/...')
#4 /home/megadri2/aoseugosto.eu.org/system/View/View.php(213): CodeIgniter\View\View->CodeIgniter\View\{closure}()
#5 /home/megadri2/aoseugosto.eu.org/system/View/View.php(424): CodeIgniter\View\View->render('themes/pirate/_...', NULL, true)
#6 /home/megadri2/aoseugosto.eu.org/app/Views/themes/pirate/__layout/header.php(47): CodeIgniter\View\View->include('themes/pirate/_...')
#7 /home/megadri2/aoseugosto.eu.org/system/View/View.php(210): include('/home/megadri2/...')
#8 /home/megadri2/aoseugosto.eu.org/system/View/View.php(213): CodeIgniter\View\View->CodeIgniter\View\{closure}()
#9 /home/megadri2/aoseugosto.eu.org/system/View/View.php(424): CodeIgniter\View\View->render('themes/pirate/_...', NULL, true)
#10 /home/megadri2/aoseugosto.eu.org/app/Views/themes/pirate/__layout/base.php(1): CodeIgniter\View\View->include('themes/pirate/_...')
#11 /home/megadri2/aoseugosto.eu.org/system/View/View.php(210): include('/home/megadri2/...')
#12 /home/megadri2/aoseugosto.eu.org/system/View/View.php(213): CodeIgniter\View\View->CodeIgniter\View\{closure}()
#13 /home/megadri2/aoseugosto.eu.org/system/View/View.php(226): CodeIgniter\View\View->render('themes/pirate/_...', Array, true)
#14 /home/megadri2/aoseugosto.eu.org/system/Common.php(1128): CodeIgniter\View\View->render('themes/pirate/h...', Array, true)
#15 /home/megadri2/aoseugosto.eu.org/app/Controllers/Home.php(102): view('themes/pirate/h...', Array)
#16 /home/megadri2/aoseugosto.eu.org/system/CodeIgniter.php(830): App\Controllers\Home->index()
#17 /home/megadri2/aoseugosto.eu.org/system/CodeIgniter.php(412): CodeIgniter\CodeIgniter->runController(Object(App\Controllers\Home))
#18 /home/megadri2/aoseugosto.eu.org/system/CodeIgniter.php(320): CodeIgniter\CodeIgniter->handleRequest(NULL, Object(Config\Cache), false)
#19 /home/megadri2/aoseugosto.eu.org/public/index.php(45): CodeIgniter\CodeIgniter->run()
#20 {main}
CRITICAL - 2023-05-01 20:17:48 --> Call to undefined function esc_html_e()
#0 /home/megadri2/aoseugosto.eu.org/system/View/View.php(210): include()
#1 /home/megadri2/aoseugosto.eu.org/system/View/View.php(213): CodeIgniter\View\View->CodeIgniter\View\{closure}()
#2 /home/megadri2/aoseugosto.eu.org/system/View/View.php(424): CodeIgniter\View\View->render('admin/settings/...', NULL, true)
#3 /home/megadri2/aoseugosto.eu.org/app/Views/admin/settings/site/index.php(35): CodeIgniter\View\View->include('admin/settings/...')
#4 /home/megadri2/aoseugosto.eu.org/system/View/View.php(210): include('/home/megadri2/...')
#5 /home/megadri2/aoseugosto.eu.org/system/View/View.php(213): CodeIgniter\View\View->CodeIgniter\View\{closure}()
#6 /home/megadri2/aoseugosto.eu.org/system/Common.php(1128): CodeIgniter\View\View->render('admin/settings/...', Array, true)
#7 /home/megadri2/aoseugosto.eu.org/app/Controllers/Admin/Settings/Site.php(30): view('admin/settings/...', Array)
#8 /home/megadri2/aoseugosto.eu.org/system/CodeIgniter.php(830): App\Controllers\Admin\Settings\Site->index()
#9 /home/megadri2/aoseugosto.eu.org/system/CodeIgniter.php(412): CodeIgniter\CodeIgniter->runController(Object(App\Controllers\Admin\Settings\Site))
#10 /home/megadri2/aoseugosto.eu.org/system/CodeIgniter.php(320): CodeIgniter\CodeIgniter->handleRequest(NULL, Object(Config\Cache), false)
#11 /home/megadri2/aoseugosto.eu.org/public/index.php(45): CodeIgniter\CodeIgniter->run()
#12 {main}
CRITICAL - 2023-05-01 20:55:21 --> Use of undefined constant getplay - assumed 'getplay' (this will throw an Error in a future version of PHP)
#0 /home/megadri2/aoseugosto.eu.org/app/Views/themes/pirate/embed.php(62): CodeIgniter\Debug\Exceptions->errorHandler(2, 'Use of undefine...', '/home/megadri2/...', 62, Array)
#1 /home/megadri2/aoseugosto.eu.org/system/View/View.php(210): include('/home/megadri2/...')
#2 /home/megadri2/aoseugosto.eu.org/system/View/View.php(213): CodeIgniter\View\View->CodeIgniter\View\{closure}()
#3 /home/megadri2/aoseugosto.eu.org/system/Common.php(1128): CodeIgniter\View\View->render('themes/pirate/e...', Array, true)
#4 /home/megadri2/aoseugosto.eu.org/app/Controllers/Embed.php(111): view('themes/pirate/e...', Array)
#5 /home/megadri2/aoseugosto.eu.org/app/Controllers/Embed.php(245): App\Controllers\Embed->view('648579')
#6 /home/megadri2/aoseugosto.eu.org/system/CodeIgniter.php(830): App\Controllers\Embed->movie()
#7 /home/megadri2/aoseugosto.eu.org/system/CodeIgniter.php(412): CodeIgniter\CodeIgniter->runController(Object(App\Controllers\Embed))
#8 /home/megadri2/aoseugosto.eu.org/system/CodeIgniter.php(320): CodeIgniter\CodeIgniter->handleRequest(NULL, Object(Config\Cache), false)
#9 /home/megadri2/aoseugosto.eu.org/public/index.php(45): CodeIgniter\CodeIgniter->run()
#10 {main}
CRITICAL - 2023-05-01 20:55:41 --> Use of undefined constant getplay - assumed 'getplay' (this will throw an Error in a future version of PHP)
#0 /home/megadri2/aoseugosto.eu.org/app/Views/themes/pirate/embed.php(62): CodeIgniter\Debug\Exceptions->errorHandler(2, 'Use of undefine...', '/home/megadri2/...', 62, Array)
#1 /home/megadri2/aoseugosto.eu.org/system/View/View.php(210): include('/home/megadri2/...')
#2 /home/megadri2/aoseugosto.eu.org/system/View/View.php(213): CodeIgniter\View\View->CodeIgniter\View\{closure}()
#3 /home/megadri2/aoseugosto.eu.org/system/Common.php(1128): CodeIgniter\View\View->render('themes/pirate/e...', Array, true)
#4 /home/megadri2/aoseugosto.eu.org/app/Controllers/Embed.php(111): view('themes/pirate/e...', Array)
#5 /home/megadri2/aoseugosto.eu.org/app/Controllers/Embed.php(245): App\Controllers\Embed->view('648579')
#6 /home/megadri2/aoseugosto.eu.org/system/CodeIgniter.php(830): App\Controllers\Embed->movie()
#7 /home/megadri2/aoseugosto.eu.org/system/CodeIgniter.php(412): CodeIgniter\CodeIgniter->runController(Object(App\Controllers\Embed))
#8 /home/megadri2/aoseugosto.eu.org/system/CodeIgniter.php(320): CodeIgniter\CodeIgniter->handleRequest(NULL, Object(Config\Cache), false)
#9 /home/megadri2/aoseugosto.eu.org/public/index.php(45): CodeIgniter\CodeIgniter->run()
#10 {main}
CRITICAL - 2023-05-01 21:04:10 --> Call to undefined function add_action()
#0 /home/megadri2/aoseugosto.eu.org/app/Views/themes/pirate/embed.php(749): DooPlayer->__construct()
#1 /home/megadri2/aoseugosto.eu.org/system/View/View.php(210): include('/home/megadri2/...')
#2 /home/megadri2/aoseugosto.eu.org/system/View/View.php(213): CodeIgniter\View\View->CodeIgniter\View\{closure}()
#3 /home/megadri2/aoseugosto.eu.org/system/Common.php(1128): CodeIgniter\View\View->render('themes/pirate/e...', Array, true)
#4 /home/megadri2/aoseugosto.eu.org/app/Controllers/Embed.php(111): view('themes/pirate/e...', Array)
#5 /home/megadri2/aoseugosto.eu.org/app/Controllers/Embed.php(245): App\Controllers\Embed->view('1009772')
#6 /home/megadri2/aoseugosto.eu.org/system/CodeIgniter.php(830): App\Controllers\Embed->movie()
#7 /home/megadri2/aoseugosto.eu.org/system/CodeIgniter.php(412): CodeIgniter\CodeIgniter->runController(Object(App\Controllers\Embed))
#8 /home/megadri2/aoseugosto.eu.org/system/CodeIgniter.php(320): CodeIgniter\CodeIgniter->handleRequest(NULL, Object(Config\Cache), false)
#9 /home/megadri2/aoseugosto.eu.org/public/index.php(45): CodeIgniter\CodeIgniter->run()
#10 {main}
CRITICAL - 2023-05-01 21:10:06 --> Call to a member function getViewLink() on null
#0 /home/megadri2/aoseugosto.eu.org/system/View/View.php(210): include()
#1 /home/megadri2/aoseugosto.eu.org/system/View/View.php(213): CodeIgniter\View\View->CodeIgniter\View\{closure}()
#2 /home/megadri2/aoseugosto.eu.org/system/Common.php(1128): CodeIgniter\View\View->render('themes/pirate/d...', Array, true)
#3 /home/megadri2/aoseugosto.eu.org/app/Controllers/Download.php(125): view('themes/pirate/d...', Array)
#4 /home/megadri2/aoseugosto.eu.org/system/CodeIgniter.php(830): App\Controllers\Download->view('934433')
#5 /home/megadri2/aoseugosto.eu.org/system/CodeIgniter.php(412): CodeIgniter\CodeIgniter->runController(Object(App\Controllers\Download))
#6 /home/megadri2/aoseugosto.eu.org/system/CodeIgniter.php(320): CodeIgniter\CodeIgniter->handleRequest(NULL, Object(Config\Cache), false)
#7 /home/megadri2/aoseugosto.eu.org/public/index.php(45): CodeIgniter\CodeIgniter->run()
#8 {main}
CRITICAL - 2023-05-01 23:55:02 --> syntax error, unexpected 'de' (T_STRING), expecting ')'
#0 /home/megadri2/aoseugosto.eu.org/system/View/View.php(213): CodeIgniter\View\View->CodeIgniter\View\{closure}()
#1 /home/megadri2/aoseugosto.eu.org/system/View/View.php(424): CodeIgniter\View\View->render('admin/users/for...', NULL, true)
#2 /home/megadri2/aoseugosto.eu.org/app/Views/admin/users/edit.php(11): CodeIgniter\View\View->include('admin/users/for...')
#3 /home/megadri2/aoseugosto.eu.org/system/View/View.php(210): include('/home/megadri2/...')
#4 /home/megadri2/aoseugosto.eu.org/system/View/View.php(213): CodeIgniter\View\View->CodeIgniter\View\{closure}()
#5 /home/megadri2/aoseugosto.eu.org/system/Common.php(1128): CodeIgniter\View\View->render('admin/users/edi...', Array, true)
#6 /home/megadri2/aoseugosto.eu.org/app/Controllers/Admin/Users.php(77): view('admin/users/edi...', Array)
#7 /home/megadri2/aoseugosto.eu.org/system/CodeIgniter.php(830): App\Controllers\Admin\Users->edit('32')
#8 /home/megadri2/aoseugosto.eu.org/system/CodeIgniter.php(412): CodeIgniter\CodeIgniter->runController(Object(App\Controllers\Admin\Users))
#9 /home/megadri2/aoseugosto.eu.org/system/CodeIgniter.php(320): CodeIgniter\CodeIgniter->handleRequest(NULL, Object(Config\Cache), false)
#10 /home/megadri2/aoseugosto.eu.org/public/index.php(45): CodeIgniter\CodeIgniter->run()
#11 {main}
CRITICAL - 2023-05-01 23:56:02 --> syntax error, unexpected 'de' (T_STRING), expecting ')'
#0 /home/megadri2/aoseugosto.eu.org/system/View/View.php(213): CodeIgniter\View\View->CodeIgniter\View\{closure}()
#1 /home/megadri2/aoseugosto.eu.org/system/View/View.php(424): CodeIgniter\View\View->render('admin/users/for...', NULL, true)
#2 /home/megadri2/aoseugosto.eu.org/app/Views/admin/users/edit.php(11): CodeIgniter\View\View->include('admin/users/for...')
#3 /home/megadri2/aoseugosto.eu.org/system/View/View.php(210): include('/home/megadri2/...')
#4 /home/megadri2/aoseugosto.eu.org/system/View/View.php(213): CodeIgniter\View\View->CodeIgniter\View\{closure}()
#5 /home/megadri2/aoseugosto.eu.org/system/Common.php(1128): CodeIgniter\View\View->render('admin/users/edi...', Array, true)
#6 /home/megadri2/aoseugosto.eu.org/app/Controllers/Admin/Users.php(77): view('admin/users/edi...', Array)
#7 /home/megadri2/aoseugosto.eu.org/system/CodeIgniter.php(830): App\Controllers\Admin\Users->edit('32')
#8 /home/megadri2/aoseugosto.eu.org/system/CodeIgniter.php(412): CodeIgniter\CodeIgniter->runController(Object(App\Controllers\Admin\Users))
#9 /home/megadri2/aoseugosto.eu.org/system/CodeIgniter.php(320): CodeIgniter\CodeIgniter->handleRequest(NULL, Object(Config\Cache), false)
#10 /home/megadri2/aoseugosto.eu.org/public/index.php(45): CodeIgniter\CodeIgniter->run()
#11 {main}
CRITICAL - 2023-05-01 23:56:19 --> syntax error, unexpected 'de' (T_STRING), expecting ')'
#0 /home/megadri2/aoseugosto.eu.org/system/View/View.php(213): CodeIgniter\View\View->CodeIgniter\View\{closure}()
#1 /home/megadri2/aoseugosto.eu.org/system/View/View.php(424): CodeIgniter\View\View->render('admin/users/for...', NULL, true)
#2 /home/megadri2/aoseugosto.eu.org/app/Views/admin/users/edit.php(11): CodeIgniter\View\View->include('admin/users/for...')
#3 /home/megadri2/aoseugosto.eu.org/system/View/View.php(210): include('/home/megadri2/...')
#4 /home/megadri2/aoseugosto.eu.org/system/View/View.php(213): CodeIgniter\View\View->CodeIgniter\View\{closure}()
#5 /home/megadri2/aoseugosto.eu.org/system/Common.php(1128): CodeIgniter\View\View->render('admin/users/edi...', Array, true)
#6 /home/megadri2/aoseugosto.eu.org/app/Controllers/Admin/Users.php(77): view('admin/users/edi...', Array)
#7 /home/megadri2/aoseugosto.eu.org/system/CodeIgniter.php(830): App\Controllers\Admin\Users->edit('32')
#8 /home/megadri2/aoseugosto.eu.org/system/CodeIgniter.php(412): CodeIgniter\CodeIgniter->runController(Object(App\Controllers\Admin\Users))
#9 /home/megadri2/aoseugosto.eu.org/system/CodeIgniter.php(320): CodeIgniter\CodeIgniter->handleRequest(NULL, Object(Config\Cache), false)
#10 /home/megadri2/aoseugosto.eu.org/public/index.php(45): CodeIgniter\CodeIgniter->run()
#11 {main}
