CRITICAL - 2023-09-16 02:29:08 --> Call to a member function getViewLink() on null
#0 /home/nobrefli/aoseugosto.eu.org/system/View/View.php(210): include()
#1 /home/nobrefli/aoseugosto.eu.org/system/View/View.php(213): CodeIgniter\View\View->CodeIgniter\View\{closure}()
#2 /home/nobrefli/aoseugosto.eu.org/system/Common.php(1128): CodeIgniter\View\View->render('themes/pirate/d...', Array, true)
#3 /home/nobrefli/aoseugosto.eu.org/app/Controllers/Download.php(125): view('themes/pirate/d...', Array)
#4 /home/nobrefli/aoseugosto.eu.org/system/CodeIgniter.php(830): App\Controllers\Download->view('1313-harley-qui...')
#5 /home/nobrefli/aoseugosto.eu.org/system/CodeIgniter.php(412): CodeIgniter\CodeIgniter->runController(Object(App\Controllers\Download))
#6 /home/nobrefli/aoseugosto.eu.org/system/CodeIgniter.php(320): CodeIgniter\CodeIgniter->handleRequest(NULL, Object(Config\Cache), false)
#7 /home/nobrefli/aoseugosto.eu.org/public/index.php(45): CodeIgniter\CodeIgniter->run()
#8 {main}
CRITICAL - 2023-09-16 03:00:31 --> Call to a member function getViewLink() on null
#0 /home/nobrefli/aoseugosto.eu.org/system/View/View.php(210): include()
#1 /home/nobrefli/aoseugosto.eu.org/system/View/View.php(213): CodeIgniter\View\View->CodeIgniter\View\{closure}()
#2 /home/nobrefli/aoseugosto.eu.org/system/Common.php(1128): CodeIgniter\View\View->render('themes/pirate/d...', Array, true)
#3 /home/nobrefli/aoseugosto.eu.org/app/Controllers/Download.php(125): view('themes/pirate/d...', Array)
#4 /home/nobrefli/aoseugosto.eu.org/system/CodeIgniter.php(830): App\Controllers\Download->view('42--mr-bean-199...')
#5 /home/nobrefli/aoseugosto.eu.org/system/CodeIgniter.php(412): CodeIgniter\CodeIgniter->runController(Object(App\Controllers\Download))
#6 /home/nobrefli/aoseugosto.eu.org/system/CodeIgniter.php(320): CodeIgniter\CodeIgniter->handleRequest(NULL, Object(Config\Cache), false)
#7 /home/nobrefli/aoseugosto.eu.org/public/index.php(45): CodeIgniter\CodeIgniter->run()
#8 {main}
CRITICAL - 2023-09-16 04:14:48 --> Call to a member function getViewLink() on null
#0 /home/nobrefli/aoseugosto.eu.org/system/View/View.php(210): include()
#1 /home/nobrefli/aoseugosto.eu.org/system/View/View.php(213): CodeIgniter\View\View->CodeIgniter\View\{closure}()
#2 /home/nobrefli/aoseugosto.eu.org/system/Common.php(1128): CodeIgniter\View\View->render('themes/pirate/d...', Array, true)
#3 /home/nobrefli/aoseugosto.eu.org/app/Controllers/Download.php(125): view('themes/pirate/d...', Array)
#4 /home/nobrefli/aoseugosto.eu.org/app/Controllers/Embed.php(245): App\Controllers\Download->view(1743)
#5 /home/nobrefli/aoseugosto.eu.org/system/CodeIgniter.php(830): App\Controllers\Embed->movie()
#6 /home/nobrefli/aoseugosto.eu.org/system/CodeIgniter.php(412): CodeIgniter\CodeIgniter->runController(Object(App\Controllers\Download))
#7 /home/nobrefli/aoseugosto.eu.org/system/CodeIgniter.php(320): CodeIgniter\CodeIgniter->handleRequest(NULL, Object(Config\Cache), false)
#8 /home/nobrefli/aoseugosto.eu.org/public/index.php(45): CodeIgniter\CodeIgniter->run()
#9 {main}
CRITICAL - 2023-09-16 07:50:56 --> Call to a member function getViewLink() on null
#0 /home/nobrefli/aoseugosto.eu.org/system/View/View.php(210): include()
#1 /home/nobrefli/aoseugosto.eu.org/system/View/View.php(213): CodeIgniter\View\View->CodeIgniter\View\{closure}()
#2 /home/nobrefli/aoseugosto.eu.org/system/Common.php(1128): CodeIgniter\View\View->render('themes/pirate/d...', Array, true)
#3 /home/nobrefli/aoseugosto.eu.org/app/Controllers/Download.php(125): view('themes/pirate/d...', Array)
#4 /home/nobrefli/aoseugosto.eu.org/system/CodeIgniter.php(830): App\Controllers\Download->view('1078-jogos-mort...')
#5 /home/nobrefli/aoseugosto.eu.org/system/CodeIgniter.php(412): CodeIgniter\CodeIgniter->runController(Object(App\Controllers\Download))
#6 /home/nobrefli/aoseugosto.eu.org/system/CodeIgniter.php(320): CodeIgniter\CodeIgniter->handleRequest(NULL, Object(Config\Cache), false)
#7 /home/nobrefli/aoseugosto.eu.org/public/index.php(45): CodeIgniter\CodeIgniter->run()
#8 {main}
CRITICAL - 2023-09-16 08:15:20 --> Call to a member function getViewLink() on null
#0 /home/nobrefli/aoseugosto.eu.org/system/View/View.php(210): include()
#1 /home/nobrefli/aoseugosto.eu.org/system/View/View.php(213): CodeIgniter\View\View->CodeIgniter\View\{closure}()
#2 /home/nobrefli/aoseugosto.eu.org/system/Common.php(1128): CodeIgniter\View\View->render('themes/pirate/d...', Array, true)
#3 /home/nobrefli/aoseugosto.eu.org/app/Controllers/Download.php(125): view('themes/pirate/d...', Array)
#4 /home/nobrefli/aoseugosto.eu.org/system/CodeIgniter.php(830): App\Controllers\Download->view('46-as-aventuras...')
#5 /home/nobrefli/aoseugosto.eu.org/system/CodeIgniter.php(412): CodeIgniter\CodeIgniter->runController(Object(App\Controllers\Download))
#6 /home/nobrefli/aoseugosto.eu.org/system/CodeIgniter.php(320): CodeIgniter\CodeIgniter->handleRequest(NULL, Object(Config\Cache), false)
#7 /home/nobrefli/aoseugosto.eu.org/public/index.php(45): CodeIgniter\CodeIgniter->run()
#8 {main}
ERROR - 2023-09-16 20:24:52 --> Table 'nobrefli_embed2.settings' doesn't exist
CRITICAL - 2023-09-16 20:24:52 --> Call to a member function getResultArray() on bool
#0 /home/nobrefli/aoseugosto.eu.org/system/Config/Factories.php(110): App\Config\Settings->__construct()
#1 /home/nobrefli/aoseugosto.eu.org/system/Common.php(198): CodeIgniter\Config\Factories::__callStatic('config', Array)
#2 /home/nobrefli/aoseugosto.eu.org/app/Helpers/config_helper.php(8): config('Settings')
#3 /home/nobrefli/aoseugosto.eu.org/app/Helpers/config_helper.php(65): get_config('embed_slug')
#4 /home/nobrefli/aoseugosto.eu.org/app/Config/Routes.php(115): embed_slug()
#5 /home/nobrefli/aoseugosto.eu.org/system/CodeIgniter.php(711): require('/home/nobrefli/...')
#6 /home/nobrefli/aoseugosto.eu.org/system/CodeIgniter.php(361): CodeIgniter\CodeIgniter->tryToRouteIt(Object(CodeIgniter\Router\RouteCollection))
#7 /home/nobrefli/aoseugosto.eu.org/system/CodeIgniter.php(320): CodeIgniter\CodeIgniter->handleRequest(NULL, Object(Config\Cache), false)
#8 /home/nobrefli/aoseugosto.eu.org/public/index.php(45): CodeIgniter\CodeIgniter->run()
#9 {main}
ERROR - 2023-09-16 20:24:55 --> Table 'nobrefli_embed2.settings' doesn't exist
CRITICAL - 2023-09-16 20:24:55 --> Call to a member function getResultArray() on bool
#0 /home/nobrefli/aoseugosto.eu.org/system/Config/Factories.php(110): App\Config\Settings->__construct()
#1 /home/nobrefli/aoseugosto.eu.org/system/Common.php(198): CodeIgniter\Config\Factories::__callStatic('config', Array)
#2 /home/nobrefli/aoseugosto.eu.org/app/Helpers/config_helper.php(8): config('Settings')
#3 /home/nobrefli/aoseugosto.eu.org/app/Helpers/config_helper.php(65): get_config('embed_slug')
#4 /home/nobrefli/aoseugosto.eu.org/app/Config/Routes.php(115): embed_slug()
#5 /home/nobrefli/aoseugosto.eu.org/system/CodeIgniter.php(711): require('/home/nobrefli/...')
#6 /home/nobrefli/aoseugosto.eu.org/system/CodeIgniter.php(361): CodeIgniter\CodeIgniter->tryToRouteIt(Object(CodeIgniter\Router\RouteCollection))
#7 /home/nobrefli/aoseugosto.eu.org/system/CodeIgniter.php(320): CodeIgniter\CodeIgniter->handleRequest(NULL, Object(Config\Cache), false)
#8 /home/nobrefli/aoseugosto.eu.org/public/index.php(45): CodeIgniter\CodeIgniter->run()
#9 {main}
ERROR - 2023-09-16 20:25:06 --> Table 'nobrefli_embed2.settings' doesn't exist
CRITICAL - 2023-09-16 20:25:06 --> Call to a member function getResultArray() on bool
#0 /home/nobrefli/aoseugosto.eu.org/system/Config/Factories.php(110): App\Config\Settings->__construct()
#1 /home/nobrefli/aoseugosto.eu.org/system/Common.php(198): CodeIgniter\Config\Factories::__callStatic('config', Array)
#2 /home/nobrefli/aoseugosto.eu.org/app/Helpers/config_helper.php(8): config('Settings')
#3 /home/nobrefli/aoseugosto.eu.org/app/Helpers/config_helper.php(65): get_config('embed_slug')
#4 /home/nobrefli/aoseugosto.eu.org/app/Config/Routes.php(115): embed_slug()
#5 /home/nobrefli/aoseugosto.eu.org/system/CodeIgniter.php(711): require('/home/nobrefli/...')
#6 /home/nobrefli/aoseugosto.eu.org/system/CodeIgniter.php(361): CodeIgniter\CodeIgniter->tryToRouteIt(Object(CodeIgniter\Router\RouteCollection))
#7 /home/nobrefli/aoseugosto.eu.org/system/CodeIgniter.php(320): CodeIgniter\CodeIgniter->handleRequest(NULL, Object(Config\Cache), false)
#8 /home/nobrefli/aoseugosto.eu.org/public/index.php(45): CodeIgniter\CodeIgniter->run()
#9 {main}
ERROR - 2023-09-16 20:25:06 --> Table 'nobrefli_embed2.settings' doesn't exist
CRITICAL - 2023-09-16 20:25:06 --> Call to a member function getResultArray() on bool
#0 /home/nobrefli/aoseugosto.eu.org/system/Config/Factories.php(110): App\Config\Settings->__construct()
#1 /home/nobrefli/aoseugosto.eu.org/system/Common.php(198): CodeIgniter\Config\Factories::__callStatic('config', Array)
#2 /home/nobrefli/aoseugosto.eu.org/app/Helpers/config_helper.php(8): config('Settings')
#3 /home/nobrefli/aoseugosto.eu.org/app/Helpers/config_helper.php(65): get_config('embed_slug')
#4 /home/nobrefli/aoseugosto.eu.org/app/Config/Routes.php(115): embed_slug()
#5 /home/nobrefli/aoseugosto.eu.org/system/CodeIgniter.php(711): require('/home/nobrefli/...')
#6 /home/nobrefli/aoseugosto.eu.org/system/CodeIgniter.php(361): CodeIgniter\CodeIgniter->tryToRouteIt(Object(CodeIgniter\Router\RouteCollection))
#7 /home/nobrefli/aoseugosto.eu.org/system/CodeIgniter.php(320): CodeIgniter\CodeIgniter->handleRequest(NULL, Object(Config\Cache), false)
#8 /home/nobrefli/aoseugosto.eu.org/public/index.php(45): CodeIgniter\CodeIgniter->run()
#9 {main}
ERROR - 2023-09-16 20:25:07 --> Table 'nobrefli_embed2.settings' doesn't exist
CRITICAL - 2023-09-16 20:25:07 --> Call to a member function getResultArray() on bool
#0 /home/nobrefli/aoseugosto.eu.org/system/Config/Factories.php(110): App\Config\Settings->__construct()
#1 /home/nobrefli/aoseugosto.eu.org/system/Common.php(198): CodeIgniter\Config\Factories::__callStatic('config', Array)
#2 /home/nobrefli/aoseugosto.eu.org/app/Helpers/config_helper.php(8): config('Settings')
#3 /home/nobrefli/aoseugosto.eu.org/app/Helpers/config_helper.php(65): get_config('embed_slug')
#4 /home/nobrefli/aoseugosto.eu.org/app/Config/Routes.php(115): embed_slug()
#5 /home/nobrefli/aoseugosto.eu.org/system/CodeIgniter.php(711): require('/home/nobrefli/...')
#6 /home/nobrefli/aoseugosto.eu.org/system/CodeIgniter.php(361): CodeIgniter\CodeIgniter->tryToRouteIt(Object(CodeIgniter\Router\RouteCollection))
#7 /home/nobrefli/aoseugosto.eu.org/system/CodeIgniter.php(320): CodeIgniter\CodeIgniter->handleRequest(NULL, Object(Config\Cache), false)
#8 /home/nobrefli/aoseugosto.eu.org/public/index.php(45): CodeIgniter\CodeIgniter->run()
#9 {main}
ERROR - 2023-09-16 20:25:09 --> Table 'nobrefli_embed2.settings' doesn't exist
CRITICAL - 2023-09-16 20:25:09 --> Call to a member function getResultArray() on bool
#0 /home/nobrefli/aoseugosto.eu.org/system/Config/Factories.php(110): App\Config\Settings->__construct()
#1 /home/nobrefli/aoseugosto.eu.org/system/Common.php(198): CodeIgniter\Config\Factories::__callStatic('config', Array)
#2 /home/nobrefli/aoseugosto.eu.org/app/Helpers/config_helper.php(8): config('Settings')
#3 /home/nobrefli/aoseugosto.eu.org/app/Helpers/config_helper.php(65): get_config('embed_slug')
#4 /home/nobrefli/aoseugosto.eu.org/app/Config/Routes.php(115): embed_slug()
#5 /home/nobrefli/aoseugosto.eu.org/system/CodeIgniter.php(711): require('/home/nobrefli/...')
#6 /home/nobrefli/aoseugosto.eu.org/system/CodeIgniter.php(361): CodeIgniter\CodeIgniter->tryToRouteIt(Object(CodeIgniter\Router\RouteCollection))
#7 /home/nobrefli/aoseugosto.eu.org/system/CodeIgniter.php(320): CodeIgniter\CodeIgniter->handleRequest(NULL, Object(Config\Cache), false)
#8 /home/nobrefli/aoseugosto.eu.org/public/index.php(45): CodeIgniter\CodeIgniter->run()
#9 {main}
ERROR - 2023-09-16 20:25:10 --> Table 'nobrefli_embed2.settings' doesn't exist
CRITICAL - 2023-09-16 20:25:10 --> Call to a member function getResultArray() on bool
#0 /home/nobrefli/aoseugosto.eu.org/system/Config/Factories.php(110): App\Config\Settings->__construct()
#1 /home/nobrefli/aoseugosto.eu.org/system/Common.php(198): CodeIgniter\Config\Factories::__callStatic('config', Array)
#2 /home/nobrefli/aoseugosto.eu.org/app/Helpers/config_helper.php(8): config('Settings')
#3 /home/nobrefli/aoseugosto.eu.org/app/Helpers/config_helper.php(65): get_config('embed_slug')
#4 /home/nobrefli/aoseugosto.eu.org/app/Config/Routes.php(115): embed_slug()
#5 /home/nobrefli/aoseugosto.eu.org/system/CodeIgniter.php(711): require('/home/nobrefli/...')
#6 /home/nobrefli/aoseugosto.eu.org/system/CodeIgniter.php(361): CodeIgniter\CodeIgniter->tryToRouteIt(Object(CodeIgniter\Router\RouteCollection))
#7 /home/nobrefli/aoseugosto.eu.org/system/CodeIgniter.php(320): CodeIgniter\CodeIgniter->handleRequest(NULL, Object(Config\Cache), false)
#8 /home/nobrefli/aoseugosto.eu.org/public/index.php(45): CodeIgniter\CodeIgniter->run()
#9 {main}
ERROR - 2023-09-16 20:25:16 --> Table 'nobrefli_embed2.settings' doesn't exist
CRITICAL - 2023-09-16 20:25:16 --> Call to a member function getResultArray() on bool
#0 /home/nobrefli/aoseugosto.eu.org/system/Config/Factories.php(110): App\Config\Settings->__construct()
#1 /home/nobrefli/aoseugosto.eu.org/system/Common.php(198): CodeIgniter\Config\Factories::__callStatic('config', Array)
#2 /home/nobrefli/aoseugosto.eu.org/app/Helpers/config_helper.php(8): config('Settings')
#3 /home/nobrefli/aoseugosto.eu.org/app/Helpers/config_helper.php(65): get_config('embed_slug')
#4 /home/nobrefli/aoseugosto.eu.org/app/Config/Routes.php(115): embed_slug()
#5 /home/nobrefli/aoseugosto.eu.org/system/CodeIgniter.php(711): require('/home/nobrefli/...')
#6 /home/nobrefli/aoseugosto.eu.org/system/CodeIgniter.php(361): CodeIgniter\CodeIgniter->tryToRouteIt(Object(CodeIgniter\Router\RouteCollection))
#7 /home/nobrefli/aoseugosto.eu.org/system/CodeIgniter.php(320): CodeIgniter\CodeIgniter->handleRequest(NULL, Object(Config\Cache), false)
#8 /home/nobrefli/aoseugosto.eu.org/public/index.php(45): CodeIgniter\CodeIgniter->run()
#9 {main}
ERROR - 2023-09-16 20:25:17 --> Table 'nobrefli_embed2.settings' doesn't exist
CRITICAL - 2023-09-16 20:25:17 --> Call to a member function getResultArray() on bool
#0 /home/nobrefli/aoseugosto.eu.org/system/Config/Factories.php(110): App\Config\Settings->__construct()
#1 /home/nobrefli/aoseugosto.eu.org/system/Common.php(198): CodeIgniter\Config\Factories::__callStatic('config', Array)
#2 /home/nobrefli/aoseugosto.eu.org/app/Helpers/config_helper.php(8): config('Settings')
#3 /home/nobrefli/aoseugosto.eu.org/app/Helpers/config_helper.php(65): get_config('embed_slug')
#4 /home/nobrefli/aoseugosto.eu.org/app/Config/Routes.php(115): embed_slug()
#5 /home/nobrefli/aoseugosto.eu.org/system/CodeIgniter.php(711): require('/home/nobrefli/...')
#6 /home/nobrefli/aoseugosto.eu.org/system/CodeIgniter.php(361): CodeIgniter\CodeIgniter->tryToRouteIt(Object(CodeIgniter\Router\RouteCollection))
#7 /home/nobrefli/aoseugosto.eu.org/system/CodeIgniter.php(320): CodeIgniter\CodeIgniter->handleRequest(NULL, Object(Config\Cache), false)
#8 /home/nobrefli/aoseugosto.eu.org/public/index.php(45): CodeIgniter\CodeIgniter->run()
#9 {main}
ERROR - 2023-09-16 20:25:18 --> Table 'nobrefli_embed2.settings' doesn't exist
CRITICAL - 2023-09-16 20:25:18 --> Call to a member function getResultArray() on bool
#0 /home/nobrefli/aoseugosto.eu.org/system/Config/Factories.php(110): App\Config\Settings->__construct()
#1 /home/nobrefli/aoseugosto.eu.org/system/Common.php(198): CodeIgniter\Config\Factories::__callStatic('config', Array)
#2 /home/nobrefli/aoseugosto.eu.org/app/Helpers/config_helper.php(8): config('Settings')
#3 /home/nobrefli/aoseugosto.eu.org/app/Helpers/config_helper.php(65): get_config('embed_slug')
#4 /home/nobrefli/aoseugosto.eu.org/app/Config/Routes.php(115): embed_slug()
#5 /home/nobrefli/aoseugosto.eu.org/system/CodeIgniter.php(711): require('/home/nobrefli/...')
#6 /home/nobrefli/aoseugosto.eu.org/system/CodeIgniter.php(361): CodeIgniter\CodeIgniter->tryToRouteIt(Object(CodeIgniter\Router\RouteCollection))
#7 /home/nobrefli/aoseugosto.eu.org/system/CodeIgniter.php(320): CodeIgniter\CodeIgniter->handleRequest(NULL, Object(Config\Cache), false)
#8 /home/nobrefli/aoseugosto.eu.org/public/index.php(45): CodeIgniter\CodeIgniter->run()
#9 {main}
ERROR - 2023-09-16 20:25:19 --> Table 'nobrefli_embed2.settings' doesn't exist
CRITICAL - 2023-09-16 20:25:19 --> Call to a member function getResultArray() on bool
#0 /home/nobrefli/aoseugosto.eu.org/system/Config/Factories.php(110): App\Config\Settings->__construct()
#1 /home/nobrefli/aoseugosto.eu.org/system/Common.php(198): CodeIgniter\Config\Factories::__callStatic('config', Array)
#2 /home/nobrefli/aoseugosto.eu.org/app/Helpers/config_helper.php(8): config('Settings')
#3 /home/nobrefli/aoseugosto.eu.org/app/Helpers/config_helper.php(65): get_config('embed_slug')
#4 /home/nobrefli/aoseugosto.eu.org/app/Config/Routes.php(115): embed_slug()
#5 /home/nobrefli/aoseugosto.eu.org/system/CodeIgniter.php(711): require('/home/nobrefli/...')
#6 /home/nobrefli/aoseugosto.eu.org/system/CodeIgniter.php(361): CodeIgniter\CodeIgniter->tryToRouteIt(Object(CodeIgniter\Router\RouteCollection))
#7 /home/nobrefli/aoseugosto.eu.org/system/CodeIgniter.php(320): CodeIgniter\CodeIgniter->handleRequest(NULL, Object(Config\Cache), false)
#8 /home/nobrefli/aoseugosto.eu.org/public/index.php(45): CodeIgniter\CodeIgniter->run()
#9 {main}
CRITICAL - 2023-09-16 12:31:56 --> Call to a member function getViewLink() on null
#0 /home/nobrefli/aoseugosto.eu.org/system/View/View.php(210): include()
#1 /home/nobrefli/aoseugosto.eu.org/system/View/View.php(213): CodeIgniter\View\View->CodeIgniter\View\{closure}()
#2 /home/nobrefli/aoseugosto.eu.org/system/Common.php(1128): CodeIgniter\View\View->render('themes/pirate/d...', Array, true)
#3 /home/nobrefli/aoseugosto.eu.org/app/Controllers/Download.php(125): view('themes/pirate/d...', Array)
#4 /home/nobrefli/aoseugosto.eu.org/system/CodeIgniter.php(830): App\Controllers\Download->view('1098-mr-bean-se...')
#5 /home/nobrefli/aoseugosto.eu.org/system/CodeIgniter.php(412): CodeIgniter\CodeIgniter->runController(Object(App\Controllers\Download))
#6 /home/nobrefli/aoseugosto.eu.org/system/CodeIgniter.php(320): CodeIgniter\CodeIgniter->handleRequest(NULL, Object(Config\Cache), false)
#7 /home/nobrefli/aoseugosto.eu.org/public/index.php(45): CodeIgniter\CodeIgniter->run()
#8 {main}
CRITICAL - 2023-09-16 13:35:38 --> Call to a member function getViewLink() on null
#0 /home/nobrefli/aoseugosto.eu.org/system/View/View.php(210): include()
#1 /home/nobrefli/aoseugosto.eu.org/system/View/View.php(213): CodeIgniter\View\View->CodeIgniter\View\{closure}()
#2 /home/nobrefli/aoseugosto.eu.org/system/Common.php(1128): CodeIgniter\View\View->render('themes/pirate/d...', Array, true)
#3 /home/nobrefli/aoseugosto.eu.org/app/Controllers/Download.php(125): view('themes/pirate/d...', Array)
#4 /home/nobrefli/aoseugosto.eu.org/system/CodeIgniter.php(830): App\Controllers\Download->view('1261-a-casa-das...')
#5 /home/nobrefli/aoseugosto.eu.org/system/CodeIgniter.php(412): CodeIgniter\CodeIgniter->runController(Object(App\Controllers\Download))
#6 /home/nobrefli/aoseugosto.eu.org/system/CodeIgniter.php(320): CodeIgniter\CodeIgniter->handleRequest(NULL, Object(Config\Cache), false)
#7 /home/nobrefli/aoseugosto.eu.org/public/index.php(45): CodeIgniter\CodeIgniter->run()
#8 {main}
CRITICAL - 2023-09-16 14:58:27 --> Call to a member function getViewLink() on null
#0 /home/nobrefli/aoseugosto.eu.org/system/View/View.php(210): include()
#1 /home/nobrefli/aoseugosto.eu.org/system/View/View.php(213): CodeIgniter\View\View->CodeIgniter\View\{closure}()
#2 /home/nobrefli/aoseugosto.eu.org/system/Common.php(1128): CodeIgniter\View\View->render('themes/pirate/d...', Array, true)
#3 /home/nobrefli/aoseugosto.eu.org/app/Controllers/Download.php(125): view('themes/pirate/d...', Array)
#4 /home/nobrefli/aoseugosto.eu.org/system/CodeIgniter.php(830): App\Controllers\Download->view('1516-dr\xC3\xA1cula-a...')
#5 /home/nobrefli/aoseugosto.eu.org/system/CodeIgniter.php(412): CodeIgniter\CodeIgniter->runController(Object(App\Controllers\Download))
#6 /home/nobrefli/aoseugosto.eu.org/system/CodeIgniter.php(320): CodeIgniter\CodeIgniter->handleRequest(NULL, Object(Config\Cache), false)
#7 /home/nobrefli/aoseugosto.eu.org/public/index.php(45): CodeIgniter\CodeIgniter->run()
#8 {main}
CRITICAL - 2023-09-16 18:37:42 --> Call to a member function getViewLink() on null
#0 /home/nobrefli/aoseugosto.eu.org/system/View/View.php(210): include()
#1 /home/nobrefli/aoseugosto.eu.org/system/View/View.php(213): CodeIgniter\View\View->CodeIgniter\View\{closure}()
#2 /home/nobrefli/aoseugosto.eu.org/system/Common.php(1128): CodeIgniter\View\View->render('themes/pirate/d...', Array, true)
#3 /home/nobrefli/aoseugosto.eu.org/app/Controllers/Download.php(125): view('themes/pirate/d...', Array)
#4 /home/nobrefli/aoseugosto.eu.org/system/CodeIgniter.php(830): App\Controllers\Download->view('1500-bleach-sea...')
#5 /home/nobrefli/aoseugosto.eu.org/system/CodeIgniter.php(412): CodeIgniter\CodeIgniter->runController(Object(App\Controllers\Download))
#6 /home/nobrefli/aoseugosto.eu.org/system/CodeIgniter.php(320): CodeIgniter\CodeIgniter->handleRequest(NULL, Object(Config\Cache), false)
#7 /home/nobrefli/aoseugosto.eu.org/public/index.php(45): CodeIgniter\CodeIgniter->run()
#8 {main}
CRITICAL - 2023-09-16 19:29:23 --> Call to a member function getViewLink() on null
#0 /home/nobrefli/aoseugosto.eu.org/system/View/View.php(210): include()
#1 /home/nobrefli/aoseugosto.eu.org/system/View/View.php(213): CodeIgniter\View\View->CodeIgniter\View\{closure}()
#2 /home/nobrefli/aoseugosto.eu.org/system/Common.php(1128): CodeIgniter\View\View->render('themes/pirate/d...', Array, true)
#3 /home/nobrefli/aoseugosto.eu.org/app/Controllers/Download.php(125): view('themes/pirate/d...', Array)
#4 /home/nobrefli/aoseugosto.eu.org/system/CodeIgniter.php(830): App\Controllers\Download->view('49--harley-quin...')
#5 /home/nobrefli/aoseugosto.eu.org/system/CodeIgniter.php(412): CodeIgniter\CodeIgniter->runController(Object(App\Controllers\Download))
#6 /home/nobrefli/aoseugosto.eu.org/system/CodeIgniter.php(320): CodeIgniter\CodeIgniter->handleRequest(NULL, Object(Config\Cache), false)
#7 /home/nobrefli/aoseugosto.eu.org/public/index.php(45): CodeIgniter\CodeIgniter->run()
#8 {main}
CRITICAL - 2023-09-16 20:26:57 --> Call to a member function getViewLink() on null
#0 /home/nobrefli/aoseugosto.eu.org/system/View/View.php(210): include()
#1 /home/nobrefli/aoseugosto.eu.org/system/View/View.php(213): CodeIgniter\View\View->CodeIgniter\View\{closure}()
#2 /home/nobrefli/aoseugosto.eu.org/system/Common.php(1128): CodeIgniter\View\View->render('themes/pirate/d...', Array, true)
#3 /home/nobrefli/aoseugosto.eu.org/app/Controllers/Download.php(125): view('themes/pirate/d...', Array)
#4 /home/nobrefli/aoseugosto.eu.org/system/CodeIgniter.php(830): App\Controllers\Download->view('1266-o-pequeno-...')
#5 /home/nobrefli/aoseugosto.eu.org/system/CodeIgniter.php(412): CodeIgniter\CodeIgniter->runController(Object(App\Controllers\Download))
#6 /home/nobrefli/aoseugosto.eu.org/system/CodeIgniter.php(320): CodeIgniter\CodeIgniter->handleRequest(NULL, Object(Config\Cache), false)
#7 /home/nobrefli/aoseugosto.eu.org/public/index.php(45): CodeIgniter\CodeIgniter->run()
#8 {main}
